
                         MODELLER 10.1, 2021/03/12, r12156

     PROTEIN STRUCTURE MODELLING BY SATISFACTION OF SPATIAL RESTRAINTS


                     Copyright(c) 1989-2021 Andrej Sali
                            All Rights Reserved

                             Written by A. Sali
                               with help from
              B. Webb, M.S. Madhusudhan, M-Y. Shen, G.Q. Dong,
          M.A. Marti-Renom, N. Eswar, F. Alber, M. Topf, B. Oliva,
             A. Fiser, R. Sanchez, B. Yerkovich, A. Badretdinov,
                     F. Melo, J.P. Overington, E. Feyfant
                 University of California, San Francisco, USA
                    Rockefeller University, New York, USA
                      Harvard University, Cambridge, USA
                   Imperial Cancer Research Fund, London, UK
              Birkbeck College, University of London, London, UK


Kind, OS, HostName, Kernel, Processor: 4, Darwin Emilys-MBP-3.hsd1.co.comcast.net 19.6.0 x86_64
Date and time of compilation         : 2021/03/11 16:15:42
MODELLER executable type             : mac10v4-intel64
Job starting time (YY/MM/DD HH:MM:SS): 2021/05/19 01:41:48

Total CPU time [seconds]                                 :       0.54
