
                         MODELLER 10.1, 2021/03/12, r12156

     PROTEIN STRUCTURE MODELLING BY SATISFACTION OF SPATIAL RESTRAINTS


                     Copyright(c) 1989-2021 Andrej Sali
                            All Rights Reserved

                             Written by A. Sali
                               with help from
              B. Webb, M.S. Madhusudhan, M-Y. Shen, G.Q. Dong,
          M.A. Marti-Renom, N. Eswar, F. Alber, M. Topf, B. Oliva,
             A. Fiser, R. Sanchez, B. Yerkovich, A. Badretdinov,
                     F. Melo, J.P. Overington, E. Feyfant
                 University of California, San Francisco, USA
                    Rockefeller University, New York, USA
                      Harvard University, Cambridge, USA
                   Imperial Cancer Research Fund, London, UK
              Birkbeck College, University of London, London, UK


Kind, OS, HostName, Kernel, Processor: 4, Darwin cu-biotgw-4-10.219.134.237.int.colorado.edu 19.6.0 x86_64
Date and time of compilation         : 2021/03/11 16:15:42
MODELLER executable type             : mac10v4-intel64
Job starting time (YY/MM/DD HH:MM:SS): 2021/05/18 17:07:46

openf___224_> Open           $(LIB)/restyp.lib
openf___224_> Open           ${MODINSTALL10v1}/modlib/resgrp.lib
rdresgr_266_> Number of residue groups:        2
openf___224_> Open           ${MODINSTALL10v1}/modlib/sstruc.lib

Dynamically allocated memory at   amaxlibraries [B,KiB,MiB]:       191566     187.076     0.183

Dynamically allocated memory at   amaxlibraries [B,KiB,MiB]:       192094     187.592     0.183
openf___224_> Open           ${MODINSTALL10v1}/modlib/resdih.lib

Dynamically allocated memory at   amaxlibraries [B,KiB,MiB]:       240694     235.053     0.230
rdrdih__263_> Number of dihedral angle types         :        9
              Maximal number of dihedral angle optima:        3
              Dihedral angle names                   :  Alph Phi Psi Omeg chi1 chi2 chi3 chi4 chi5
openf___224_> Open           ${MODINSTALL10v1}/modlib/radii.lib

Dynamically allocated memory at   amaxlibraries [B,KiB,MiB]:       253994     248.041     0.242
openf___224_> Open           ${MODINSTALL10v1}/modlib/af_mnchdef.lib
rdwilmo_274_> Mainchain residue conformation classes:  APBLE
openf___224_> Open           ${MODINSTALL10v1}/modlib/mnch.lib
rdclass_257_> Number of classes:        5
openf___224_> Open           ${MODINSTALL10v1}/modlib/mnch1.lib
openf___224_> Open           ${MODINSTALL10v1}/modlib/mnch2.lib
openf___224_> Open           ${MODINSTALL10v1}/modlib/mnch3.lib
openf___224_> Open           ${MODINSTALL10v1}/modlib/xs4.mat
rdrrwgh_268_> Number of residue types:       21
openf___224_> Open           alignment.ali

Dynamically allocated memory at   amaxalignment [B,KiB,MiB]:       266151     259.913     0.254

Dynamically allocated memory at   amaxalignment [B,KiB,MiB]:       267601     261.329     0.255

Dynamically allocated memory at   amaxalignment [B,KiB,MiB]:       270501     264.161     0.258

Dynamically allocated memory at   amaxalignment [B,KiB,MiB]:       276301     269.825     0.264

Dynamically allocated memory at   amaxalignment [B,KiB,MiB]:       287901     281.153     0.275

Dynamically allocated memory at   amaxalignment [B,KiB,MiB]:       528709     516.317     0.504

Dynamically allocated memory at    amaxsequence [B,KiB,MiB]:       528737     516.345     0.504

Dynamically allocated memory at    amaxsequence [B,KiB,MiB]:       528765     516.372     0.504

Dynamically allocated memory at    amaxsequence [B,KiB,MiB]:       528793     516.399     0.504

Dynamically allocated memory at    amaxsequence [B,KiB,MiB]:       528821     516.427     0.504

Dynamically allocated memory at    amaxsequence [B,KiB,MiB]:       528849     516.454     0.504

Dynamically allocated memory at    amaxsequence [B,KiB,MiB]:       528877     516.481     0.504

Dynamically allocated memory at    amaxsequence [B,KiB,MiB]:       531081     518.634     0.506

Dynamically allocated memory at    amaxsequence [B,KiB,MiB]:       533293     520.794     0.509

Read the alignment from file       : alignment.ali

Total number of alignment positions:   554

  #  Code        #_Res #_Segm PDB_code    Name
-------------------------------------------------------------------------------
  1       6b9z     552      4        6b9z MOL_ID  1; MOLECULE  TRASTUZUMAB FAB LIGHT CHAIN; CHAIN  A; SYNONYM  HERCEPTIN F
  2  6b9z_fill     554      4
check_a_343_> >> BEGINNING OF COMMAND
openf___224_> Open           ./6b9z.pdb

Dynamically allocated memory at amaxcoordinates [B,KiB,MiB]:       700618     684.197     0.668

Dynamically allocated memory at    amaxsequence [B,KiB,MiB]:       700618     684.197     0.668

Dynamically allocated memory at amaxcoordinates [B,KiB,MiB]:       700789     684.364     0.668

Dynamically allocated memory at amaxcoordinates [B,KiB,MiB]:       701639     685.194     0.669

Dynamically allocated memory at amaxcoordinates [B,KiB,MiB]:       702897     686.423     0.670

Dynamically allocated memory at amaxcoordinates [B,KiB,MiB]:       704801     688.282     0.672

Dynamically allocated memory at    amaxsequence [B,KiB,MiB]:       704801     688.282     0.672

Dynamically allocated memory at amaxcoordinates [B,KiB,MiB]:       704891     688.370     0.672

Dynamically allocated memory at amaxcoordinates [B,KiB,MiB]:       707747     691.159     0.675

Dynamically allocated memory at    amaxsequence [B,KiB,MiB]:       707747     691.159     0.675

Dynamically allocated memory at amaxcoordinates [B,KiB,MiB]:       707882     691.291     0.675

Dynamically allocated memory at amaxcoordinates [B,KiB,MiB]:       712166     695.475     0.679

Dynamically allocated memory at    amaxsequence [B,KiB,MiB]:       712166     695.475     0.679

Dynamically allocated memory at amaxcoordinates [B,KiB,MiB]:       712364     695.668     0.679

Dynamically allocated memory at amaxcoordinates [B,KiB,MiB]:       718790     701.943     0.685

Dynamically allocated memory at    amaxsequence [B,KiB,MiB]:       718790     701.943     0.685

Dynamically allocated memory at amaxcoordinates [B,KiB,MiB]:       719087     702.233     0.686

Dynamically allocated memory at amaxcoordinates [B,KiB,MiB]:       728709     711.630     0.695

Dynamically allocated memory at    amaxsequence [B,KiB,MiB]:       728709     711.630     0.695

Dynamically allocated memory at amaxcoordinates [B,KiB,MiB]:       729159     712.069     0.695

Dynamically allocated memory at amaxcoordinates [B,KiB,MiB]:       743609     726.181     0.709

Dynamically allocated memory at    amaxsequence [B,KiB,MiB]:       743609     726.181     0.709

Dynamically allocated memory at amaxcoordinates [B,KiB,MiB]:       744284     726.840     0.710

Dynamically allocated memory at amaxcoordinates [B,KiB,MiB]:       765942     747.990     0.730

Dynamically allocated memory at    amaxsequence [B,KiB,MiB]:       765942     747.990     0.730

Dynamically allocated memory at amaxcoordinates [B,KiB,MiB]:       765942     747.990     0.730

Dynamically allocated memory at    amaxsequence [B,KiB,MiB]:       765942     747.990     0.730

Dynamically allocated memory at amaxcoordinates [B,KiB,MiB]:       766950     748.975     0.731

Dynamically allocated memory at amaxcoordinates [B,KiB,MiB]:       799454     780.717     0.762

Dynamically allocated memory at    amaxsequence [B,KiB,MiB]:       799454     780.717     0.762

Dynamically allocated memory at amaxcoordinates [B,KiB,MiB]:       800966     782.193     0.764

Dynamically allocated memory at amaxcoordinates [B,KiB,MiB]:       849722     829.807     0.810

Dynamically allocated memory at    amaxsequence [B,KiB,MiB]:       849722     829.807     0.810

Dynamically allocated memory at amaxcoordinates [B,KiB,MiB]:       851990     832.021     0.813

Dynamically allocated memory at   amaxstructure [B,KiB,MiB]:       850145     830.220     0.811

check_ali___> Checking the sequence-structure alignment. 

Implied intrachain target CA(i)-CA(i+1) distances longer than  8.0 angstroms:

ALN_POS  TMPL  RID1  RID2  NAM1  NAM2     DIST
----------------------------------------------
END OF TABLE
check_a_344_> << END OF COMMAND
openf___224_> Open           ${LIB}/top_heav.lib
read_to_681_> topology.submodel read from topology file:        3
openf___224_> Open           ${LIB}/par.lib

Dynamically allocated memory at  amaxparameters [B,KiB,MiB]:       989397     966.208     0.944

Dynamically allocated memory at  amaxparameters [B,KiB,MiB]:       990997     967.771     0.945

Dynamically allocated memory at  amaxparameters [B,KiB,MiB]:       994977     971.657     0.949

Dynamically allocated memory at  amaxparameters [B,KiB,MiB]:       996977     973.610     0.951

Dynamically allocated memory at  amaxparameters [B,KiB,MiB]:       999977     976.540     0.954

Dynamically allocated memory at  amaxparameters [B,KiB,MiB]:      1004477     980.935     0.958

Dynamically allocated memory at  amaxparameters [B,KiB,MiB]:      1010049     986.376     0.963

Dynamically allocated memory at  amaxparameters [B,KiB,MiB]:      1012849     989.110     0.966

Dynamically allocated memory at  amaxparameters [B,KiB,MiB]:      1017049     993.212     0.970

Dynamically allocated memory at  amaxparameters [B,KiB,MiB]:      1023349     999.364     0.976

Dynamically allocated memory at  amaxparameters [B,KiB,MiB]:      1026121    1002.071     0.979

Dynamically allocated memory at  amaxparameters [B,KiB,MiB]:      1027521    1003.438     0.980
read_pa_232_> parameters    BONDS   ANGLS  DIHEDS IMPROPS    MODE
                              227     561     661     112       0

Dynamically allocated memory at       amaxmodel [B,KiB,MiB]:      1060962    1036.096     1.012

Dynamically allocated memory at       amaxmodel [B,KiB,MiB]:      1224720    1196.016     1.168

Dynamically allocated memory at       amaxmodel [B,KiB,MiB]:      1249688    1220.398     1.192

mkilst______> segment topology constructed from sequence and RTF:
              segments residues  atoms  bonds angles dihedrals impropers:
                     1      214   1652   1687      0         0       717

Dynamically allocated memory at       amaxmodel [B,KiB,MiB]:      1320800    1289.844     1.260

patch_______> segment topology patched using RTF:  1 ;  ASP  ;  NTER
              segments residues  atoms  bonds angles dihedrals impropers:
                     1      214   1652   1687   2295      2725       717


Dynamically allocated memory at       amaxmodel [B,KiB,MiB]:      1397576    1364.820     1.333
patch_______> segment topology patched using RTF:  214 ;  CYS  ;  CTER
              segments residues  atoms  bonds angles dihedrals impropers:
                     1      214   1653   1688   2297      2727       718

genseg______> segment topology constructed from sequence and RTF:
              segments residues  atoms  bonds angles dihedrals impropers:
                     1      214   1653   1688   2297      2727       718

Dynamically allocated memory at    amaxsequence [B,KiB,MiB]:      1397604    1364.848     1.333

Dynamically allocated memory at       amaxmodel [B,KiB,MiB]:      1432615    1399.038     1.366

Dynamically allocated memory at       amaxmodel [B,KiB,MiB]:      1596667    1559.245     1.523

Dynamically allocated memory at       amaxmodel [B,KiB,MiB]:      1622107    1584.089     1.547

mkilst______> segment topology constructed from sequence and RTF:
              segments residues  atoms  bonds angles dihedrals impropers:
                     2      437   3326   3403   2297      2727      1449

Dynamically allocated memory at       amaxmodel [B,KiB,MiB]:      1694907    1655.183     1.616

patch_______> segment topology patched using RTF:  215 ;  GLU  ;  NTER
              segments residues  atoms  bonds angles dihedrals impropers:
                     2      437   3326   3403   4633      5525      1449


Dynamically allocated memory at       amaxmodel [B,KiB,MiB]:      1777243    1735.589     1.695
patch_______> segment topology patched using RTF:  437 ;  CYS  ;  CTER
              segments residues  atoms  bonds angles dihedrals impropers:
                     2      437   3327   3404   4635      5527      1450

genseg______> segment topology constructed from sequence and RTF:
              segments residues  atoms  bonds angles dihedrals impropers:
                     2      437   3327   3404   4635      5527      1450

Dynamically allocated memory at    amaxsequence [B,KiB,MiB]:      1777271    1735.616     1.695

Dynamically allocated memory at       amaxmodel [B,KiB,MiB]:      1787162    1745.275     1.704

Dynamically allocated memory at       amaxmodel [B,KiB,MiB]:      1834496    1791.500     1.750

Dynamically allocated memory at       amaxmodel [B,KiB,MiB]:      1844576    1801.344     1.759

mkilst______> segment topology constructed from sequence and RTF:
              segments residues  atoms  bonds angles dihedrals impropers:
                     3      500   3809   3893   4635      5527      1660

Dynamically allocated memory at       amaxmodel [B,KiB,MiB]:      1864632    1820.930     1.778

patch_______> segment topology patched using RTF:  438 ;  SER  ;  NTER
              segments residues  atoms  bonds angles dihedrals impropers:
                     3      500   3809   3893   5293      6287      1660


Dynamically allocated memory at       amaxmodel [B,KiB,MiB]:      1864672    1820.969     1.778
patch_______> segment topology patched using RTF:  500 ;  GLY  ;  CTER
              segments residues  atoms  bonds angles dihedrals impropers:
                     3      500   3810   3894   5295      6288      1661

genseg______> segment topology constructed from sequence and RTF:
              segments residues  atoms  bonds angles dihedrals impropers:
                     3      500   3810   3894   5295      6288      1661

Dynamically allocated memory at    amaxsequence [B,KiB,MiB]:      1864700    1820.996     1.778

Dynamically allocated memory at       amaxmodel [B,KiB,MiB]:      1873178    1829.275     1.786

Dynamically allocated memory at       amaxmodel [B,KiB,MiB]:      1914730    1869.854     1.826

Dynamically allocated memory at       amaxmodel [B,KiB,MiB]:      1926826    1881.666     1.838

mkilst______> segment topology constructed from sequence and RTF:
              segments residues  atoms  bonds angles dihedrals impropers:
                     4      554   4233   4322   5295      6288      1838

Dynamically allocated memory at       amaxmodel [B,KiB,MiB]:      1944334    1898.764     1.854

patch_______> segment topology patched using RTF:  501 ;  GLY  ;  GLYP
              segments residues  atoms  bonds angles dihedrals impropers:
                     4      554   4233   4322   5870      6951      1838


Dynamically allocated memory at       amaxmodel [B,KiB,MiB]:      1976190    1929.873     1.885
patch_______> segment topology patched using RTF:  554 ;  ALA  ;  CTER
              segments residues  atoms  bonds angles dihedrals impropers:
                     4      554   4234   4323   5872      6953      1839

genseg______> segment topology constructed from sequence and RTF:
              segments residues  atoms  bonds angles dihedrals impropers:
                     4      554   4234   4323   5872      6953      1839

Dynamically allocated memory at       amaxmodel [B,KiB,MiB]:      2012518    1965.350     1.919
patch_______> segment topology patched using RTF:  23 88 ;  CYS  CYS  ;  DISU
              segments residues  atoms  bonds angles dihedrals impropers:
                     4      554   4234   4324   5874      6956      1839
patch_______> segment topology patched using RTF:  134 194 ;  CYS  CYS  ;  DISU
              segments residues  atoms  bonds angles dihedrals impropers:
                     4      554   4234   4325   5876      6959      1839

Dynamically allocated memory at       amaxmodel [B,KiB,MiB]:      2012766    1965.592     1.920
patch_______> segment topology patched using RTF:  236 310 ;  CYS  CYS  ;  DISU
              segments residues  atoms  bonds angles dihedrals impropers:
                     4      554   4234   4326   5878      6962      1839
patch_______> segment topology patched using RTF:  361 417 ;  CYS  CYS  ;  DISU
              segments residues  atoms  bonds angles dihedrals impropers:
                     4      554   4234   4327   5880      6965      1839
patch_s_522_> Number of disulfides patched in MODEL:        4
transfe_506_> MODEL is an average of all templates.
transfe_511_> Number of templates for coordinate transfer:        1
              After transferring coordinates of the equivalent template atoms,
              there are defined, undefined atoms in MODEL:     4217       17
openf___224_> Open           6b9z_fill.ini
wrpdb___568_> Residues, atoms, selected atoms:      554     4234     4234
make_re_417_> Restraint type to be calculated:  stereo

Dynamically allocated memory at  amaxrestraints [B,KiB,MiB]:      2120215    2070.522     2.022

Dynamically allocated memory at  amaxrestraints [B,KiB,MiB]:      2128407    2078.522     2.030

Dynamically allocated memory at  amaxrestraints [B,KiB,MiB]:      2144791    2094.522     2.045

Dynamically allocated memory at  amaxrestraints [B,KiB,MiB]:      2177559    2126.522     2.077

Dynamically allocated memory at  amaxrestraints [B,KiB,MiB]:      2210327    2158.522     2.108

Dynamically allocated memory at  amaxrestraints [B,KiB,MiB]:      2275863    2222.522     2.170

Dynamically allocated memory at  amaxrestraints [B,KiB,MiB]:      2308631    2254.522     2.202

Dynamically allocated memory at  amaxrestraints [B,KiB,MiB]:      2374167    2318.522     2.264

Dynamically allocated memory at  amaxrestraints [B,KiB,MiB]:      2406935    2350.522     2.295

Dynamically allocated memory at  amaxrestraints [B,KiB,MiB]:      2538007    2478.522     2.420

Dynamically allocated memory at  amaxrestraints [B,KiB,MiB]:      2603543    2542.522     2.483

Dynamically allocated memory at  amaxrestraints [B,KiB,MiB]:      2669079    2606.522     2.545

Dynamically allocated memory at  amaxrestraints [B,KiB,MiB]:      2800151    2734.522     2.670

Dynamically allocated memory at  amaxrestraints [B,KiB,MiB]:      3062295    2990.522     2.920

Dynamically allocated memory at  amaxrestraints [B,KiB,MiB]:      3193367    3118.522     3.045

Dynamically allocated memory at  amaxrestraints [B,KiB,MiB]:      3324439    3246.522     3.170

Dynamically allocated memory at  amaxrestraints [B,KiB,MiB]:      3586583    3502.522     3.420
r_stere_606_> Stereochemical restraints were constructed from RTF & PRMF.
              Added bond,angle,dihedral,improper restraints  :     4327    5880    6634    1814
              Total number of restraints before, now         :        0    18655
make_re_422_> Number of previous, current restraints         :        0    18655
make_re_423_> Number of previous, current selected restraints:        0    18655
make_re_417_> Restraint type to be calculated:  phi-psi_binormal

Dynamically allocated memory at   amaxstructure [B,KiB,MiB]:      3900760    3809.336     3.720
openf___224_> Open           ${MODINSTALL10v1}/modlib/mnch1.bin
openf___224_> Open           ${MODINSTALL10v1}/modlib/mnch1.mdt
errdih__638_> Missing atoms in a dihedral, residue index, residue type:        5      215  GLU
errdih__638_> Missing atoms in a dihedral, residue index, residue type:        6      215  GLU
errdih__638_> Missing atoms in a dihedral, residue index, residue type:        7      215  GLU
getdata_643_> Protein accepted:  6b9z
getdata_289_> Proteins (all/accepted):        1        1

Dynamically allocated memory at  amaxrestraints [B,KiB,MiB]:      4425064    4321.352     4.220
make_re_422_> Number of previous, current restraints         :    18655    19201
make_re_423_> Number of previous, current selected restraints:    18655    19201
make_re_417_> Restraint type to be calculated:  omega_dihedral

Dynamically allocated memory at   amaxstructure [B,KiB,MiB]:      4425064    4321.352     4.220
openf___224_> Open           ${MODINSTALL10v1}/modlib/omega.bin
openf___224_> Open           ${MODINSTALL10v1}/modlib/omega.mdt
getdata_643_> Protein accepted:  6b9z
getdata_289_> Proteins (all/accepted):        1        1
omgdel__425_> Unselected all O C +N +CA dihedrals:      575
              (This is to avoid clashes between STEREO
              and OMEGA_DIHEDRAL restraints)

Dynamically allocated memory at  amaxrestraints [B,KiB,MiB]:      4687208    4577.352     4.470
make_re_422_> Number of previous, current restraints         :    19201    19751
make_re_423_> Number of previous, current selected restraints:    19201    19176
make_re_417_> Restraint type to be calculated:  chi1_dihedral

Dynamically allocated memory at   amaxstructure [B,KiB,MiB]:      4687208    4577.352     4.470
openf___224_> Open           ${MODINSTALL10v1}/modlib/chi1234.bin
openf___224_> Open           ${MODINSTALL10v1}/modlib/chi1.mdt
getdata_643_> Protein accepted:  6b9z
getdata_289_> Proteins (all/accepted):        1        1

Dynamically allocated memory at  amaxrestraints [B,KiB,MiB]:      4949352    4833.352     4.720
make_re_422_> Number of previous, current restraints         :    19751    20220
make_re_423_> Number of previous, current selected restraints:    19176    19645
make_re_417_> Restraint type to be calculated:  chi2_dihedral

Dynamically allocated memory at   amaxstructure [B,KiB,MiB]:      4949352    4833.352     4.720
openf___224_> Open           ${MODINSTALL10v1}/modlib/chi1234.bin
openf___224_> Open           ${MODINSTALL10v1}/modlib/chi2.mdt
getdata_643_> Protein accepted:  6b9z
getdata_289_> Proteins (all/accepted):        1        1
make_re_422_> Number of previous, current restraints         :    20220    20525
make_re_423_> Number of previous, current selected restraints:    19645    19950
make_re_417_> Restraint type to be calculated:  chi3_dihedral

Dynamically allocated memory at   amaxstructure [B,KiB,MiB]:      4949352    4833.352     4.720
openf___224_> Open           ${MODINSTALL10v1}/modlib/chi1234.bin
openf___224_> Open           ${MODINSTALL10v1}/modlib/chi3.mdt
getdata_643_> Protein accepted:  6b9z
getdata_289_> Proteins (all/accepted):        1        1
make_re_422_> Number of previous, current restraints         :    20525    20659
make_re_423_> Number of previous, current selected restraints:    19950    20084
make_re_417_> Restraint type to be calculated:  chi4_dihedral

Dynamically allocated memory at   amaxstructure [B,KiB,MiB]:      4949352    4833.352     4.720
openf___224_> Open           ${MODINSTALL10v1}/modlib/chi1234.bin
openf___224_> Open           ${MODINSTALL10v1}/modlib/chi4.mdt
mdtrsr__446W> A potential that relies on one protein is used, yet you have at
              least one known structure available. MDT, not library, potential is used.
getdata_643_> Protein accepted:  6b9z
getdata_289_> Proteins (all/accepted):        1        1
make_re_422_> Number of previous, current restraints         :    20659    20708
make_re_423_> Number of previous, current selected restraints:    20084    20133
make_re_417_> Restraint type to be calculated:  DISTANCE

Dynamically allocated memory at amaxhash_contac [B,KiB,MiB]:      6168708    6024.129     5.883
make_re_422_> Number of previous, current restraints         :    20708    32663
make_re_423_> Number of previous, current selected restraints:    20133    32088
make_re_417_> Restraint type to be calculated:  DISTANCE

Dynamically allocated memory at  amaxrestraints [B,KiB,MiB]:      6692996    6536.129     6.383

Dynamically allocated memory at  amaxrestraints [B,KiB,MiB]:      7741572    7560.129     7.383

Dynamically allocated memory at  amaxrestraints [B,KiB,MiB]:      8265860    8072.129     7.883
make_re_422_> Number of previous, current restraints         :    32663    44639
make_re_423_> Number of previous, current selected restraints:    32088    44064
make_re_417_> Restraint type to be calculated:  DISTANCE

Dynamically allocated memory at  amaxrestraints [B,KiB,MiB]:      8790148    8584.129     8.383
make_re_422_> Number of previous, current restraints         :    44639    54035
make_re_423_> Number of previous, current selected restraints:    44064    53460
make_re_417_> Restraint type to be calculated:  DISTANCE
make_re_422_> Number of previous, current restraints         :    54035    59899
make_re_423_> Number of previous, current selected restraints:    53460    59324
0 atoms in HETATM/BLK residues constrained
to protein atoms within 2.30 angstroms
and protein CA atoms within 10.00 angstroms
make_re_417_> Restraint type to be calculated:  DISTANCE
make_re_422_> Number of previous, current restraints         :    59899    59899
make_re_423_> Number of previous, current selected restraints:    59324    59324
make_re_417_> Restraint type to be calculated:  DISTANCE
make_re_422_> Number of previous, current restraints         :    59899    59899
make_re_423_> Number of previous, current selected restraints:    59324    59324
make_re_417_> Restraint type to be calculated:  DISTANCE
make_re_422_> Number of previous, current restraints         :    59899    59899
make_re_423_> Number of previous, current selected restraints:    59324    59324
make_re_417_> Restraint type to be calculated:  DISTANCE
make_re_422_> Number of previous, current restraints         :    59899    59899
make_re_423_> Number of previous, current selected restraints:    59324    59324
0 atoms in residues without defined topology
constrained to be rigid bodies
make_re_417_> Restraint type to be calculated:  DISTANCE
make_re_422_> Number of previous, current restraints         :    59899    59899
make_re_423_> Number of previous, current selected restraints:    59324    59324
rmdupl__427_>     3276 redundant cosine dihedral restraints were unselected.
condens_443_> Restraints marked for deletion were removed.
              Total number of restraints before, now:    59899    56048
openf___224_> Open           6b9z_fill.rsr
openf___224_> Open           6b9z_fill.rsr

Dynamically allocated memory at  amaxrestraints [B,KiB,MiB]:      8937154    8727.689     8.523

Dynamically allocated memory at  amaxrestraints [B,KiB,MiB]:     10510018   10263.689    10.023
rdcsr2__307_> Number of restraints read    :    56048
              Number of excluded pairs read:        0
              Number of pseudo atoms read  :        0
rdcsrs__304_> Restraints in memory, selected restraints:    56048    56048
              Explicitly excluded atom pairs in memory :        0
              Pseudo atoms in memory                   :        0
openf___224_> Open           6b9z_fill.ini

Dynamically allocated memory at       amaxmodel [B,KiB,MiB]:     10510050   10263.721    10.023
read_mo_297_> Segments, residues, atoms:        4      554     4234
read_mo_298_> Segment:        1  1:A  214:A     1653
read_mo_298_> Segment:        2  215:B  437:B     1674
read_mo_298_> Segment:        3  438:C  500:C      483
read_mo_298_> Segment:        4  501:D  554:D      424
randomi_498_> Atoms,selected atoms,random_seed,amplitude:     4234     4234        1        4.0000
randomi_496_> Amplitude is > 0; randomization is done.
pick_re_612_> Number of MODEL atoms, selected restraints;     4234    28398
pick_re_612_> Number of MODEL atoms, selected restraints;     4234    31571
pick_re_612_> Number of MODEL atoms, selected restraints;     4234    32978
pick_re_612_> Number of MODEL atoms, selected restraints;     4234    34828
pick_re_612_> Number of MODEL atoms, selected restraints;     4234    38424
pick_re_612_> Number of MODEL atoms, selected restraints;     4234    41532
pick_re_612_> Number of MODEL atoms, selected restraints;     4234    45075
pick_re_612_> Number of MODEL atoms, selected restraints;     4234    49194
pick_re_612_> Number of MODEL atoms, selected restraints;     4234    51163
pick_re_612_> Number of MODEL atoms, selected restraints;     4234    51922

Dynamically allocated memory at  amaxrestraints [B,KiB,MiB]:     10904238   10648.670    10.399
pick_re_612_> Number of MODEL atoms, selected restraints;     4234    55052
pick_re_612_> Number of MODEL atoms, selected restraints;     4234    56048
pick_re_612_> Number of MODEL atoms, selected restraints;     4234    56048
iupac_m_485_> OD1/2 will be swapped:      176.3044        1  1
iupac_m_483_> CD1/2 CE1/2 swapped:      -96.6143       55  55
iupac_m_397W> Atoms were not swapped because of the uncertainty of how to handle the H atom.
iupac_m_487_> NH1/2 swapped:      172.8467       61  61
iupac_m_486_> OE1/2 will be swapped:      147.1906       81  81
iupac_m_485_> OD1/2 will be swapped:     -177.3878       82  82
iupac_m_485_> OD1/2 will be swapped:      135.1584       85  85
iupac_m_483_> CD1/2 CE1/2 swapped:      -90.5947       92  92
iupac_m_397W> Atoms were not swapped because of the uncertainty of how to handle the H atom.
iupac_m_487_> NH1/2 swapped:     -177.0544      142  142
iupac_m_486_> OE1/2 will be swapped:     -156.9797      143  143
iupac_m_485_> OD1/2 will be swapped:      110.4589      167  167
iupac_m_485_> OD1/2 will be swapped:      118.2090      185  185
iupac_m_487_> NH1/2 swapped:      178.9692      211  211
iupac_m_486_> OE1/2 will be swapped:      141.5305      220  220
iupac_m_487_> NH1/2 swapped:      176.0732      264  264
iupac_m_483_> CD1/2 CE1/2 swapped:       91.1140      271  271
iupac_m_397W> Atoms were not swapped because of the uncertainty of how to handle the H atom.
iupac_m_487_> NH1/2 swapped:      177.8394      273  273
iupac_m_487_> NH1/2 swapped:      173.8303      281  281
iupac_m_487_> NH1/2 swapped:     -173.2265      301  301
iupac_m_486_> OE1/2 will be swapped:     -138.8845      369  369
iupac_m_485_> OD1/2 will be swapped:     -158.0890      429  429
iupac_m_486_> OE1/2 will be swapped:      134.2808      439  439
iupac_m_486_> OE1/2 will be swapped:      172.2262      463  463
iupac_m_486_> OE1/2 will be swapped:      156.9985      464  464
iupac_m_486_> OE1/2 will be swapped:      168.4999      482  482
iupac_m_485_> OD1/2 will be swapped:      158.7355      506  506
iupac_m_487_> NH1/2 swapped:      178.3139      525  525


>> ENERGY; Differences between the model's features and restraints:
Number of all residues in MODEL                   :      554
Number of all, selected real atoms                :     4234    4234
Number of all, selected pseudo atoms              :        0       0
Number of all static, selected restraints         :    56048   56048
COVALENT_CYS                                      :        F
NONBONDED_SEL_ATOMS                               :        1
Number of non-bonded pairs (excluding 1-2,1-3,1-4):     8831
Dynamic pairs routine                             : 2, NATM x NATM cell sorting
Atomic shift for contacts update (UPDATE_DYNAMIC) :    0.390
LENNARD_JONES_SWITCH                              :    6.500   7.500
COULOMB_JONES_SWITCH                              :    6.500   7.500
RESIDUE_SPAN_RANGE                                :        0   99999
NLOGN_USE                                         :       15
CONTACT_SHELL                                     :    4.000
DYNAMIC_PAIRS,_SPHERE,_COULOMB,_LENNARD,_MODELLER :        T       T       F       F       F
SPHERE_STDV                                       :    0.050
RADII_FACTOR                                      :    0.820
Current energy                                    :        3211.4639





Summary of the restraint violations: 

   NUM     ... number of restraints.
   NUMVI   ... number of restraints with RVIOL > VIOL_REPORT_CUT[i].
   RVIOL   ... relative difference from the best value.
   NUMVP   ... number of restraints with -Ln(pdf) > VIOL_REPORT_CUT2[i].
   RMS_1   ... RMS(feature, minimally_violated_basis_restraint, NUMB).
   RMS_2   ... RMS(feature, best_value, NUMB).
   MOL.PDF ... scaled contribution to -Ln(Molecular pdf).

 #                     RESTRAINT_GROUP      NUM   NUMVI  NUMVP   RMS_1   RMS_2         MOL.PDF     S_i
------------------------------------------------------------------------------------------------------
 1 Bond length potential              :    4323       0      0   0.005   0.005      30.337       1.000
 2 Bond angle potential               :    5872       0      7   1.828   1.828      381.82       1.000
 3 Stereochemical cosine torsion poten:    2779       0     82  50.370  50.370      1138.2       1.000
 4 Stereochemical improper torsion pot:    1814       0      1   1.087   1.087      51.358       1.000
 5 Soft-sphere overlap restraints     :    8831       0      0   0.002   0.002      2.5938       1.000
 6 Lennard-Jones 6-12 potential       :       0       0      0   0.000   0.000      0.0000       1.000
 7 Coulomb point-point electrostatic p:       0       0      0   0.000   0.000      0.0000       1.000
 8 H-bonding potential                :       0       0      0   0.000   0.000      0.0000       1.000
 9 Distance restraints 1 (CA-CA)      :   11955       0      0   0.094   0.094      126.32       1.000
10 Distance restraints 2 (N-O)        :   11976       8     38   0.194   0.194      444.86       1.000
11 Mainchain Phi dihedral restraints  :       0       0      0   0.000   0.000      0.0000       1.000
12 Mainchain Psi dihedral restraints  :       0       0      0   0.000   0.000      0.0000       1.000
13 Mainchain Omega dihedral restraints:     550       0      5   4.072   4.072      102.89       1.000
14 Sidechain Chi_1 dihedral restraints:     469       0      2  50.737  50.737      11.071       1.000
15 Sidechain Chi_2 dihedral restraints:     305       0      3  51.408  51.408      68.971       1.000
16 Sidechain Chi_3 dihedral restraints:     134       0      0  55.661  55.661      76.380       1.000
17 Sidechain Chi_4 dihedral restraints:      49       0      0  96.703  96.703      39.809       1.000
18 Disulfide distance restraints      :       4       0      0   0.010   0.010     0.68784E-01   1.000
19 Disulfide angle restraints         :       8       0      0   0.820   0.820     0.11887       1.000
20 Disulfide dihedral angle restraints:       4       0      0  17.970  17.970      1.4347       1.000
21 Lower bound distance restraints    :       0       0      0   0.000   0.000      0.0000       1.000
22 Upper bound distance restraints    :       0       0      0   0.000   0.000      0.0000       1.000
23 Distance restraints 3 (SDCH-MNCH)  :    9396       0      0   0.377   0.377      242.26       1.000
24 Sidechain Chi_5 dihedral restraints:       0       0      0   0.000   0.000      0.0000       1.000
25 Phi/Psi pair of dihedral restraints:     546      23     37  24.918  37.016      185.67       1.000
26 Distance restraints 4 (SDCH-SDCH)  :    5864       0      1   0.610   0.610      307.31       1.000
27 Distance restraints 5 (X-Y)        :       0       0      0   0.000   0.000      0.0000       1.000
28 NMR distance restraints 6 (X-Y)    :       0       0      0   0.000   0.000      0.0000       1.000
29 NMR distance restraints 7 (X-Y)    :       0       0      0   0.000   0.000      0.0000       1.000
30 Minimal distance restraints        :       0       0      0   0.000   0.000      0.0000       1.000
31 Non-bonded restraints              :       0       0      0   0.000   0.000      0.0000       1.000
32 Atomic accessibility restraints    :       0       0      0   0.000   0.000      0.0000       1.000
33 Atomic density restraints          :       0       0      0   0.000   0.000      0.0000       1.000
34 Absolute position restraints       :       0       0      0   0.000   0.000      0.0000       1.000
35 Dihedral angle difference restraint:       0       0      0   0.000   0.000      0.0000       1.000
36 GBSA implicit solvent potential    :       0       0      0   0.000   0.000      0.0000       1.000
37 EM density fitting potential       :       0       0      0   0.000   0.000      0.0000       1.000
38 SAXS restraints                    :       0       0      0   0.000   0.000      0.0000       1.000
39 Symmetry restraints                :       0       0      0   0.000   0.000      0.0000       1.000



openf___224_> Open           6b9z_fill.V99990001
# Heavy relative violation of each residue is written to: 6b9z_fill.V99990001
# The profile is NOT normalized by the number of restraints.
# The profiles are smoothed over a window of residues:    1
# The sum of all numbers in the file:   42324.7891



List of the violated restraints:
   A restraint is violated when the relative difference
   from the best value (RVIOL) is larger than CUTOFF.

   ICSR   ... index of a restraint in the current set.
   RESNO  ... residue numbers of the first two atoms.
   ATM    ... IUPAC atom names of the first two atoms.
   FEAT   ... the value of the feature in the model.
   restr  ... the mean of the basis restraint with the smallest
              difference from the model (local minimum).
   viol   ... difference from the local minimum.
   rviol  ... relative difference from the local minimum.
   RESTR  ... the best value (global minimum).
   VIOL   ... difference from the best value.
   RVIOL  ... relative difference from the best value.


-------------------------------------------------------------------------------------------------

Feature 25                           : Phi/Psi pair of dihedral restraints     
List of the RVIOL violations larger than   :       6.5000

    #   ICSR  RESNO1/2 ATM1/2   INDATM1/2    FEAT   restr    viol   rviol   RESTR    VIOL   RVIOL
    1  14818  14S  15V C   N     102  104  -52.65  -62.40   36.47    4.14  -73.50  144.77   12.60
    1         15V  15V N   CA    104  105  -77.54  -42.40                  139.20
    2  14819  15V  16G C   N     109  111  -59.98  -62.40   25.86    3.98   82.20  144.18   10.44
    2         16G  16G N   CA    111  112  -15.45  -41.20                    8.50
    3  14833  29V  30N C   N     213  215   70.39  -71.20  156.66   12.55  -63.20  172.47   19.92
    3         30N  30N N   CA    215  216 -150.18  142.80                  -41.10
    4  14855  51A  52S C   N     390  392 -146.74  -64.10   94.10    9.54  -64.10   94.10    9.54
    4         52S  52S N   CA    392  393    9.99  -35.00                  -35.00
    5  14961 157G 158N C   N    1211 1213 -120.95  -63.20   98.36   10.63  -63.20   98.36   10.63
    5        158N 158N N   CA   1213 1214   38.52  -41.10                  -41.10
    6  15029 227Q 228P C   N    1743 1745  -65.42  -58.70   21.48    1.32  -64.50  157.30   11.79
    6        228P 228P N   CA   1745 1746  -10.10  -30.50                  147.20
    7  15030 228P 229G C   N    1750 1752 -100.78  -62.40   46.50    6.92   82.20  178.56   11.05
    7        229G 229G N   CA   1752 1753  -14.96  -41.20                    8.50
    8  15056 254S 255P C   N    1951 1953  -47.59  -58.70   36.43    2.26  -64.50  148.57   12.00
    8        255P 255P N   CA   1953 1954  -65.19  -30.50                  147.20
    9  15057 255P 256G C   N    1958 1960  -79.29  -62.40   21.48    3.13   82.20  165.54   12.22
    9        256G 256G N   CA   1960 1961  -27.92  -41.20                    8.50
   10  15070 268T 269N C   N    2063 2065 -121.63 -119.90   17.75    0.84  -63.20  170.75   18.78
   10        269N 269N N   CA   2065 2066  119.34  137.00                  -41.10
   11  15071 269N 270G C   N    2071 2073  -51.42  -62.40   36.25    5.99   82.20  134.48    9.53
   11        270G 270G N   CA   2073 2074   -6.66  -41.20                    8.50
   12  15080 278V 279K C   N    2143 2145    7.17  -62.90  109.84   12.98  -70.20  121.91   10.17
   12        279K 279K N   CA   2145 2146 -125.39  -40.80                  140.40
   13  15081 279K 280G C   N    2152 2154  -55.50  -62.40   24.28    3.99   82.20  140.21   10.24
   13        280G 280G N   CA   2154 2155  -17.92  -41.20                    8.50
   14  15120 318F 319Y C   N    2458 2460  -71.96  -63.50   46.01    6.89  -63.50   46.01    6.89
   14        319Y 319Y N   CA   2460 2461    1.82  -43.40                  -43.40
   15  15155 353S 354G C   N    2711 2713  -52.20  -62.40   18.38    2.51   82.20  149.29   11.58
   15        354G 354G N   CA   2713 2714  -56.49  -41.20                    8.50
   16  15156 354G 355G C   N    2715 2717  -84.61  -62.40   22.42    3.87   82.20  173.20   12.98
   16        355G 355G N   CA   2717 2718  -38.11  -41.20                    8.50
   17  15211 409S 410L C   N    3108 3110  -44.49  -70.70  129.36   10.82  -70.70  129.36   10.82
   17        410L 410L N   CA   3110 3111  -91.72  141.60                  141.60
   18  15212 410L 411G C   N    3116 3118  -61.01  -62.40   11.31    1.76   82.20  148.29   11.08
   18        411G 411G N   CA   3118 3119  -29.98  -41.20                    8.50
   19  15225 423P 424S C   N    3218 3220 -104.32 -136.60   37.59    1.97  -64.10  159.67   14.33
   19        424S 424S N   CA   3220 3221  170.48  151.20                  -35.00
   20  15226 424S 425N C   N    3224 3226  -98.93 -119.90   59.03    2.15   55.90  160.50   15.60
   20        425N 425N N   CA   3226 3227   81.82  137.00                   39.50
   21  15237 435K 436S C   N    3313 3315  -55.82  -72.40   21.71    1.07  -64.10  173.59   13.09
   21        436S 436S N   CA   3315 3316  138.39  152.40                  -35.00
   22  15288 488E 489D C   N    3721 3723   58.18  -70.90  136.50   11.34   54.50  153.84   11.61
   22        489D 489D N   CA   3723 3724 -165.31  150.30                   40.90
   23  15289 489D 490G C   N    3729 3731  -58.04  -62.40   30.52    4.78   82.20  141.60   10.14
   23        490G 490G N   CA   3731 3732  -10.99  -41.20                    8.50


report______> Distribution of short non-bonded contacts:


DISTANCE1:  0.00 2.10 2.20 2.30 2.40 2.50 2.60 2.70 2.80 2.90 3.00 3.10 3.20 3.30 3.40
DISTANCE2:  2.10 2.20 2.30 2.40 2.50 2.60 2.70 2.80 2.90 3.00 3.10 3.20 3.30 3.40 3.50
FREQUENCY:     0    0    0    0    1   29   48  142  232  289  326  405  536  569  664


<< end of ENERGY.
openf___224_> Open           6b9z_fill.B99990001.pdb
wrpdb___568_> Residues, atoms, selected atoms:      554     4234     4234
openf___224_> Open           $(LIB)/atmcls-melo.lib

Dynamically allocated memory at amaxgroup_restr [B,KiB,MiB]:     10904680   10649.102    10.400

Dynamically allocated memory at amaxgroup_restr [B,KiB,MiB]:     10904744   10649.164    10.400

Dynamically allocated memory at amaxgroup_restr [B,KiB,MiB]:     10904808   10649.227    10.400

Dynamically allocated memory at amaxgroup_restr [B,KiB,MiB]:     10904936   10649.352    10.400

Dynamically allocated memory at amaxgroup_restr [B,KiB,MiB]:     10905128   10649.539    10.400

Dynamically allocated memory at amaxgroup_restr [B,KiB,MiB]:     10905384   10649.789    10.400

Dynamically allocated memory at amaxgroup_restr [B,KiB,MiB]:     10905768   10650.164    10.401

Dynamically allocated memory at amaxgroup_restr [B,KiB,MiB]:     10906344   10650.727    10.401

Dynamically allocated memory at amaxgroup_restr [B,KiB,MiB]:     10906394   10650.775    10.401

Dynamically allocated memory at amaxgroup_restr [B,KiB,MiB]:     10906452   10650.832    10.401

Dynamically allocated memory at amaxgroup_restr [B,KiB,MiB]:     10907348   10651.707    10.402

Dynamically allocated memory at amaxgroup_restr [B,KiB,MiB]:     10908692   10653.020    10.403

Dynamically allocated memory at amaxgroup_restr [B,KiB,MiB]:     10908758   10653.084    10.403

Dynamically allocated memory at amaxgroup_restr [B,KiB,MiB]:     10910742   10655.021    10.405

Dynamically allocated memory at amaxgroup_restr [B,KiB,MiB]:     10910898   10655.174    10.405

Dynamically allocated memory at amaxgroup_restr [B,KiB,MiB]:     10913906   10658.111    10.408

Dynamically allocated memory at amaxgroup_restr [B,KiB,MiB]:     10914200   10658.398    10.409

Dynamically allocated memory at amaxgroup_restr [B,KiB,MiB]:     10914704   10658.891    10.409

Dynamically allocated memory at amaxgroup_restr [B,KiB,MiB]:     10915700   10659.863    10.410

Dynamically allocated memory at amaxgroup_restr [B,KiB,MiB]:     10920180   10664.238    10.414

Dynamically allocated memory at amaxgroup_restr [B,KiB,MiB]:     10922214   10666.225    10.416

Dynamically allocated memory at amaxgroup_restr [B,KiB,MiB]:     10926666   10670.572    10.420
openf___224_> Open           $(LIB)/melo1-dist.lib

Dynamically allocated memory at amaxgroup_restr [B,KiB,MiB]:     10927062   10670.959    10.421

Dynamically allocated memory at amaxgroup_restr [B,KiB,MiB]:     10927858   10671.736    10.422

Dynamically allocated memory at amaxgroup_restr [B,KiB,MiB]:     10928654   10672.514    10.422

Dynamically allocated memory at amaxgroup_restr [B,KiB,MiB]:     10929842   10673.674    10.424

Dynamically allocated memory at amaxgroup_restr [B,KiB,MiB]:     10930242   10674.064    10.424

Dynamically allocated memory at amaxgroup_restr [B,KiB,MiB]:     10930842   10674.650    10.424

Dynamically allocated memory at amaxgroup_restr [B,KiB,MiB]:     10931742   10675.529    10.425

Dynamically allocated memory at amaxgroup_restr [B,KiB,MiB]:     10933090   10676.846    10.427

Dynamically allocated memory at amaxgroup_restr [B,KiB,MiB]:     10935114   10678.822    10.429

Dynamically allocated memory at amaxgroup_restr [B,KiB,MiB]:     10935314   10679.018    10.429

Dynamically allocated memory at amaxgroup_restr [B,KiB,MiB]:     10938350   10681.982    10.432

Dynamically allocated memory at amaxgroup_restr [B,KiB,MiB]:     10938650   10682.275    10.432

Dynamically allocated memory at amaxgroup_restr [B,KiB,MiB]:     10943202   10686.721    10.436

Dynamically allocated memory at amaxgroup_restr [B,KiB,MiB]:     10943650   10687.158    10.437

Dynamically allocated memory at amaxgroup_restr [B,KiB,MiB]:     10950478   10693.826    10.443

Dynamically allocated memory at amaxgroup_restr [B,KiB,MiB]:     10951150   10694.482    10.444

Dynamically allocated memory at amaxgroup_restr [B,KiB,MiB]:     10961394   10704.486    10.454

Dynamically allocated memory at amaxgroup_restr [B,KiB,MiB]:     10962402   10705.471    10.455

Dynamically allocated memory at amaxgroup_restr [B,KiB,MiB]:     10963002   10706.057    10.455

Dynamically allocated memory at amaxgroup_restr [B,KiB,MiB]:     10963402   10706.447    10.456

Dynamically allocated memory at amaxgroup_restr [B,KiB,MiB]:     10978766   10721.451    10.470

Dynamically allocated memory at amaxgroup_restr [B,KiB,MiB]:     10980278   10722.928    10.472

Dynamically allocated memory at amaxgroup_restr [B,KiB,MiB]:     10981178   10723.807    10.472

Dynamically allocated memory at amaxgroup_restr [B,KiB,MiB]:     10981778   10724.393    10.473

Dynamically allocated memory at amaxgroup_restr [B,KiB,MiB]:     11004826   10746.900    10.495

Dynamically allocated memory at amaxgroup_restr [B,KiB,MiB]:     11007094   10749.115    10.497

Dynamically allocated memory at amaxgroup_restr [B,KiB,MiB]:     11008438   10750.428    10.498

Dynamically allocated memory at amaxgroup_restr [B,KiB,MiB]:     11009338   10751.307    10.499

Dynamically allocated memory at amaxgroup_restr [B,KiB,MiB]:     11043910   10785.068    10.532

Dynamically allocated memory at amaxgroup_restr [B,KiB,MiB]:     11047314   10788.393    10.536

Dynamically allocated memory at amaxgroup_restr [B,KiB,MiB]:     11049330   10790.361    10.537

Dynamically allocated memory at amaxgroup_restr [B,KiB,MiB]:     11050678   10791.678    10.539

Dynamically allocated memory at amaxgroup_restr [B,KiB,MiB]:     11102534   10842.318    10.588

Dynamically allocated memory at amaxgroup_restr [B,KiB,MiB]:     11107638   10847.303    10.593

Dynamically allocated memory at amaxgroup_restr [B,KiB,MiB]:     11110662   10850.256    10.596

Dynamically allocated memory at amaxgroup_restr [B,KiB,MiB]:     11112686   10852.232    10.598

Dynamically allocated memory at amaxgroup_restr [B,KiB,MiB]:     11190470   10928.193    10.672

Dynamically allocated memory at amaxgroup_restr [B,KiB,MiB]:     11198126   10935.670    10.679

Dynamically allocated memory at amaxgroup_restr [B,KiB,MiB]:     11202662   10940.100    10.684

Dynamically allocated memory at amaxgroup_restr [B,KiB,MiB]:     11205698   10943.064    10.687

Dynamically allocated memory at amaxgroup_restr [B,KiB,MiB]:     11322374   11057.006    10.798
read_pa_232_> parameters    BONDS   ANGLS  DIHEDS IMPROPS    MODE
                                0       0       0       0     820
openf___224_> Open           6b9z_fill.B99990001.pdb

Dynamically allocated memory at       amaxmodel [B,KiB,MiB]:     11322374   11057.006    10.798
read_mo_297_> Segments, residues, atoms:        4      554     4234
read_mo_298_> Segment:        1  1:A  214:A     1653
read_mo_298_> Segment:        2  215:B  437:B     1674
read_mo_298_> Segment:        3  438:C  500:C      483
read_mo_298_> Segment:        4  501:D  554:D      424

Dynamically allocated memory at   amaxalignment [B,KiB,MiB]:     11339392   11073.625    10.814

Dynamically allocated memory at   amaxstructure [B,KiB,MiB]:     11656846   11383.639    11.117

Dynamically allocated memory at   amaxalignment [B,KiB,MiB]:     11662400   11389.062    11.122

Dynamically allocated memory at   amaxstructure [B,KiB,MiB]:     11979854   11699.076    11.425

mkilst______> segment topology constructed from sequence and RTF:
              segments residues  atoms  bonds angles dihedrals impropers:
                     1      214   1652   1687      0         0       717

patch_______> segment topology patched using RTF:  1 ;  ASP  ;  NTER
              segments residues  atoms  bonds angles dihedrals impropers:
                     1      214   1652   1687   2295      2725       717

patch_______> segment topology patched using RTF:  214 ;  CYS  ;  CTER
              segments residues  atoms  bonds angles dihedrals impropers:
                     1      214   1653   1688   2297      2727       718

genseg______> segment topology constructed from sequence and RTF:
              segments residues  atoms  bonds angles dihedrals impropers:
                     1      214   1653   1688   2297      2727       718

mkilst______> segment topology constructed from sequence and RTF:
              segments residues  atoms  bonds angles dihedrals impropers:
                     2      437   3326   3403   2297      2727      1449

patch_______> segment topology patched using RTF:  215 ;  GLU  ;  NTER
              segments residues  atoms  bonds angles dihedrals impropers:
                     2      437   3326   3403   4633      5525      1449

patch_______> segment topology patched using RTF:  437 ;  CYS  ;  CTER
              segments residues  atoms  bonds angles dihedrals impropers:
                     2      437   3327   3404   4635      5527      1450

genseg______> segment topology constructed from sequence and RTF:
              segments residues  atoms  bonds angles dihedrals impropers:
                     2      437   3327   3404   4635      5527      1450

mkilst______> segment topology constructed from sequence and RTF:
              segments residues  atoms  bonds angles dihedrals impropers:
                     3      500   3809   3893   4635      5527      1660

patch_______> segment topology patched using RTF:  438 ;  SER  ;  NTER
              segments residues  atoms  bonds angles dihedrals impropers:
                     3      500   3809   3893   5293      6287      1660

patch_______> segment topology patched using RTF:  500 ;  GLY  ;  CTER
              segments residues  atoms  bonds angles dihedrals impropers:
                     3      500   3810   3894   5295      6288      1661

genseg______> segment topology constructed from sequence and RTF:
              segments residues  atoms  bonds angles dihedrals impropers:
                     3      500   3810   3894   5295      6288      1661

mkilst______> segment topology constructed from sequence and RTF:
              segments residues  atoms  bonds angles dihedrals impropers:
                     4      554   4233   4322   5295      6288      1838

patch_______> segment topology patched using RTF:  501 ;  GLY  ;  GLYP
              segments residues  atoms  bonds angles dihedrals impropers:
                     4      554   4233   4322   5870      6951      1838

patch_______> segment topology patched using RTF:  554 ;  ALA  ;  CTER
              segments residues  atoms  bonds angles dihedrals impropers:
                     4      554   4234   4323   5872      6953      1839

genseg______> segment topology constructed from sequence and RTF:
              segments residues  atoms  bonds angles dihedrals impropers:
                     4      554   4234   4323   5872      6953      1839
openf___224_> Open           6b9z_fill.B99990001.pdb

Dynamically allocated memory at amaxcoordinates [B,KiB,MiB]:     11990891   11709.854    11.435

Dynamically allocated memory at    amaxsequence [B,KiB,MiB]:     11990967   11709.929    11.435

Dynamically allocated memory at amaxcoordinates [B,KiB,MiB]:     11991138   11710.096    11.436

Dynamically allocated memory at amaxcoordinates [B,KiB,MiB]:     11991988   11710.926    11.436

Dynamically allocated memory at amaxcoordinates [B,KiB,MiB]:     11993246   11712.154    11.438

Dynamically allocated memory at amaxcoordinates [B,KiB,MiB]:     11995150   11714.014    11.439

Dynamically allocated memory at    amaxsequence [B,KiB,MiB]:     11995190   11714.053    11.440

Dynamically allocated memory at amaxcoordinates [B,KiB,MiB]:     11995280   11714.141    11.440

Dynamically allocated memory at amaxcoordinates [B,KiB,MiB]:     11998136   11716.930    11.442

Dynamically allocated memory at    amaxsequence [B,KiB,MiB]:     11998196   11716.988    11.442

Dynamically allocated memory at amaxcoordinates [B,KiB,MiB]:     11998331   11717.120    11.443

Dynamically allocated memory at amaxcoordinates [B,KiB,MiB]:     12002615   11721.304    11.447

Dynamically allocated memory at    amaxsequence [B,KiB,MiB]:     12002703   11721.390    11.447

Dynamically allocated memory at amaxcoordinates [B,KiB,MiB]:     12002901   11721.583    11.447

Dynamically allocated memory at amaxcoordinates [B,KiB,MiB]:     12009327   11727.858    11.453

Dynamically allocated memory at    amaxsequence [B,KiB,MiB]:     12009459   11727.987    11.453

Dynamically allocated memory at amaxcoordinates [B,KiB,MiB]:     12009756   11728.277    11.453

Dynamically allocated memory at amaxcoordinates [B,KiB,MiB]:     12019378   11737.674    11.463

Dynamically allocated memory at    amaxsequence [B,KiB,MiB]:     12019578   11737.869    11.463

Dynamically allocated memory at amaxcoordinates [B,KiB,MiB]:     12020028   11738.309    11.463

Dynamically allocated memory at amaxcoordinates [B,KiB,MiB]:     12034478   11752.420    11.477

Dynamically allocated memory at    amaxsequence [B,KiB,MiB]:     12034778   11752.713    11.477

Dynamically allocated memory at amaxcoordinates [B,KiB,MiB]:     12035453   11753.372    11.478

Dynamically allocated memory at amaxcoordinates [B,KiB,MiB]:     12057111   11774.522    11.499

Dynamically allocated memory at    amaxsequence [B,KiB,MiB]:     12057195   11774.604    11.499

Dynamically allocated memory at amaxcoordinates [B,KiB,MiB]:     12057195   11774.604    11.499

Dynamically allocated memory at    amaxsequence [B,KiB,MiB]:     12057643   11775.042    11.499

Dynamically allocated memory at amaxcoordinates [B,KiB,MiB]:     12058651   11776.026    11.500

Dynamically allocated memory at amaxcoordinates [B,KiB,MiB]:     12091155   11807.769    11.531

Dynamically allocated memory at    amaxsequence [B,KiB,MiB]:     12091827   11808.425    11.532

Dynamically allocated memory at amaxcoordinates [B,KiB,MiB]:     12093339   11809.901    11.533

Dynamically allocated memory at amaxcoordinates [B,KiB,MiB]:     12142095   11857.515    11.580

Dynamically allocated memory at    amaxsequence [B,KiB,MiB]:     12143103   11858.499    11.581

Dynamically allocated memory at amaxcoordinates [B,KiB,MiB]:     12145371   11860.714    11.583

Dynamically allocated memory at       amaxmodel [B,KiB,MiB]:     12529499   12235.839    11.949
read_mo_297_> Segments, residues, atoms:        4      554     4234
read_mo_298_> Segment:        1  1:A  214:A     1653
read_mo_298_> Segment:        2  215:B  437:B     1674
read_mo_298_> Segment:        3  438:C  500:C      483
read_mo_298_> Segment:        4  501:D  554:D      424
  #      ALGNMT CODE

  1  6b9z_fill
  2  6b9z_fill
transfe_506_> MODEL is an average of all templates.
transfe_511_> Number of templates for coordinate transfer:        1
              After transferring coordinates of the equivalent template atoms,
              there are defined, undefined atoms in MODEL:     4234        0
openf___224_> Open           alignment.ali

Dynamically allocated memory at   amaxalignment [B,KiB,MiB]:     11982256   11701.422    11.427

Dynamically allocated memory at   amaxalignment [B,KiB,MiB]:     11983706   11702.838    11.429

Dynamically allocated memory at   amaxalignment [B,KiB,MiB]:     11986606   11705.670    11.431

Dynamically allocated memory at   amaxalignment [B,KiB,MiB]:     11992406   11711.334    11.437

Dynamically allocated memory at   amaxalignment [B,KiB,MiB]:     12004006   11722.662    11.448

Dynamically allocated memory at   amaxalignment [B,KiB,MiB]:     12244814   11957.826    11.678

Dynamically allocated memory at    amaxsequence [B,KiB,MiB]:     12244842   11957.854    11.678

Dynamically allocated memory at    amaxsequence [B,KiB,MiB]:     12244870   11957.881    11.678

Dynamically allocated memory at    amaxsequence [B,KiB,MiB]:     12244898   11957.908    11.678

Dynamically allocated memory at    amaxsequence [B,KiB,MiB]:     12244926   11957.936    11.678

Dynamically allocated memory at    amaxsequence [B,KiB,MiB]:     12244954   11957.963    11.678

Dynamically allocated memory at    amaxsequence [B,KiB,MiB]:     12244982   11957.990    11.678

Dynamically allocated memory at    amaxsequence [B,KiB,MiB]:     12247186   11960.143    11.680

Dynamically allocated memory at    amaxsequence [B,KiB,MiB]:     12249398   11962.303    11.682

Read the alignment from file       : alignment.ali

Total number of alignment positions:   554

  #  Code        #_Res #_Segm PDB_code    Name
-------------------------------------------------------------------------------
  1       6b9z     552      4        6b9z MOL_ID  1; MOLECULE  TRASTUZUMAB FAB LIGHT CHAIN; CHAIN  A; SYNONYM  HERCEPTIN F
  2  6b9z_fill     554      4
44 atoms selected for loop refinement
make_re_417_> Restraint type to be calculated:  bond
r_stere_606_> Stereochemical restraints were constructed from RTF & PRMF.
              Added bond,angle,dihedral,improper restraints  :       45       0       0       0
              Total number of restraints before, now         :        0       45
make_re_422_> Number of previous, current restraints         :        0       45
make_re_423_> Number of previous, current selected restraints:        0       45
make_re_417_> Restraint type to be calculated:  angle
r_stere_606_> Stereochemical restraints were constructed from RTF & PRMF.
              Added bond,angle,dihedral,improper restraints  :        0      61       0       0
              Total number of restraints before, now         :       45      106
make_re_422_> Number of previous, current restraints         :       45      106
make_re_423_> Number of previous, current selected restraints:       45      106
make_re_417_> Restraint type to be calculated:  improper
r_stere_606_> Stereochemical restraints were constructed from RTF & PRMF.
              Added bond,angle,dihedral,improper restraints  :        0       0       0      14
              Total number of restraints before, now         :      106      120
make_re_422_> Number of previous, current restraints         :      106      120
make_re_423_> Number of previous, current selected restraints:      106      120
make_re_417_> Restraint type to be calculated:  dihedral
r_stere_606_> Stereochemical restraints were constructed from RTF & PRMF.
              Added bond,angle,dihedral,improper restraints  :        0       0      78       0
              Total number of restraints before, now         :      120      198
make_re_422_> Number of previous, current restraints         :      120      198
make_re_423_> Number of previous, current selected restraints:      120      198
make_re_417_> Restraint type to be calculated:  phi-psi_binormal

Dynamically allocated memory at   amaxstructure [B,KiB,MiB]:     11979854   11699.076    11.425
openf___224_> Open           ${MODINSTALL10v1}/modlib/mnch1.bin
openf___224_> Open           ${MODINSTALL10v1}/modlib/mnch1.mdt
getdata_643_> Protein accepted:  6b9z_fill
getdata_289_> Proteins (all/accepted):        1        1
make_re_422_> Number of previous, current restraints         :      198      204
make_re_423_> Number of previous, current selected restraints:      198      204
make_re_417_> Restraint type to be calculated:  omega_dihedral

Dynamically allocated memory at   amaxstructure [B,KiB,MiB]:     11979870   11699.092    11.425
openf___224_> Open           ${MODINSTALL10v1}/modlib/omega.bin
openf___224_> Open           ${MODINSTALL10v1}/modlib/omega.mdt
getdata_643_> Protein accepted:  6b9z_fill
getdata_289_> Proteins (all/accepted):        1        1
omgdel__425_> Unselected all O C +N +CA dihedrals:        7
              (This is to avoid clashes between STEREO
              and OMEGA_DIHEDRAL restraints)
make_re_422_> Number of previous, current restraints         :      204      210
make_re_423_> Number of previous, current selected restraints:      204      203
make_re_417_> Restraint type to be calculated:  chi1_dihedral

Dynamically allocated memory at   amaxstructure [B,KiB,MiB]:     11979870   11699.092    11.425
openf___224_> Open           ${MODINSTALL10v1}/modlib/chi1234.bin
openf___224_> Open           ${MODINSTALL10v1}/modlib/chi1.mdt
getdata_643_> Protein accepted:  6b9z_fill
getdata_289_> Proteins (all/accepted):        1        1
make_re_422_> Number of previous, current restraints         :      210      216
make_re_423_> Number of previous, current selected restraints:      203      209
make_re_417_> Restraint type to be calculated:  chi2_dihedral

Dynamically allocated memory at   amaxstructure [B,KiB,MiB]:     11979870   11699.092    11.425
openf___224_> Open           ${MODINSTALL10v1}/modlib/chi1234.bin
openf___224_> Open           ${MODINSTALL10v1}/modlib/chi2.mdt
getdata_643_> Protein accepted:  6b9z_fill
getdata_289_> Proteins (all/accepted):        1        1
make_re_422_> Number of previous, current restraints         :      216      219
make_re_423_> Number of previous, current selected restraints:      209      212
make_re_417_> Restraint type to be calculated:  chi3_dihedral

Dynamically allocated memory at   amaxstructure [B,KiB,MiB]:     11979870   11699.092    11.425
openf___224_> Open           ${MODINSTALL10v1}/modlib/chi1234.bin
openf___224_> Open           ${MODINSTALL10v1}/modlib/chi3.mdt
getdata_643_> Protein accepted:  6b9z_fill
getdata_289_> Proteins (all/accepted):        1        1
make_re_422_> Number of previous, current restraints         :      219      222
make_re_423_> Number of previous, current selected restraints:      212      215
make_re_417_> Restraint type to be calculated:  chi4_dihedral

Dynamically allocated memory at   amaxstructure [B,KiB,MiB]:     11979870   11699.092    11.425
openf___224_> Open           ${MODINSTALL10v1}/modlib/chi1234.bin
openf___224_> Open           ${MODINSTALL10v1}/modlib/chi4.mdt
mdtrsr__446W> A potential that relies on one protein is used, yet you have at
              least one known structure available. MDT, not library, potential is used.
getdata_643_> Protein accepted:  6b9z_fill
getdata_289_> Proteins (all/accepted):        1        1
make_re_422_> Number of previous, current restraints         :      222      223
make_re_423_> Number of previous, current selected restraints:      215      216
pick_re_612_> Number of MODEL atoms, selected restraints;       44      223
rmdupl__427_>       41 redundant cosine dihedral restraints were unselected.
condens_443_> Restraints marked for deletion were removed.
              Total number of restraints before, now:      223      182
openf___224_> Open           6b9z_fill.lrsr
preppdf_457W> Both soft sphere and statistical potential terms selected.


>> ENERGY; Differences between the model's features and restraints:
Number of all residues in MODEL                   :      554
Number of all, selected real atoms                :     4234      44
Number of all, selected pseudo atoms              :        0       0
Number of all static, selected restraints         :      182     182
COVALENT_CYS                                      :        F
NONBONDED_SEL_ATOMS                               :        1
Number of non-bonded pairs (excluding 1-2,1-3,1-4):      848
Dynamic pairs routine                             : 5, NATM_SEL x NATM double loop
Atomic shift for contacts update (UPDATE_DYNAMIC) :    0.390
LENNARD_JONES_SWITCH                              :    6.500   7.500
COULOMB_JONES_SWITCH                              :    6.500   7.500
RESIDUE_SPAN_RANGE                                :        0   99999
NLOGN_USE                                         :       15
CONTACT_SHELL                                     :    7.000
DYNAMIC_PAIRS,_SPHERE,_COULOMB,_LENNARD,_MODELLER :        T       T       F       F       T
SPHERE_STDV                                       :    0.050
RADII_FACTOR                                      :    0.820
Current energy                                    :          37.3410





Summary of the restraint violations: 

   NUM     ... number of restraints.
   NUMVI   ... number of restraints with RVIOL > VIOL_REPORT_CUT[i].
   RVIOL   ... relative difference from the best value.
   NUMVP   ... number of restraints with -Ln(pdf) > VIOL_REPORT_CUT2[i].
   RMS_1   ... RMS(feature, minimally_violated_basis_restraint, NUMB).
   RMS_2   ... RMS(feature, best_value, NUMB).
   MOL.PDF ... scaled contribution to -Ln(Molecular pdf).

 #                     RESTRAINT_GROUP      NUM   NUMVI  NUMVP   RMS_1   RMS_2         MOL.PDF     S_i
------------------------------------------------------------------------------------------------------
 1 Bond length potential              :      45       0      0   0.002   0.002     0.67803E-01   1.000
 2 Bond angle potential               :      61       0      0   1.705   1.705      3.3548       1.000
 3 Stereochemical cosine torsion poten:      37       0      0  45.385  45.385      9.8242       1.000
 4 Stereochemical improper torsion pot:      14       0      0   0.602   0.602     0.16593       1.000
 5 Soft-sphere overlap restraints     :     848       0      0   0.000   0.000     0.37729E-02   1.000
 6 Lennard-Jones 6-12 potential       :       0       0      0   0.000   0.000      0.0000       1.000
 7 Coulomb point-point electrostatic p:       0       0      0   0.000   0.000      0.0000       1.000
 8 H-bonding potential                :       0       0      0   0.000   0.000      0.0000       1.000
 9 Distance restraints 1 (CA-CA)      :       0       0      0   0.000   0.000      0.0000       1.000
10 Distance restraints 2 (N-O)        :       0       0      0   0.000   0.000      0.0000       1.000
11 Mainchain Phi dihedral restraints  :       0       0      0   0.000   0.000      0.0000       1.000
12 Mainchain Psi dihedral restraints  :       0       0      0   0.000   0.000      0.0000       1.000
13 Mainchain Omega dihedral restraints:       6       0      0   1.336   1.336     0.12636       1.000
14 Sidechain Chi_1 dihedral restraints:       6       0      0  78.340  78.340      1.9754       1.000
15 Sidechain Chi_2 dihedral restraints:       3       0      0 101.096 101.096      1.6579       1.000
16 Sidechain Chi_3 dihedral restraints:       3       0      0 109.001 109.001      2.8583       1.000
17 Sidechain Chi_4 dihedral restraints:       1       0      0 128.038 128.038      1.2575       1.000
18 Disulfide distance restraints      :       0       0      0   0.000   0.000      0.0000       1.000
19 Disulfide angle restraints         :       0       0      0   0.000   0.000      0.0000       1.000
20 Disulfide dihedral angle restraints:       0       0      0   0.000   0.000      0.0000       1.000
21 Lower bound distance restraints    :       0       0      0   0.000   0.000      0.0000       1.000
22 Upper bound distance restraints    :       0       0      0   0.000   0.000      0.0000       1.000
23 Distance restraints 3 (SDCH-MNCH)  :       0       0      0   0.000   0.000      0.0000       1.000
24 Sidechain Chi_5 dihedral restraints:       0       0      0   0.000   0.000      0.0000       1.000
25 Phi/Psi pair of dihedral restraints:       6       3      0  18.408 123.888      2.6062       1.000
26 Distance restraints 4 (SDCH-SDCH)  :       0       0      0   0.000   0.000      0.0000       1.000
27 Distance restraints 5 (X-Y)        :       0       0      0   0.000   0.000      0.0000       1.000
28 NMR distance restraints 6 (X-Y)    :       0       0      0   0.000   0.000      0.0000       1.000
29 NMR distance restraints 7 (X-Y)    :       0       0      0   0.000   0.000      0.0000       1.000
30 Minimal distance restraints        :       0       0      0   0.000   0.000      0.0000       1.000
31 Non-bonded restraints              :     848       0      8   1.811   1.811      13.443       1.000
32 Atomic accessibility restraints    :       0       0      0   0.000   0.000      0.0000       1.000
33 Atomic density restraints          :       0       0      0   0.000   0.000      0.0000       1.000
34 Absolute position restraints       :       0       0      0   0.000   0.000      0.0000       1.000
35 Dihedral angle difference restraint:       0       0      0   0.000   0.000      0.0000       1.000
36 GBSA implicit solvent potential    :       0       0      0   0.000   0.000      0.0000       1.000
37 EM density fitting potential       :       0       0      0   0.000   0.000      0.0000       1.000
38 SAXS restraints                    :       0       0      0   0.000   0.000      0.0000       1.000
39 Symmetry restraints                :       0       0      0   0.000   0.000      0.0000       1.000



List of the violated restraints:
   A restraint is violated when the relative difference
   from the best value (RVIOL) is larger than CUTOFF.

   ICSR   ... index of a restraint in the current set.
   RESNO  ... residue numbers of the first two atoms.
   ATM    ... IUPAC atom names of the first two atoms.
   FEAT   ... the value of the feature in the model.
   restr  ... the mean of the basis restraint with the smallest
              difference from the model (local minimum).
   viol   ... difference from the local minimum.
   rviol  ... relative difference from the local minimum.
   RESTR  ... the best value (global minimum).
   VIOL   ... difference from the best value.
   RVIOL  ... relative difference from the best value.


-------------------------------------------------------------------------------------------------

Feature 25                           : Phi/Psi pair of dihedral restraints     
List of the RVIOL violations larger than   :       6.5000

    #   ICSR  RESNO1/2 ATM1/2   INDATM1/2    FEAT   restr    viol   rviol   RESTR    VIOL   RVIOL
    1    158 432V 433E C   N    3288 3290 -136.38 -117.80   32.85    1.19  -63.60  171.97   27.01
    1        433E 433E N   CA   3290 3291  163.89  136.80                  -40.30
    2    161 435K 436S C   N    3313 3315  -55.85  -72.40   21.68    1.06  -64.10  173.60   13.09
    2        436S 436S N   CA   3315 3316  138.40  152.40                  -35.00
    3    162 438S 439E C   N    3332 3334 -101.73 -117.80   16.18    0.55  -63.60  179.32   22.04
    3        439E 439E N   CA   3334 3335  134.92  136.80                  -40.30


report______> Distribution of short non-bonded contacts:

  serious non-bonded atom clash:   166  676   2.044
  serious non-bonded atom clash:  1020 1499   2.040
  serious non-bonded atom clash:  1802 2395   2.036
  serious non-bonded atom clash:  2753 3168   2.034

DISTANCE1:  0.00 2.10 2.20 2.30 2.40 2.50 2.60 2.70 2.80 2.90 3.00 3.10 3.20 3.30 3.40
DISTANCE2:  2.10 2.20 2.30 2.40 2.50 2.60 2.70 2.80 2.90 3.00 3.10 3.20 3.30 3.40 3.50
FREQUENCY:     4    0    0    0    1   29   48  142  233  289  335  403  537  567  665


<< end of ENERGY.
openf___224_> Open           6b9z_fill.IL00000001.pdb
wrpdb___568_> Residues, atoms, selected atoms:      554     4234     4234
openf___224_> Open           6b9z_fill.IL00000001.pdb

Dynamically allocated memory at       amaxmodel [B,KiB,MiB]:     12272514   11984.877    11.704
read_mo_297_> Segments, residues, atoms:        4      554     4234
read_mo_298_> Segment:        1  1:A  214:A     1653
read_mo_298_> Segment:        2  215:B  437:B     1674
read_mo_298_> Segment:        3  438:C  500:C      483
read_mo_298_> Segment:        4  501:D  554:D      424
randomi_498_> Atoms,selected atoms,random_seed,amplitude:     4234       44        1        5.0000
randomi_496_> Amplitude is > 0; randomization is done.
preppdf_457W> Both soft sphere and statistical potential terms selected.
preppdf_457W> Both soft sphere and statistical potential terms selected.
preppdf_457W> Both soft sphere and statistical potential terms selected.
preppdf_457W> Both soft sphere and statistical potential terms selected.
preppdf_457W> Both soft sphere and statistical potential terms selected.
preppdf_457W> Both soft sphere and statistical potential terms selected.
preppdf_457W> Both soft sphere and statistical potential terms selected.
preppdf_457W> Both soft sphere and statistical potential terms selected.
preppdf_457W> Both soft sphere and statistical potential terms selected.
preppdf_457W> Both soft sphere and statistical potential terms selected.
preppdf_457W> Both soft sphere and statistical potential terms selected.
preppdf_457W> Both soft sphere and statistical potential terms selected.
preppdf_457W> Both soft sphere and statistical potential terms selected.
preppdf_457W> Both soft sphere and statistical potential terms selected.
preppdf_457W> Both soft sphere and statistical potential terms selected.
preppdf_457W> Both soft sphere and statistical potential terms selected.
preppdf_457W> Both soft sphere and statistical potential terms selected.
preppdf_457W> Both soft sphere and statistical potential terms selected.
preppdf_457W> Both soft sphere and statistical potential terms selected.
preppdf_457W> Both soft sphere and statistical potential terms selected.
preppdf_457W> Both soft sphere and statistical potential terms selected.
preppdf_457W> Both soft sphere and statistical potential terms selected.
preppdf_457W> Both soft sphere and statistical potential terms selected.
preppdf_457W> Both soft sphere and statistical potential terms selected.
preppdf_457W> Both soft sphere and statistical potential terms selected.
preppdf_457W> Both soft sphere and statistical potential terms selected.
preppdf_457W> Both soft sphere and statistical potential terms selected.
preppdf_457W> Both soft sphere and statistical potential terms selected.
preppdf_457W> Both soft sphere and statistical potential terms selected.


>> ENERGY; Differences between the model's features and restraints:
Number of all residues in MODEL                   :      554
Number of all, selected real atoms                :     4234      44
Number of all, selected pseudo atoms              :        0       0
Number of all static, selected restraints         :      182     182
COVALENT_CYS                                      :        F
NONBONDED_SEL_ATOMS                               :        1
Number of non-bonded pairs (excluding 1-2,1-3,1-4):      813
Dynamic pairs routine                             : 5, NATM_SEL x NATM double loop
Atomic shift for contacts update (UPDATE_DYNAMIC) :    0.390
LENNARD_JONES_SWITCH                              :    6.500   7.500
COULOMB_JONES_SWITCH                              :    6.500   7.500
RESIDUE_SPAN_RANGE                                :        0   99999
NLOGN_USE                                         :       15
CONTACT_SHELL                                     :    7.000
DYNAMIC_PAIRS,_SPHERE,_COULOMB,_LENNARD,_MODELLER :        T       T       F       F       T
SPHERE_STDV                                       :    0.050
RADII_FACTOR                                      :    0.820
Current energy                                    :          10.6689





Summary of the restraint violations: 

   NUM     ... number of restraints.
   NUMVI   ... number of restraints with RVIOL > VIOL_REPORT_CUT[i].
   RVIOL   ... relative difference from the best value.
   NUMVP   ... number of restraints with -Ln(pdf) > VIOL_REPORT_CUT2[i].
   RMS_1   ... RMS(feature, minimally_violated_basis_restraint, NUMB).
   RMS_2   ... RMS(feature, best_value, NUMB).
   MOL.PDF ... scaled contribution to -Ln(Molecular pdf).

 #                     RESTRAINT_GROUP      NUM   NUMVI  NUMVP   RMS_1   RMS_2         MOL.PDF     S_i
------------------------------------------------------------------------------------------------------
 1 Bond length potential              :      45       0      0   0.007   0.007     0.58327       1.000
 2 Bond angle potential               :      61       0      0   2.789   2.789      7.9293       1.000
 3 Stereochemical cosine torsion poten:      37       0      0  41.548  41.548      8.9226       1.000
 4 Stereochemical improper torsion pot:      14       0      0   1.668   1.668      1.2999       1.000
 5 Soft-sphere overlap restraints     :     813       0      0   0.000   0.000     0.51033E-02   1.000
 6 Lennard-Jones 6-12 potential       :       0       0      0   0.000   0.000      0.0000       1.000
 7 Coulomb point-point electrostatic p:       0       0      0   0.000   0.000      0.0000       1.000
 8 H-bonding potential                :       0       0      0   0.000   0.000      0.0000       1.000
 9 Distance restraints 1 (CA-CA)      :       0       0      0   0.000   0.000      0.0000       1.000
10 Distance restraints 2 (N-O)        :       0       0      0   0.000   0.000      0.0000       1.000
11 Mainchain Phi dihedral restraints  :       0       0      0   0.000   0.000      0.0000       1.000
12 Mainchain Psi dihedral restraints  :       0       0      0   0.000   0.000      0.0000       1.000
13 Mainchain Omega dihedral restraints:       6       0      0   2.672   2.672     0.50563       1.000
14 Sidechain Chi_1 dihedral restraints:       6       0      0  85.420  85.420      2.3051       1.000
15 Sidechain Chi_2 dihedral restraints:       3       0      0  80.673  80.673      2.2064       1.000
16 Sidechain Chi_3 dihedral restraints:       3       0      0  73.756  73.756      2.7266       1.000
17 Sidechain Chi_4 dihedral restraints:       1       0      0 119.248 119.248     0.95542       1.000
18 Disulfide distance restraints      :       0       0      0   0.000   0.000      0.0000       1.000
19 Disulfide angle restraints         :       0       0      0   0.000   0.000      0.0000       1.000
20 Disulfide dihedral angle restraints:       0       0      0   0.000   0.000      0.0000       1.000
21 Lower bound distance restraints    :       0       0      0   0.000   0.000      0.0000       1.000
22 Upper bound distance restraints    :       0       0      0   0.000   0.000      0.0000       1.000
23 Distance restraints 3 (SDCH-MNCH)  :       0       0      0   0.000   0.000      0.0000       1.000
24 Sidechain Chi_5 dihedral restraints:       0       0      0   0.000   0.000      0.0000       1.000
25 Phi/Psi pair of dihedral restraints:       6       5      0  27.136 151.214      5.2781       1.000
26 Distance restraints 4 (SDCH-SDCH)  :       0       0      0   0.000   0.000      0.0000       1.000
27 Distance restraints 5 (X-Y)        :       0       0      0   0.000   0.000      0.0000       1.000
28 NMR distance restraints 6 (X-Y)    :       0       0      0   0.000   0.000      0.0000       1.000
29 NMR distance restraints 7 (X-Y)    :       0       0      0   0.000   0.000      0.0000       1.000
30 Minimal distance restraints        :       0       0      0   0.000   0.000      0.0000       1.000
31 Non-bonded restraints              :     813       0      2   1.879   1.879     -22.048       1.000
32 Atomic accessibility restraints    :       0       0      0   0.000   0.000      0.0000       1.000
33 Atomic density restraints          :       0       0      0   0.000   0.000      0.0000       1.000
34 Absolute position restraints       :       0       0      0   0.000   0.000      0.0000       1.000
35 Dihedral angle difference restraint:       0       0      0   0.000   0.000      0.0000       1.000
36 GBSA implicit solvent potential    :       0       0      0   0.000   0.000      0.0000       1.000
37 EM density fitting potential       :       0       0      0   0.000   0.000      0.0000       1.000
38 SAXS restraints                    :       0       0      0   0.000   0.000      0.0000       1.000
39 Symmetry restraints                :       0       0      0   0.000   0.000      0.0000       1.000



List of the violated restraints:
   A restraint is violated when the relative difference
   from the best value (RVIOL) is larger than CUTOFF.

   ICSR   ... index of a restraint in the current set.
   RESNO  ... residue numbers of the first two atoms.
   ATM    ... IUPAC atom names of the first two atoms.
   FEAT   ... the value of the feature in the model.
   restr  ... the mean of the basis restraint with the smallest
              difference from the model (local minimum).
   viol   ... difference from the local minimum.
   rviol  ... relative difference from the local minimum.
   RESTR  ... the best value (global minimum).
   VIOL   ... difference from the best value.
   RVIOL  ... relative difference from the best value.


-------------------------------------------------------------------------------------------------

Feature 25                           : Phi/Psi pair of dihedral restraints     
List of the RVIOL violations larger than   :       6.5000

    #   ICSR  RESNO1/2 ATM1/2   INDATM1/2    FEAT   restr    viol   rviol   RESTR    VIOL   RVIOL
    1    158 432V 433E C   N    3288 3290 -136.38 -117.80   41.63    1.65  -63.60  162.82   25.77
    1        433E 433E N   CA   3290 3291  174.06  136.80                  -40.30
    2    159 433E 434P C   N    3297 3299  -59.98  -58.70    6.65    0.45  -64.50  171.23   12.54
    2        434P 434P N   CA   3299 3300  -23.97  -30.50                  147.20
    3    160 434P 435K C   N    3304 3306 -131.92 -118.00   27.79    1.10  -62.90  170.62   26.29
    3        435K 435K N   CA   3306 3307  163.16  139.10                  -40.80
    4    161 435K 436S C   N    3313 3315  -92.72  -72.40   35.24    1.61  -64.10  146.63   12.55
    4        436S 436S N   CA   3315 3316 -178.81  152.40                  -35.00
    5    162 438S 439E C   N    3332 3334  -90.39  -69.30   23.24    2.05  -63.60  175.11   21.98
    5        439E 439E N   CA   3334 3335  132.75  142.50                  -40.30


report______> Distribution of short non-bonded contacts:

  serious non-bonded atom clash:   166  676   2.044
  serious non-bonded atom clash:  1020 1499   2.040
  serious non-bonded atom clash:  1802 2395   2.036
  serious non-bonded atom clash:  2753 3168   2.034

DISTANCE1:  0.00 2.10 2.20 2.30 2.40 2.50 2.60 2.70 2.80 2.90 3.00 3.10 3.20 3.30 3.40
DISTANCE2:  2.10 2.20 2.30 2.40 2.50 2.60 2.70 2.80 2.90 3.00 3.10 3.20 3.30 3.40 3.50
FREQUENCY:     4    0    0    0    1   30   48  141  232  287  329  404  534  567  665


<< end of ENERGY.
iupac_m_486_> OE1/2 will be swapped:     -138.3153      439  439
openf___224_> Open           6b9z_fill.BL00010001.pdb
wrpdb___568_> Residues, atoms, selected atoms:      554     4234     4234
openf___224_> Open           6b9z_fill.IL00000001.pdb

Dynamically allocated memory at       amaxmodel [B,KiB,MiB]:     12272514   11984.877    11.704
read_mo_297_> Segments, residues, atoms:        4      554     4234
read_mo_298_> Segment:        1  1:A  214:A     1653
read_mo_298_> Segment:        2  215:B  437:B     1674
read_mo_298_> Segment:        3  438:C  500:C      483
read_mo_298_> Segment:        4  501:D  554:D      424
randomi_498_> Atoms,selected atoms,random_seed,amplitude:     4234       44        1        5.0000
randomi_496_> Amplitude is > 0; randomization is done.
preppdf_457W> Both soft sphere and statistical potential terms selected.
preppdf_457W> Both soft sphere and statistical potential terms selected.
preppdf_457W> Both soft sphere and statistical potential terms selected.
preppdf_457W> Both soft sphere and statistical potential terms selected.
preppdf_457W> Both soft sphere and statistical potential terms selected.
preppdf_457W> Both soft sphere and statistical potential terms selected.
preppdf_457W> Both soft sphere and statistical potential terms selected.
preppdf_457W> Both soft sphere and statistical potential terms selected.
preppdf_457W> Both soft sphere and statistical potential terms selected.
preppdf_457W> Both soft sphere and statistical potential terms selected.
preppdf_457W> Both soft sphere and statistical potential terms selected.
preppdf_457W> Both soft sphere and statistical potential terms selected.
preppdf_457W> Both soft sphere and statistical potential terms selected.
preppdf_457W> Both soft sphere and statistical potential terms selected.
preppdf_457W> Both soft sphere and statistical potential terms selected.
preppdf_457W> Both soft sphere and statistical potential terms selected.
preppdf_457W> Both soft sphere and statistical potential terms selected.
preppdf_457W> Both soft sphere and statistical potential terms selected.
preppdf_457W> Both soft sphere and statistical potential terms selected.
preppdf_457W> Both soft sphere and statistical potential terms selected.
preppdf_457W> Both soft sphere and statistical potential terms selected.
preppdf_457W> Both soft sphere and statistical potential terms selected.
preppdf_457W> Both soft sphere and statistical potential terms selected.
preppdf_457W> Both soft sphere and statistical potential terms selected.
preppdf_457W> Both soft sphere and statistical potential terms selected.
preppdf_457W> Both soft sphere and statistical potential terms selected.
preppdf_457W> Both soft sphere and statistical potential terms selected.
preppdf_457W> Both soft sphere and statistical potential terms selected.
preppdf_457W> Both soft sphere and statistical potential terms selected.


>> ENERGY; Differences between the model's features and restraints:
Number of all residues in MODEL                   :      554
Number of all, selected real atoms                :     4234      44
Number of all, selected pseudo atoms              :        0       0
Number of all static, selected restraints         :      182     182
COVALENT_CYS                                      :        F
NONBONDED_SEL_ATOMS                               :        1
Number of non-bonded pairs (excluding 1-2,1-3,1-4):     1117
Dynamic pairs routine                             : 5, NATM_SEL x NATM double loop
Atomic shift for contacts update (UPDATE_DYNAMIC) :    0.390
LENNARD_JONES_SWITCH                              :    6.500   7.500
COULOMB_JONES_SWITCH                              :    6.500   7.500
RESIDUE_SPAN_RANGE                                :        0   99999
NLOGN_USE                                         :       15
CONTACT_SHELL                                     :    7.000
DYNAMIC_PAIRS,_SPHERE,_COULOMB,_LENNARD,_MODELLER :        T       T       F       F       T
SPHERE_STDV                                       :    0.050
RADII_FACTOR                                      :    0.820
Current energy                                    :          -0.1696





Summary of the restraint violations: 

   NUM     ... number of restraints.
   NUMVI   ... number of restraints with RVIOL > VIOL_REPORT_CUT[i].
   RVIOL   ... relative difference from the best value.
   NUMVP   ... number of restraints with -Ln(pdf) > VIOL_REPORT_CUT2[i].
   RMS_1   ... RMS(feature, minimally_violated_basis_restraint, NUMB).
   RMS_2   ... RMS(feature, best_value, NUMB).
   MOL.PDF ... scaled contribution to -Ln(Molecular pdf).

 #                     RESTRAINT_GROUP      NUM   NUMVI  NUMVP   RMS_1   RMS_2         MOL.PDF     S_i
------------------------------------------------------------------------------------------------------
 1 Bond length potential              :      45       0      0   0.009   0.009     0.98334       1.000
 2 Bond angle potential               :      61       0      0   3.047   3.047      9.6464       1.000
 3 Stereochemical cosine torsion poten:      37       0      0  42.994  42.994      9.8592       1.000
 4 Stereochemical improper torsion pot:      14       0      0   1.756   1.756      1.2679       1.000
 5 Soft-sphere overlap restraints     :    1117       0      0   0.000   0.000     0.11558E-01   1.000
 6 Lennard-Jones 6-12 potential       :       0       0      0   0.000   0.000      0.0000       1.000
 7 Coulomb point-point electrostatic p:       0       0      0   0.000   0.000      0.0000       1.000
 8 H-bonding potential                :       0       0      0   0.000   0.000      0.0000       1.000
 9 Distance restraints 1 (CA-CA)      :       0       0      0   0.000   0.000      0.0000       1.000
10 Distance restraints 2 (N-O)        :       0       0      0   0.000   0.000      0.0000       1.000
11 Mainchain Phi dihedral restraints  :       0       0      0   0.000   0.000      0.0000       1.000
12 Mainchain Psi dihedral restraints  :       0       0      0   0.000   0.000      0.0000       1.000
13 Mainchain Omega dihedral restraints:       6       0      0   3.423   3.423     0.82983       1.000
14 Sidechain Chi_1 dihedral restraints:       6       0      0  70.641  70.641      1.8095       1.000
15 Sidechain Chi_2 dihedral restraints:       3       0      0  82.203  82.203      2.1673       1.000
16 Sidechain Chi_3 dihedral restraints:       3       0      0  80.179  80.179      3.2657       1.000
17 Sidechain Chi_4 dihedral restraints:       1       0      0  76.731  76.731      1.4486       1.000
18 Disulfide distance restraints      :       0       0      0   0.000   0.000      0.0000       1.000
19 Disulfide angle restraints         :       0       0      0   0.000   0.000      0.0000       1.000
20 Disulfide dihedral angle restraints:       0       0      0   0.000   0.000      0.0000       1.000
21 Lower bound distance restraints    :       0       0      0   0.000   0.000      0.0000       1.000
22 Upper bound distance restraints    :       0       0      0   0.000   0.000      0.0000       1.000
23 Distance restraints 3 (SDCH-MNCH)  :       0       0      0   0.000   0.000      0.0000       1.000
24 Sidechain Chi_5 dihedral restraints:       0       0      0   0.000   0.000      0.0000       1.000
25 Phi/Psi pair of dihedral restraints:       6       4      0  22.409 139.476      2.8168       1.000
26 Distance restraints 4 (SDCH-SDCH)  :       0       0      0   0.000   0.000      0.0000       1.000
27 Distance restraints 5 (X-Y)        :       0       0      0   0.000   0.000      0.0000       1.000
28 NMR distance restraints 6 (X-Y)    :       0       0      0   0.000   0.000      0.0000       1.000
29 NMR distance restraints 7 (X-Y)    :       0       0      0   0.000   0.000      0.0000       1.000
30 Minimal distance restraints        :       0       0      0   0.000   0.000      0.0000       1.000
31 Non-bonded restraints              :    1117       0      3   1.856   1.856     -34.276       1.000
32 Atomic accessibility restraints    :       0       0      0   0.000   0.000      0.0000       1.000
33 Atomic density restraints          :       0       0      0   0.000   0.000      0.0000       1.000
34 Absolute position restraints       :       0       0      0   0.000   0.000      0.0000       1.000
35 Dihedral angle difference restraint:       0       0      0   0.000   0.000      0.0000       1.000
36 GBSA implicit solvent potential    :       0       0      0   0.000   0.000      0.0000       1.000
37 EM density fitting potential       :       0       0      0   0.000   0.000      0.0000       1.000
38 SAXS restraints                    :       0       0      0   0.000   0.000      0.0000       1.000
39 Symmetry restraints                :       0       0      0   0.000   0.000      0.0000       1.000



List of the violated restraints:
   A restraint is violated when the relative difference
   from the best value (RVIOL) is larger than CUTOFF.

   ICSR   ... index of a restraint in the current set.
   RESNO  ... residue numbers of the first two atoms.
   ATM    ... IUPAC atom names of the first two atoms.
   FEAT   ... the value of the feature in the model.
   restr  ... the mean of the basis restraint with the smallest
              difference from the model (local minimum).
   viol   ... difference from the local minimum.
   rviol  ... relative difference from the local minimum.
   RESTR  ... the best value (global minimum).
   VIOL   ... difference from the best value.
   RVIOL  ... relative difference from the best value.


-------------------------------------------------------------------------------------------------

Feature 25                           : Phi/Psi pair of dihedral restraints     
List of the RVIOL violations larger than   :       6.5000

    #   ICSR  RESNO1/2 ATM1/2   INDATM1/2    FEAT   restr    viol   rviol   RESTR    VIOL   RVIOL
    1    158 432V 433E C   N    3288 3290 -136.38 -117.80   40.96    1.61  -63.60  163.49   25.86
    1        433E 433E N   CA   3290 3291  173.30  136.80                  -40.30
    2    159 433E 434P C   N    3297 3299  -55.01  -58.70    6.31    0.81  -64.50  172.84   12.41
    2        434P 434P N   CA   3299 3300  -25.38  -30.50                  147.20
    3    160 434P 435K C   N    3304 3306 -126.89 -118.00   21.45    0.89  -62.90  172.85   26.28
    3        435K 435K N   CA   3306 3307  158.63  139.10                  -40.80
    4    161 435K 436S C   N    3313 3315  -62.29  -72.40   18.07    0.83  -64.10  172.43   12.60
    4        436S 436S N   CA   3315 3316  137.42  152.40                  -35.00


report______> Distribution of short non-bonded contacts:

  serious non-bonded atom clash:   166  676   2.044
  serious non-bonded atom clash:  1020 1499   2.040
  serious non-bonded atom clash:  1802 2395   2.036
  serious non-bonded atom clash:  2753 3168   2.034

DISTANCE1:  0.00 2.10 2.20 2.30 2.40 2.50 2.60 2.70 2.80 2.90 3.00 3.10 3.20 3.30 3.40
DISTANCE2:  2.10 2.20 2.30 2.40 2.50 2.60 2.70 2.80 2.90 3.00 3.10 3.20 3.30 3.40 3.50
FREQUENCY:     4    0    0    0    1   30   49  144  232  289  328  410  535  573  664


<< end of ENERGY.
iupac_m_486_> OE1/2 will be swapped:      105.0157      439  439
openf___224_> Open           6b9z_fill.BL00020001.pdb
wrpdb___568_> Residues, atoms, selected atoms:      554     4234     4234

>> Summary of successfully produced models:
Filename                          molpdf
----------------------------------------
6b9z_fill.B99990001.pdb       3211.46387


>> Summary of successfully produced loop models:
Filename                          molpdf
----------------------------------------
6b9z_fill.BL00010001.pdb        10.66891
6b9z_fill.BL00020001.pdb        -0.16965


Dynamically allocated memory at          finish [B,KiB,MiB]:     11614986   11342.760    11.077
Starting time                                            : 2021/05/18 17:07:46
Closing time                                             : 2021/05/18 17:08:09
Total CPU time [seconds]                                 :      22.77
