
                         MODELLER 10.1, 2021/03/12, r12156

     PROTEIN STRUCTURE MODELLING BY SATISFACTION OF SPATIAL RESTRAINTS


                     Copyright(c) 1989-2021 Andrej Sali
                            All Rights Reserved

                             Written by A. Sali
                               with help from
              B. Webb, M.S. Madhusudhan, M-Y. Shen, G.Q. Dong,
          M.A. Marti-Renom, N. Eswar, F. Alber, M. Topf, B. Oliva,
             A. Fiser, R. Sanchez, B. Yerkovich, A. Badretdinov,
                     F. Melo, J.P. Overington, E. Feyfant
                 University of California, San Francisco, USA
                    Rockefeller University, New York, USA
                      Harvard University, Cambridge, USA
                   Imperial Cancer Research Fund, London, UK
              Birkbeck College, University of London, London, UK


Kind, OS, HostName, Kernel, Processor: 4, Darwin cu-biotgw-4-10.219.134.237.int.colorado.edu 19.6.0 x86_64
Date and time of compilation         : 2021/03/11 16:15:42
MODELLER executable type             : mac10v4-intel64
Job starting time (YY/MM/DD HH:MM:SS): 2021/05/18 16:57:01

openf___224_> Open           $(LIB)/restyp.lib
openf___224_> Open           ${MODINSTALL10v1}/modlib/resgrp.lib
rdresgr_266_> Number of residue groups:        2
openf___224_> Open           ${MODINSTALL10v1}/modlib/sstruc.lib

Dynamically allocated memory at   amaxlibraries [B,KiB,MiB]:       191566     187.076     0.183

Dynamically allocated memory at   amaxlibraries [B,KiB,MiB]:       192094     187.592     0.183
openf___224_> Open           ${MODINSTALL10v1}/modlib/resdih.lib

Dynamically allocated memory at   amaxlibraries [B,KiB,MiB]:       240694     235.053     0.230
rdrdih__263_> Number of dihedral angle types         :        9
              Maximal number of dihedral angle optima:        3
              Dihedral angle names                   :  Alph Phi Psi Omeg chi1 chi2 chi3 chi4 chi5
openf___224_> Open           ${MODINSTALL10v1}/modlib/radii.lib

Dynamically allocated memory at   amaxlibraries [B,KiB,MiB]:       253994     248.041     0.242
openf___224_> Open           ${MODINSTALL10v1}/modlib/af_mnchdef.lib
rdwilmo_274_> Mainchain residue conformation classes:  APBLE
openf___224_> Open           ${MODINSTALL10v1}/modlib/mnch.lib
rdclass_257_> Number of classes:        5
openf___224_> Open           ${MODINSTALL10v1}/modlib/mnch1.lib
openf___224_> Open           ${MODINSTALL10v1}/modlib/mnch2.lib
openf___224_> Open           ${MODINSTALL10v1}/modlib/mnch3.lib
openf___224_> Open           ${MODINSTALL10v1}/modlib/xs4.mat
rdrrwgh_268_> Number of residue types:       21
openf___224_> Open           alignment.ali

Dynamically allocated memory at   amaxalignment [B,KiB,MiB]:       266151     259.913     0.254

Dynamically allocated memory at   amaxalignment [B,KiB,MiB]:       267601     261.329     0.255

Dynamically allocated memory at   amaxalignment [B,KiB,MiB]:       270501     264.161     0.258

Dynamically allocated memory at   amaxalignment [B,KiB,MiB]:       276301     269.825     0.264

Dynamically allocated memory at   amaxalignment [B,KiB,MiB]:       287901     281.153     0.275

Dynamically allocated memory at   amaxalignment [B,KiB,MiB]:       528709     516.317     0.504

Dynamically allocated memory at    amaxsequence [B,KiB,MiB]:       528737     516.345     0.504

Dynamically allocated memory at    amaxsequence [B,KiB,MiB]:       528765     516.372     0.504

Dynamically allocated memory at    amaxsequence [B,KiB,MiB]:       530489     518.056     0.506

Dynamically allocated memory at    amaxsequence [B,KiB,MiB]:       532225     519.751     0.508

Read the alignment from file       : alignment.ali

Total number of alignment positions:   435

  #  Code        #_Res #_Segm PDB_code    Name
-------------------------------------------------------------------------------
  1       7dun     432      2        7dun MOL_ID  1; MOLECULE  FAB HEAVY CHAIN; CHAIN  H; ENGINEERED  YES; MOL_ID  2; MOLE
  2  7dun_fill     435      2
check_a_343_> >> BEGINNING OF COMMAND
openf___224_> Open           ./7dun.pdb

Dynamically allocated memory at amaxcoordinates [B,KiB,MiB]:       663550     647.998     0.633

Dynamically allocated memory at    amaxsequence [B,KiB,MiB]:       663550     647.998     0.633

Dynamically allocated memory at amaxcoordinates [B,KiB,MiB]:       663721     648.165     0.633

Dynamically allocated memory at amaxcoordinates [B,KiB,MiB]:       664571     648.995     0.634

Dynamically allocated memory at amaxcoordinates [B,KiB,MiB]:       665829     650.224     0.635

Dynamically allocated memory at amaxcoordinates [B,KiB,MiB]:       667733     652.083     0.637

Dynamically allocated memory at    amaxsequence [B,KiB,MiB]:       667733     652.083     0.637

Dynamically allocated memory at amaxcoordinates [B,KiB,MiB]:       667823     652.171     0.637

Dynamically allocated memory at amaxcoordinates [B,KiB,MiB]:       670679     654.960     0.640

Dynamically allocated memory at    amaxsequence [B,KiB,MiB]:       670679     654.960     0.640

Dynamically allocated memory at amaxcoordinates [B,KiB,MiB]:       670814     655.092     0.640

Dynamically allocated memory at amaxcoordinates [B,KiB,MiB]:       675098     659.275     0.644

Dynamically allocated memory at    amaxsequence [B,KiB,MiB]:       675098     659.275     0.644

Dynamically allocated memory at amaxcoordinates [B,KiB,MiB]:       675296     659.469     0.644

Dynamically allocated memory at amaxcoordinates [B,KiB,MiB]:       681722     665.744     0.650

Dynamically allocated memory at    amaxsequence [B,KiB,MiB]:       681722     665.744     0.650

Dynamically allocated memory at amaxcoordinates [B,KiB,MiB]:       682019     666.034     0.650

Dynamically allocated memory at amaxcoordinates [B,KiB,MiB]:       691641     675.431     0.660

Dynamically allocated memory at    amaxsequence [B,KiB,MiB]:       691641     675.431     0.660

Dynamically allocated memory at amaxcoordinates [B,KiB,MiB]:       692091     675.870     0.660

Dynamically allocated memory at amaxcoordinates [B,KiB,MiB]:       706541     689.981     0.674

Dynamically allocated memory at    amaxsequence [B,KiB,MiB]:       706541     689.981     0.674

Dynamically allocated memory at amaxcoordinates [B,KiB,MiB]:       707216     690.641     0.674

Dynamically allocated memory at amaxcoordinates [B,KiB,MiB]:       728874     711.791     0.695

Dynamically allocated memory at    amaxsequence [B,KiB,MiB]:       728874     711.791     0.695

Dynamically allocated memory at amaxcoordinates [B,KiB,MiB]:       728874     711.791     0.695

Dynamically allocated memory at    amaxsequence [B,KiB,MiB]:       728874     711.791     0.695

Dynamically allocated memory at amaxcoordinates [B,KiB,MiB]:       729882     712.775     0.696

Dynamically allocated memory at amaxcoordinates [B,KiB,MiB]:       762386     744.518     0.727

Dynamically allocated memory at    amaxsequence [B,KiB,MiB]:       762386     744.518     0.727

Dynamically allocated memory at amaxcoordinates [B,KiB,MiB]:       763898     745.994     0.729

Dynamically allocated memory at amaxcoordinates [B,KiB,MiB]:       812654     793.607     0.775

Dynamically allocated memory at   amaxstructure [B,KiB,MiB]:       811997     792.966     0.774

check_ali___> Checking the sequence-structure alignment. 

Implied intrachain target CA(i)-CA(i+1) distances longer than  8.0 angstroms:

ALN_POS  TMPL  RID1  RID2  NAM1  NAM2     DIST
----------------------------------------------
END OF TABLE
check_a_344_> << END OF COMMAND
openf___224_> Open           ${LIB}/top_heav.lib
read_to_681_> topology.submodel read from topology file:        3
openf___224_> Open           ${LIB}/par.lib

Dynamically allocated memory at  amaxparameters [B,KiB,MiB]:       951249     928.954     0.907

Dynamically allocated memory at  amaxparameters [B,KiB,MiB]:       952849     930.517     0.909

Dynamically allocated memory at  amaxparameters [B,KiB,MiB]:       956829     934.403     0.913

Dynamically allocated memory at  amaxparameters [B,KiB,MiB]:       958829     936.356     0.914

Dynamically allocated memory at  amaxparameters [B,KiB,MiB]:       961829     939.286     0.917

Dynamically allocated memory at  amaxparameters [B,KiB,MiB]:       966329     943.681     0.922

Dynamically allocated memory at  amaxparameters [B,KiB,MiB]:       971901     949.122     0.927

Dynamically allocated memory at  amaxparameters [B,KiB,MiB]:       974701     951.856     0.930

Dynamically allocated memory at  amaxparameters [B,KiB,MiB]:       978901     955.958     0.934

Dynamically allocated memory at  amaxparameters [B,KiB,MiB]:       985201     962.110     0.940

Dynamically allocated memory at  amaxparameters [B,KiB,MiB]:       987973     964.817     0.942

Dynamically allocated memory at  amaxparameters [B,KiB,MiB]:       989373     966.185     0.944
read_pa_232_> parameters    BONDS   ANGLS  DIHEDS IMPROPS    MODE
                              227     561     661     112       0

Dynamically allocated memory at       amaxmodel [B,KiB,MiB]:      1024227    1000.222     0.977

Dynamically allocated memory at       amaxmodel [B,KiB,MiB]:      1188867    1161.003     1.134

Dynamically allocated memory at       amaxmodel [B,KiB,MiB]:      1213939    1185.487     1.158

mkilst______> segment topology constructed from sequence and RTF:
              segments residues  atoms  bonds angles dihedrals impropers:
                     1      223   1661   1702      0         0       716

Dynamically allocated memory at       amaxmodel [B,KiB,MiB]:      1286023    1255.882     1.226

patch_______> segment topology patched using RTF:  1 ;  GLU  ;  NTER
              segments residues  atoms  bonds angles dihedrals impropers:
                     1      223   1661   1702   2316      2770       716


Dynamically allocated memory at       amaxmodel [B,KiB,MiB]:      1362799    1330.858     1.300
patch_______> segment topology patched using RTF:  223 ;  LYS  ;  CTER
              segments residues  atoms  bonds angles dihedrals impropers:
                     1      223   1662   1703   2318      2772       717

genseg______> segment topology constructed from sequence and RTF:
              segments residues  atoms  bonds angles dihedrals impropers:
                     1      223   1662   1703   2318      2772       717

Dynamically allocated memory at    amaxsequence [B,KiB,MiB]:      1362827    1330.886     1.300

Dynamically allocated memory at       amaxmodel [B,KiB,MiB]:      1396111    1363.390     1.331

Dynamically allocated memory at       amaxmodel [B,KiB,MiB]:      1556047    1519.577     1.484

Dynamically allocated memory at       amaxmodel [B,KiB,MiB]:      1580631    1543.585     1.507

mkilst______> segment topology constructed from sequence and RTF:
              segments residues  atoms  bonds angles dihedrals impropers:
                     2      435   3293   3371   2318      2772      1418

Dynamically allocated memory at       amaxmodel [B,KiB,MiB]:      1651091    1612.394     1.575

patch_______> segment topology patched using RTF:  224 ;  GLU  ;  NTER
              segments residues  atoms  bonds angles dihedrals impropers:
                     2      435   3293   3371   4587      5474      1418


Dynamically allocated memory at       amaxmodel [B,KiB,MiB]:      1733411    1692.784     1.653
patch_______> segment topology patched using RTF:  435 ;  GLY  ;  CTER
              segments residues  atoms  bonds angles dihedrals impropers:
                     2      435   3294   3372   4589      5475      1419

genseg______> segment topology constructed from sequence and RTF:
              segments residues  atoms  bonds angles dihedrals impropers:
                     2      435   3294   3372   4589      5475      1419

Dynamically allocated memory at       amaxmodel [B,KiB,MiB]:      1767327    1725.905     1.685
patch_______> segment topology patched using RTF:  22 96 ;  CYS  CYS  ;  DISU
              segments residues  atoms  bonds angles dihedrals impropers:
                     2      435   3294   3373   4591      5478      1419
patch_______> segment topology patched using RTF:  149 205 ;  CYS  CYS  ;  DISU
              segments residues  atoms  bonds angles dihedrals impropers:
                     2      435   3294   3374   4593      5481      1419

Dynamically allocated memory at       amaxmodel [B,KiB,MiB]:      1767575    1726.147     1.686
patch_______> segment topology patched using RTF:  246 311 ;  CYS  CYS  ;  DISU
              segments residues  atoms  bonds angles dihedrals impropers:
                     2      435   3294   3375   4595      5484      1419
patch_______> segment topology patched using RTF:  357 417 ;  CYS  CYS  ;  DISU
              segments residues  atoms  bonds angles dihedrals impropers:
                     2      435   3294   3376   4597      5487      1419
patch_s_522_> Number of disulfides patched in MODEL:        4
transfe_506_> MODEL is an average of all templates.
transfe_511_> Number of templates for coordinate transfer:        1
              After transferring coordinates of the equivalent template atoms,
              there are defined, undefined atoms in MODEL:     3270       24
openf___224_> Open           7dun_fill.ini
wrpdb___568_> Residues, atoms, selected atoms:      435     3294     3294
make_re_417_> Restraint type to be calculated:  stereo

Dynamically allocated memory at  amaxrestraints [B,KiB,MiB]:      1875024    1831.078     1.788

Dynamically allocated memory at  amaxrestraints [B,KiB,MiB]:      1883216    1839.078     1.796

Dynamically allocated memory at  amaxrestraints [B,KiB,MiB]:      1899600    1855.078     1.812

Dynamically allocated memory at  amaxrestraints [B,KiB,MiB]:      1932368    1887.078     1.843

Dynamically allocated memory at  amaxrestraints [B,KiB,MiB]:      1965136    1919.078     1.874

Dynamically allocated memory at  amaxrestraints [B,KiB,MiB]:      2030672    1983.078     1.937

Dynamically allocated memory at  amaxrestraints [B,KiB,MiB]:      2063440    2015.078     1.968

Dynamically allocated memory at  amaxrestraints [B,KiB,MiB]:      2096208    2047.078     1.999

Dynamically allocated memory at  amaxrestraints [B,KiB,MiB]:      2161744    2111.078     2.062

Dynamically allocated memory at  amaxrestraints [B,KiB,MiB]:      2292816    2239.078     2.187

Dynamically allocated memory at  amaxrestraints [B,KiB,MiB]:      2358352    2303.078     2.249

Dynamically allocated memory at  amaxrestraints [B,KiB,MiB]:      2423888    2367.078     2.312

Dynamically allocated memory at  amaxrestraints [B,KiB,MiB]:      2554960    2495.078     2.437

Dynamically allocated memory at  amaxrestraints [B,KiB,MiB]:      2817104    2751.078     2.687

Dynamically allocated memory at  amaxrestraints [B,KiB,MiB]:      2948176    2879.078     2.812
r_stere_606_> Stereochemical restraints were constructed from RTF & PRMF.
              Added bond,angle,dihedral,improper restraints  :     3376    4597    5263    1394
              Total number of restraints before, now         :        0    14630
make_re_422_> Number of previous, current restraints         :        0    14630
make_re_423_> Number of previous, current selected restraints:        0    14630
make_re_417_> Restraint type to be calculated:  phi-psi_binormal

Dynamically allocated memory at   amaxstructure [B,KiB,MiB]:      3193622    3118.771     3.046
openf___224_> Open           ${MODINSTALL10v1}/modlib/mnch1.bin
openf___224_> Open           ${MODINSTALL10v1}/modlib/mnch1.mdt
getdata_643_> Protein accepted:  7dun
getdata_289_> Proteins (all/accepted):        1        1

Dynamically allocated memory at  amaxrestraints [B,KiB,MiB]:      3324710    3246.787     3.171
make_re_422_> Number of previous, current restraints         :    14630    15061
make_re_423_> Number of previous, current selected restraints:    14630    15061
make_re_417_> Restraint type to be calculated:  omega_dihedral

Dynamically allocated memory at   amaxstructure [B,KiB,MiB]:      3324710    3246.787     3.171
openf___224_> Open           ${MODINSTALL10v1}/modlib/omega.bin
openf___224_> Open           ${MODINSTALL10v1}/modlib/omega.mdt
getdata_643_> Protein accepted:  7dun
getdata_289_> Proteins (all/accepted):        1        1
omgdel__425_> Unselected all O C +N +CA dihedrals:      458
              (This is to avoid clashes between STEREO
              and OMEGA_DIHEDRAL restraints)
make_re_422_> Number of previous, current restraints         :    15061    15494
make_re_423_> Number of previous, current selected restraints:    15061    15036
make_re_417_> Restraint type to be calculated:  chi1_dihedral

Dynamically allocated memory at   amaxstructure [B,KiB,MiB]:      3324710    3246.787     3.171
openf___224_> Open           ${MODINSTALL10v1}/modlib/chi1234.bin
openf___224_> Open           ${MODINSTALL10v1}/modlib/chi1.mdt
getdata_643_> Protein accepted:  7dun
getdata_289_> Proteins (all/accepted):        1        1
make_re_422_> Number of previous, current restraints         :    15494    15863
make_re_423_> Number of previous, current selected restraints:    15036    15405
make_re_417_> Restraint type to be calculated:  chi2_dihedral

Dynamically allocated memory at   amaxstructure [B,KiB,MiB]:      3324710    3246.787     3.171
openf___224_> Open           ${MODINSTALL10v1}/modlib/chi1234.bin
openf___224_> Open           ${MODINSTALL10v1}/modlib/chi2.mdt
getdata_643_> Protein accepted:  7dun
getdata_289_> Proteins (all/accepted):        1        1
make_re_422_> Number of previous, current restraints         :    15863    16090
make_re_423_> Number of previous, current selected restraints:    15405    15632
make_re_417_> Restraint type to be calculated:  chi3_dihedral

Dynamically allocated memory at   amaxstructure [B,KiB,MiB]:      3324710    3246.787     3.171
openf___224_> Open           ${MODINSTALL10v1}/modlib/chi1234.bin
openf___224_> Open           ${MODINSTALL10v1}/modlib/chi3.mdt
getdata_643_> Protein accepted:  7dun
getdata_289_> Proteins (all/accepted):        1        1

Dynamically allocated memory at  amaxrestraints [B,KiB,MiB]:      3586854    3502.787     3.421
make_re_422_> Number of previous, current restraints         :    16090    16194
make_re_423_> Number of previous, current selected restraints:    15632    15736
make_re_417_> Restraint type to be calculated:  chi4_dihedral

Dynamically allocated memory at   amaxstructure [B,KiB,MiB]:      3586854    3502.787     3.421
openf___224_> Open           ${MODINSTALL10v1}/modlib/chi1234.bin
openf___224_> Open           ${MODINSTALL10v1}/modlib/chi4.mdt
mdtrsr__446W> A potential that relies on one protein is used, yet you have at
              least one known structure available. MDT, not library, potential is used.
getdata_643_> Protein accepted:  7dun
getdata_289_> Proteins (all/accepted):        1        1
make_re_422_> Number of previous, current restraints         :    16194    16232
make_re_423_> Number of previous, current selected restraints:    15736    15774
make_re_417_> Restraint type to be calculated:  DISTANCE

Dynamically allocated memory at amaxhash_contac [B,KiB,MiB]:      4535490    4429.189     4.325

Dynamically allocated memory at  amaxrestraints [B,KiB,MiB]:      4797634    4685.189     4.575

Dynamically allocated memory at  amaxrestraints [B,KiB,MiB]:      5321922    5197.189     5.075

Dynamically allocated memory at  amaxrestraints [B,KiB,MiB]:      5584066    5453.189     5.325
make_re_422_> Number of previous, current restraints         :    16232    25568
make_re_423_> Number of previous, current selected restraints:    15774    25110
make_re_417_> Restraint type to be calculated:  DISTANCE

Dynamically allocated memory at  amaxrestraints [B,KiB,MiB]:      6108354    5965.189     5.825
make_re_422_> Number of previous, current restraints         :    25568    34983
make_re_423_> Number of previous, current selected restraints:    25110    34525
make_re_417_> Restraint type to be calculated:  DISTANCE

Dynamically allocated memory at  amaxrestraints [B,KiB,MiB]:      7156930    6989.189     6.825
make_re_422_> Number of previous, current restraints         :    34983    42317
make_re_423_> Number of previous, current selected restraints:    34525    41859
make_re_417_> Restraint type to be calculated:  DISTANCE

Dynamically allocated memory at  amaxrestraints [B,KiB,MiB]:      7681218    7501.189     7.325
make_re_422_> Number of previous, current restraints         :    42317    46788
make_re_423_> Number of previous, current selected restraints:    41859    46330
0 atoms in HETATM/BLK residues constrained
to protein atoms within 2.30 angstroms
and protein CA atoms within 10.00 angstroms
make_re_417_> Restraint type to be calculated:  DISTANCE
make_re_422_> Number of previous, current restraints         :    46788    46788
make_re_423_> Number of previous, current selected restraints:    46330    46330
make_re_417_> Restraint type to be calculated:  DISTANCE
make_re_422_> Number of previous, current restraints         :    46788    46788
make_re_423_> Number of previous, current selected restraints:    46330    46330
make_re_417_> Restraint type to be calculated:  DISTANCE
make_re_422_> Number of previous, current restraints         :    46788    46788
make_re_423_> Number of previous, current selected restraints:    46330    46330
make_re_417_> Restraint type to be calculated:  DISTANCE
make_re_422_> Number of previous, current restraints         :    46788    46788
make_re_423_> Number of previous, current selected restraints:    46330    46330
0 atoms in residues without defined topology
constrained to be rigid bodies
make_re_417_> Restraint type to be calculated:  DISTANCE
make_re_422_> Number of previous, current restraints         :    46788    46788
make_re_423_> Number of previous, current selected restraints:    46330    46330
rmdupl__427_>     2590 redundant cosine dihedral restraints were unselected.
condens_443_> Restraints marked for deletion were removed.
              Total number of restraints before, now:    46788    43740
openf___224_> Open           7dun_fill.rsr
openf___224_> Open           7dun_fill.rsr

Dynamically allocated memory at  amaxrestraints [B,KiB,MiB]:      7935103    7749.124     7.568
rdcsr2__307_> Number of restraints read    :    43740
              Number of excluded pairs read:        0
              Number of pseudo atoms read  :        0
rdcsrs__304_> Restraints in memory, selected restraints:    43740    43740
              Explicitly excluded atom pairs in memory :        0
              Pseudo atoms in memory                   :        0
openf___224_> Open           7dun_fill.ini

Dynamically allocated memory at       amaxmodel [B,KiB,MiB]:      7935135    7749.155     7.568
read_mo_297_> Segments, residues, atoms:        2      435     3294
read_mo_298_> Segment:        1  1:A  223:A     1662
read_mo_298_> Segment:        2  224:B  435:B     1632
randomi_498_> Atoms,selected atoms,random_seed,amplitude:     3294     3294        1        4.0000
randomi_496_> Amplitude is > 0; randomization is done.
pick_re_612_> Number of MODEL atoms, selected restraints;     3294    22204
pick_re_612_> Number of MODEL atoms, selected restraints;     3294    24463
pick_re_612_> Number of MODEL atoms, selected restraints;     3294    25413
pick_re_612_> Number of MODEL atoms, selected restraints;     3294    26625
pick_re_612_> Number of MODEL atoms, selected restraints;     3294    29457
pick_re_612_> Number of MODEL atoms, selected restraints;     3294    31784
pick_re_612_> Number of MODEL atoms, selected restraints;     3294    34864
pick_re_612_> Number of MODEL atoms, selected restraints;     3294    38908
pick_re_612_> Number of MODEL atoms, selected restraints;     3294    40896

Dynamically allocated memory at  amaxrestraints [B,KiB,MiB]:      8306763    8112.073     7.922
pick_re_612_> Number of MODEL atoms, selected restraints;     3294    42038
pick_re_612_> Number of MODEL atoms, selected restraints;     3294    43738
pick_re_612_> Number of MODEL atoms, selected restraints;     3294    43740
iupac_m_486_> OE1/2 will be swapped:     -167.9888       46  46
iupac_m_487_> NH1/2 swapped:     -179.0463       67  67
iupac_m_487_> NH1/2 swapped:     -177.3436       87  87
iupac_m_487_> NH1/2 swapped:      177.0513      268  268
iupac_m_485_> OD1/2 will be swapped:       99.3901      293  293
iupac_m_487_> NH1/2 swapped:      175.8503      365  365
iupac_m_485_> OD1/2 will be swapped:      105.9125      390  390


>> ENERGY; Differences between the model's features and restraints:
Number of all residues in MODEL                   :      435
Number of all, selected real atoms                :     3294    3294
Number of all, selected pseudo atoms              :        0       0
Number of all static, selected restraints         :    43740   43740
COVALENT_CYS                                      :        F
NONBONDED_SEL_ATOMS                               :        1
Number of non-bonded pairs (excluding 1-2,1-3,1-4):     6584
Dynamic pairs routine                             : 2, NATM x NATM cell sorting
Atomic shift for contacts update (UPDATE_DYNAMIC) :    0.390
LENNARD_JONES_SWITCH                              :    6.500   7.500
COULOMB_JONES_SWITCH                              :    6.500   7.500
RESIDUE_SPAN_RANGE                                :        0   99999
NLOGN_USE                                         :       15
CONTACT_SHELL                                     :    4.000
DYNAMIC_PAIRS,_SPHERE,_COULOMB,_LENNARD,_MODELLER :        T       T       F       F       F
SPHERE_STDV                                       :    0.050
RADII_FACTOR                                      :    0.820
Current energy                                    :        2221.5142





Summary of the restraint violations: 

   NUM     ... number of restraints.
   NUMVI   ... number of restraints with RVIOL > VIOL_REPORT_CUT[i].
   RVIOL   ... relative difference from the best value.
   NUMVP   ... number of restraints with -Ln(pdf) > VIOL_REPORT_CUT2[i].
   RMS_1   ... RMS(feature, minimally_violated_basis_restraint, NUMB).
   RMS_2   ... RMS(feature, best_value, NUMB).
   MOL.PDF ... scaled contribution to -Ln(Molecular pdf).

 #                     RESTRAINT_GROUP      NUM   NUMVI  NUMVP   RMS_1   RMS_2         MOL.PDF     S_i
------------------------------------------------------------------------------------------------------
 1 Bond length potential              :    3372       0      0   0.005   0.005      20.625       1.000
 2 Bond angle potential               :    4589       0      4   1.818   1.818      293.37       1.000
 3 Stereochemical cosine torsion poten:    2211       0     71  51.556  51.556      938.64       1.000
 4 Stereochemical improper torsion pot:    1394       0      0   1.039   1.039      33.562       1.000
 5 Soft-sphere overlap restraints     :    6584       0      0   0.001   0.001     0.71470       1.000
 6 Lennard-Jones 6-12 potential       :       0       0      0   0.000   0.000      0.0000       1.000
 7 Coulomb point-point electrostatic p:       0       0      0   0.000   0.000      0.0000       1.000
 8 H-bonding potential                :       0       0      0   0.000   0.000      0.0000       1.000
 9 Distance restraints 1 (CA-CA)      :    9336       0      0   0.086   0.086      82.766       1.000
10 Distance restraints 2 (N-O)        :    9415       0      5   0.136   0.136      166.35       1.000
11 Mainchain Phi dihedral restraints  :       0       0      0   0.000   0.000      0.0000       1.000
12 Mainchain Psi dihedral restraints  :       0       0      0   0.000   0.000      0.0000       1.000
13 Mainchain Omega dihedral restraints:     433       0      2   3.708   3.708      65.563       1.000
14 Sidechain Chi_1 dihedral restraints:     369       0      0  51.609  51.609      14.937       1.000
15 Sidechain Chi_2 dihedral restraints:     227       0      2  51.812  51.812      42.226       1.000
16 Sidechain Chi_3 dihedral restraints:     104       0      0  55.104  55.104      55.678       1.000
17 Sidechain Chi_4 dihedral restraints:      38       0      0 105.420 105.420      25.024       1.000
18 Disulfide distance restraints      :       4       0      0   0.011   0.011     0.90743E-01   1.000
19 Disulfide angle restraints         :       8       0      0   1.237   1.237     0.27008       1.000
20 Disulfide dihedral angle restraints:       4       0      0  22.657  22.657      1.9129       1.000
21 Lower bound distance restraints    :       0       0      0   0.000   0.000      0.0000       1.000
22 Upper bound distance restraints    :       0       0      0   0.000   0.000      0.0000       1.000
23 Distance restraints 3 (SDCH-MNCH)  :    7334       0      0   0.330   0.330      148.79       1.000
24 Sidechain Chi_5 dihedral restraints:       0       0      0   0.000   0.000      0.0000       1.000
25 Phi/Psi pair of dihedral restraints:     431       8     23  25.305  32.230      133.67       1.000
26 Distance restraints 4 (SDCH-SDCH)  :    4471       0      3   0.566   0.566      197.33       1.000
27 Distance restraints 5 (X-Y)        :       0       0      0   0.000   0.000      0.0000       1.000
28 NMR distance restraints 6 (X-Y)    :       0       0      0   0.000   0.000      0.0000       1.000
29 NMR distance restraints 7 (X-Y)    :       0       0      0   0.000   0.000      0.0000       1.000
30 Minimal distance restraints        :       0       0      0   0.000   0.000      0.0000       1.000
31 Non-bonded restraints              :       0       0      0   0.000   0.000      0.0000       1.000
32 Atomic accessibility restraints    :       0       0      0   0.000   0.000      0.0000       1.000
33 Atomic density restraints          :       0       0      0   0.000   0.000      0.0000       1.000
34 Absolute position restraints       :       0       0      0   0.000   0.000      0.0000       1.000
35 Dihedral angle difference restraint:       0       0      0   0.000   0.000      0.0000       1.000
36 GBSA implicit solvent potential    :       0       0      0   0.000   0.000      0.0000       1.000
37 EM density fitting potential       :       0       0      0   0.000   0.000      0.0000       1.000
38 SAXS restraints                    :       0       0      0   0.000   0.000      0.0000       1.000
39 Symmetry restraints                :       0       0      0   0.000   0.000      0.0000       1.000



openf___224_> Open           7dun_fill.V99990001
# Heavy relative violation of each residue is written to: 7dun_fill.V99990001
# The profile is NOT normalized by the number of restraints.
# The profiles are smoothed over a window of residues:    1
# The sum of all numbers in the file:   31532.5625



List of the violated restraints:
   A restraint is violated when the relative difference
   from the best value (RVIOL) is larger than CUTOFF.

   ICSR   ... index of a restraint in the current set.
   RESNO  ... residue numbers of the first two atoms.
   ATM    ... IUPAC atom names of the first two atoms.
   FEAT   ... the value of the feature in the model.
   restr  ... the mean of the basis restraint with the smallest
              difference from the model (local minimum).
   viol   ... difference from the local minimum.
   rviol  ... relative difference from the local minimum.
   RESTR  ... the best value (global minimum).
   VIOL   ... difference from the best value.
   RVIOL  ... relative difference from the best value.


-------------------------------------------------------------------------------------------------

Feature 25                           : Phi/Psi pair of dihedral restraints     
List of the RVIOL violations larger than   :       6.5000

    #   ICSR  RESNO1/2 ATM1/2   INDATM1/2    FEAT   restr    viol   rviol   RESTR    VIOL   RVIOL
    1  11636  54S  55G C   N     389  391  103.32   82.20   22.49    1.72 -167.20 -178.10    7.37
    1         55G  55G N   CA    391  392   16.23    8.50                  174.60
    2  11718 136S 137S C   N    1023 1025 -147.14 -136.60   10.63    0.39  -64.10 -168.62   19.81
    2        137S 137S N   CA   1025 1026  152.57  151.20                  -35.00
    3  11721 139S 140T C   N    1044 1046  -93.22  -78.10   15.13    0.93  -63.20  171.20   23.96
    3        140T 140T N   CA   1046 1047  149.35  149.80                  -42.10
    4  11832 252V 253S C   N    1869 1871   70.47  -72.40  157.43   12.56  -64.10  171.60   15.31
    4        253S 253S N   CA   1871 1872 -141.48  152.40                  -35.00
    5  11854 274A 275S C   N    2051 2053 -143.66  -64.10   94.94    9.10  -64.10   94.94    9.10
    5        275S 275S N   CA   2053 2054   16.80  -35.00                  -35.00
    6  11858 278A 279T C   N    2081 2083  -53.02  -63.20   30.51    3.35  -78.10  141.58    6.90
    6        279T 279T N   CA   2083 2084  -70.86  -42.10                  149.80
    7  11859 279T 280G C   N    2088 2090  -67.11  -62.40   10.23    1.39   82.20  154.74   11.58
    7        280G 280G N   CA   2090 2091  -32.12  -41.20                    8.50
    8  11960 380G 381N C   N    2867 2869 -123.29 -119.90   97.49    4.51  -63.20  100.59   10.88
    8        381N 381N N   CA   2869 2870   39.57  137.00                  -41.10


report______> Distribution of short non-bonded contacts:


DISTANCE1:  0.00 2.10 2.20 2.30 2.40 2.50 2.60 2.70 2.80 2.90 3.00 3.10 3.20 3.30 3.40
DISTANCE2:  2.10 2.20 2.30 2.40 2.50 2.60 2.70 2.80 2.90 3.00 3.10 3.20 3.30 3.40 3.50
FREQUENCY:     0    0    0    0    0    8   33   90  173  218  221  308  362  425  527


<< end of ENERGY.
openf___224_> Open           7dun_fill.B99990001.pdb
wrpdb___568_> Residues, atoms, selected atoms:      435     3294     3294
openf___224_> Open           $(LIB)/atmcls-melo.lib

Dynamically allocated memory at amaxgroup_restr [B,KiB,MiB]:      8307205    8112.505     7.922

Dynamically allocated memory at amaxgroup_restr [B,KiB,MiB]:      8307269    8112.567     7.922

Dynamically allocated memory at amaxgroup_restr [B,KiB,MiB]:      8307333    8112.630     7.922

Dynamically allocated memory at amaxgroup_restr [B,KiB,MiB]:      8307461    8112.755     7.923

Dynamically allocated memory at amaxgroup_restr [B,KiB,MiB]:      8307653    8112.942     7.923

Dynamically allocated memory at amaxgroup_restr [B,KiB,MiB]:      8307909    8113.192     7.923

Dynamically allocated memory at amaxgroup_restr [B,KiB,MiB]:      8308293    8113.567     7.923

Dynamically allocated memory at amaxgroup_restr [B,KiB,MiB]:      8308869    8114.130     7.924

Dynamically allocated memory at amaxgroup_restr [B,KiB,MiB]:      8308919    8114.179     7.924

Dynamically allocated memory at amaxgroup_restr [B,KiB,MiB]:      8308977    8114.235     7.924

Dynamically allocated memory at amaxgroup_restr [B,KiB,MiB]:      8309873    8115.110     7.925

Dynamically allocated memory at amaxgroup_restr [B,KiB,MiB]:      8311217    8116.423     7.926

Dynamically allocated memory at amaxgroup_restr [B,KiB,MiB]:      8311283    8116.487     7.926

Dynamically allocated memory at amaxgroup_restr [B,KiB,MiB]:      8313267    8118.425     7.928

Dynamically allocated memory at amaxgroup_restr [B,KiB,MiB]:      8313423    8118.577     7.928

Dynamically allocated memory at amaxgroup_restr [B,KiB,MiB]:      8316431    8121.515     7.931

Dynamically allocated memory at amaxgroup_restr [B,KiB,MiB]:      8316725    8121.802     7.931

Dynamically allocated memory at amaxgroup_restr [B,KiB,MiB]:      8317229    8122.294     7.932

Dynamically allocated memory at amaxgroup_restr [B,KiB,MiB]:      8318225    8123.267     7.933

Dynamically allocated memory at amaxgroup_restr [B,KiB,MiB]:      8322705    8127.642     7.937

Dynamically allocated memory at amaxgroup_restr [B,KiB,MiB]:      8324739    8129.628     7.939

Dynamically allocated memory at amaxgroup_restr [B,KiB,MiB]:      8329191    8133.976     7.943
openf___224_> Open           $(LIB)/melo1-dist.lib

Dynamically allocated memory at amaxgroup_restr [B,KiB,MiB]:      8329587    8134.362     7.944

Dynamically allocated memory at amaxgroup_restr [B,KiB,MiB]:      8330383    8135.140     7.944

Dynamically allocated memory at amaxgroup_restr [B,KiB,MiB]:      8331179    8135.917     7.945

Dynamically allocated memory at amaxgroup_restr [B,KiB,MiB]:      8332367    8137.077     7.946

Dynamically allocated memory at amaxgroup_restr [B,KiB,MiB]:      8332767    8137.468     7.947

Dynamically allocated memory at amaxgroup_restr [B,KiB,MiB]:      8333367    8138.054     7.947

Dynamically allocated memory at amaxgroup_restr [B,KiB,MiB]:      8334267    8138.933     7.948

Dynamically allocated memory at amaxgroup_restr [B,KiB,MiB]:      8335615    8140.249     7.949

Dynamically allocated memory at amaxgroup_restr [B,KiB,MiB]:      8337639    8142.226     7.951

Dynamically allocated memory at amaxgroup_restr [B,KiB,MiB]:      8337839    8142.421     7.952

Dynamically allocated memory at amaxgroup_restr [B,KiB,MiB]:      8340875    8145.386     7.954

Dynamically allocated memory at amaxgroup_restr [B,KiB,MiB]:      8341175    8145.679     7.955

Dynamically allocated memory at amaxgroup_restr [B,KiB,MiB]:      8345727    8150.124     7.959

Dynamically allocated memory at amaxgroup_restr [B,KiB,MiB]:      8346175    8150.562     7.960

Dynamically allocated memory at amaxgroup_restr [B,KiB,MiB]:      8353003    8157.229     7.966

Dynamically allocated memory at amaxgroup_restr [B,KiB,MiB]:      8353675    8157.886     7.967

Dynamically allocated memory at amaxgroup_restr [B,KiB,MiB]:      8363919    8167.890     7.976

Dynamically allocated memory at amaxgroup_restr [B,KiB,MiB]:      8364927    8168.874     7.977

Dynamically allocated memory at amaxgroup_restr [B,KiB,MiB]:      8365527    8169.460     7.978

Dynamically allocated memory at amaxgroup_restr [B,KiB,MiB]:      8365927    8169.851     7.978

Dynamically allocated memory at amaxgroup_restr [B,KiB,MiB]:      8381291    8184.854     7.993

Dynamically allocated memory at amaxgroup_restr [B,KiB,MiB]:      8382803    8186.331     7.994

Dynamically allocated memory at amaxgroup_restr [B,KiB,MiB]:      8383703    8187.210     7.995

Dynamically allocated memory at amaxgroup_restr [B,KiB,MiB]:      8384303    8187.796     7.996

Dynamically allocated memory at amaxgroup_restr [B,KiB,MiB]:      8407351    8210.304     8.018

Dynamically allocated memory at amaxgroup_restr [B,KiB,MiB]:      8409619    8212.519     8.020

Dynamically allocated memory at amaxgroup_restr [B,KiB,MiB]:      8410963    8213.831     8.021

Dynamically allocated memory at amaxgroup_restr [B,KiB,MiB]:      8411863    8214.710     8.022

Dynamically allocated memory at amaxgroup_restr [B,KiB,MiB]:      8446435    8248.472     8.055

Dynamically allocated memory at amaxgroup_restr [B,KiB,MiB]:      8449839    8251.796     8.058

Dynamically allocated memory at amaxgroup_restr [B,KiB,MiB]:      8451855    8253.765     8.060

Dynamically allocated memory at amaxgroup_restr [B,KiB,MiB]:      8453203    8255.081     8.062

Dynamically allocated memory at amaxgroup_restr [B,KiB,MiB]:      8505059    8305.722     8.111

Dynamically allocated memory at amaxgroup_restr [B,KiB,MiB]:      8510163    8310.706     8.116

Dynamically allocated memory at amaxgroup_restr [B,KiB,MiB]:      8513187    8313.659     8.119

Dynamically allocated memory at amaxgroup_restr [B,KiB,MiB]:      8515211    8315.636     8.121

Dynamically allocated memory at amaxgroup_restr [B,KiB,MiB]:      8592995    8391.597     8.195

Dynamically allocated memory at amaxgroup_restr [B,KiB,MiB]:      8600651    8399.073     8.202

Dynamically allocated memory at amaxgroup_restr [B,KiB,MiB]:      8605187    8403.503     8.207

Dynamically allocated memory at amaxgroup_restr [B,KiB,MiB]:      8608223    8406.468     8.209

Dynamically allocated memory at amaxgroup_restr [B,KiB,MiB]:      8724899    8520.409     8.321
read_pa_232_> parameters    BONDS   ANGLS  DIHEDS IMPROPS    MODE
                                0       0       0       0     820
openf___224_> Open           7dun_fill.B99990001.pdb

Dynamically allocated memory at       amaxmodel [B,KiB,MiB]:      8724899    8520.409     8.321
read_mo_297_> Segments, residues, atoms:        2      435     3294
read_mo_298_> Segment:        1  1:A  223:A     1662
read_mo_298_> Segment:        2  224:B  435:B     1632

Dynamically allocated memory at   amaxalignment [B,KiB,MiB]:      8738466    8533.658     8.334

Dynamically allocated memory at   amaxstructure [B,KiB,MiB]:      8986657    8776.032     8.570

Dynamically allocated memory at   amaxalignment [B,KiB,MiB]:      8991140    8780.410     8.575

Dynamically allocated memory at   amaxstructure [B,KiB,MiB]:      9239331    9022.784     8.811

mkilst______> segment topology constructed from sequence and RTF:
              segments residues  atoms  bonds angles dihedrals impropers:
                     1      223   1661   1702      0         0       716

patch_______> segment topology patched using RTF:  1 ;  GLU  ;  NTER
              segments residues  atoms  bonds angles dihedrals impropers:
                     1      223   1661   1702   2316      2770       716

patch_______> segment topology patched using RTF:  223 ;  LYS  ;  CTER
              segments residues  atoms  bonds angles dihedrals impropers:
                     1      223   1662   1703   2318      2772       717

genseg______> segment topology constructed from sequence and RTF:
              segments residues  atoms  bonds angles dihedrals impropers:
                     1      223   1662   1703   2318      2772       717

mkilst______> segment topology constructed from sequence and RTF:
              segments residues  atoms  bonds angles dihedrals impropers:
                     2      435   3293   3371   2318      2772      1418

patch_______> segment topology patched using RTF:  224 ;  GLU  ;  NTER
              segments residues  atoms  bonds angles dihedrals impropers:
                     2      435   3293   3371   4587      5474      1418

patch_______> segment topology patched using RTF:  435 ;  GLY  ;  CTER
              segments residues  atoms  bonds angles dihedrals impropers:
                     2      435   3294   3372   4589      5475      1419

genseg______> segment topology constructed from sequence and RTF:
              segments residues  atoms  bonds angles dihedrals impropers:
                     2      435   3294   3372   4589      5475      1419
openf___224_> Open           7dun_fill.B99990001.pdb

Dynamically allocated memory at amaxcoordinates [B,KiB,MiB]:      9250368    9033.562     8.822

Dynamically allocated memory at    amaxsequence [B,KiB,MiB]:      9250444    9033.637     8.822

Dynamically allocated memory at amaxcoordinates [B,KiB,MiB]:      9250615    9033.804     8.822

Dynamically allocated memory at amaxcoordinates [B,KiB,MiB]:      9251465    9034.634     8.823

Dynamically allocated memory at amaxcoordinates [B,KiB,MiB]:      9252723    9035.862     8.824

Dynamically allocated memory at amaxcoordinates [B,KiB,MiB]:      9254627    9037.722     8.826

Dynamically allocated memory at    amaxsequence [B,KiB,MiB]:      9254667    9037.761     8.826

Dynamically allocated memory at amaxcoordinates [B,KiB,MiB]:      9254757    9037.849     8.826

Dynamically allocated memory at amaxcoordinates [B,KiB,MiB]:      9257613    9040.638     8.829

Dynamically allocated memory at    amaxsequence [B,KiB,MiB]:      9257673    9040.696     8.829

Dynamically allocated memory at amaxcoordinates [B,KiB,MiB]:      9257808    9040.828     8.829

Dynamically allocated memory at amaxcoordinates [B,KiB,MiB]:      9262092    9045.012     8.833

Dynamically allocated memory at    amaxsequence [B,KiB,MiB]:      9262180    9045.098     8.833

Dynamically allocated memory at amaxcoordinates [B,KiB,MiB]:      9262378    9045.291     8.833

Dynamically allocated memory at amaxcoordinates [B,KiB,MiB]:      9268804    9051.566     8.839

Dynamically allocated memory at    amaxsequence [B,KiB,MiB]:      9268936    9051.695     8.840

Dynamically allocated memory at amaxcoordinates [B,KiB,MiB]:      9269233    9051.985     8.840

Dynamically allocated memory at amaxcoordinates [B,KiB,MiB]:      9278855    9061.382     8.849

Dynamically allocated memory at    amaxsequence [B,KiB,MiB]:      9279055    9061.577     8.849

Dynamically allocated memory at amaxcoordinates [B,KiB,MiB]:      9279505    9062.017     8.850

Dynamically allocated memory at amaxcoordinates [B,KiB,MiB]:      9293955    9076.128     8.863

Dynamically allocated memory at    amaxsequence [B,KiB,MiB]:      9294255    9076.421     8.864

Dynamically allocated memory at amaxcoordinates [B,KiB,MiB]:      9294930    9077.080     8.864

Dynamically allocated memory at amaxcoordinates [B,KiB,MiB]:      9316588    9098.230     8.885

Dynamically allocated memory at    amaxsequence [B,KiB,MiB]:      9316672    9098.312     8.885

Dynamically allocated memory at amaxcoordinates [B,KiB,MiB]:      9316672    9098.312     8.885

Dynamically allocated memory at    amaxsequence [B,KiB,MiB]:      9317120    9098.750     8.885

Dynamically allocated memory at amaxcoordinates [B,KiB,MiB]:      9318128    9099.734     8.886

Dynamically allocated memory at amaxcoordinates [B,KiB,MiB]:      9350632    9131.477     8.917

Dynamically allocated memory at    amaxsequence [B,KiB,MiB]:      9351304    9132.133     8.918

Dynamically allocated memory at amaxcoordinates [B,KiB,MiB]:      9352816    9133.609     8.920

Dynamically allocated memory at amaxcoordinates [B,KiB,MiB]:      9401572    9181.223     8.966

Dynamically allocated memory at       amaxmodel [B,KiB,MiB]:      9749412    9520.910     9.298
read_mo_297_> Segments, residues, atoms:        2      435     3294
read_mo_298_> Segment:        1  1:A  223:A     1662
read_mo_298_> Segment:        2  224:B  435:B     1632
  #      ALGNMT CODE

  1  7dun_fill
  2  7dun_fill
transfe_506_> MODEL is an average of all templates.
transfe_511_> Number of templates for coordinate transfer:        1
              After transferring coordinates of the equivalent template atoms,
              there are defined, undefined atoms in MODEL:     3294        0
openf___224_> Open           alignment.ali

Dynamically allocated memory at   amaxalignment [B,KiB,MiB]:      9241733    9025.130     8.814

Dynamically allocated memory at   amaxalignment [B,KiB,MiB]:      9243183    9026.546     8.815

Dynamically allocated memory at   amaxalignment [B,KiB,MiB]:      9246083    9029.378     8.818

Dynamically allocated memory at   amaxalignment [B,KiB,MiB]:      9251883    9035.042     8.823

Dynamically allocated memory at   amaxalignment [B,KiB,MiB]:      9263483    9046.370     8.834

Dynamically allocated memory at   amaxalignment [B,KiB,MiB]:      9504291    9281.534     9.064

Dynamically allocated memory at    amaxsequence [B,KiB,MiB]:      9504319    9281.562     9.064

Dynamically allocated memory at    amaxsequence [B,KiB,MiB]:      9504347    9281.589     9.064

Dynamically allocated memory at    amaxsequence [B,KiB,MiB]:      9506071    9283.272     9.066

Dynamically allocated memory at    amaxsequence [B,KiB,MiB]:      9507807    9284.968     9.067

Read the alignment from file       : alignment.ali

Total number of alignment positions:   435

  #  Code        #_Res #_Segm PDB_code    Name
-------------------------------------------------------------------------------
  1       7dun     432      2        7dun MOL_ID  1; MOLECULE  FAB HEAVY CHAIN; CHAIN  H; ENGINEERED  YES; MOL_ID  2; MOLE
  2  7dun_fill     435      2
44 atoms selected for loop refinement
make_re_417_> Restraint type to be calculated:  bond
r_stere_606_> Stereochemical restraints were constructed from RTF & PRMF.
              Added bond,angle,dihedral,improper restraints  :       45       0       0       0
              Total number of restraints before, now         :        0       45
make_re_422_> Number of previous, current restraints         :        0       45
make_re_423_> Number of previous, current selected restraints:        0       45
make_re_417_> Restraint type to be calculated:  angle
r_stere_606_> Stereochemical restraints were constructed from RTF & PRMF.
              Added bond,angle,dihedral,improper restraints  :        0      61       0       0
              Total number of restraints before, now         :       45      106
make_re_422_> Number of previous, current restraints         :       45      106
make_re_423_> Number of previous, current selected restraints:       45      106
make_re_417_> Restraint type to be calculated:  improper
r_stere_606_> Stereochemical restraints were constructed from RTF & PRMF.
              Added bond,angle,dihedral,improper restraints  :        0       0       0      15
              Total number of restraints before, now         :      106      121
make_re_422_> Number of previous, current restraints         :      106      121
make_re_423_> Number of previous, current selected restraints:      106      121
make_re_417_> Restraint type to be calculated:  dihedral
r_stere_606_> Stereochemical restraints were constructed from RTF & PRMF.
              Added bond,angle,dihedral,improper restraints  :        0       0      72       0
              Total number of restraints before, now         :      121      193
make_re_422_> Number of previous, current restraints         :      121      193
make_re_423_> Number of previous, current selected restraints:      121      193
make_re_417_> Restraint type to be calculated:  phi-psi_binormal

Dynamically allocated memory at   amaxstructure [B,KiB,MiB]:      9239331    9022.784     8.811
openf___224_> Open           ${MODINSTALL10v1}/modlib/mnch1.bin
openf___224_> Open           ${MODINSTALL10v1}/modlib/mnch1.mdt
getdata_643_> Protein accepted:  7dun_fill
getdata_289_> Proteins (all/accepted):        1        1
make_re_422_> Number of previous, current restraints         :      193      202
make_re_423_> Number of previous, current selected restraints:      193      202
make_re_417_> Restraint type to be calculated:  omega_dihedral

Dynamically allocated memory at   amaxstructure [B,KiB,MiB]:      9239347    9022.800     8.811
openf___224_> Open           ${MODINSTALL10v1}/modlib/omega.bin
openf___224_> Open           ${MODINSTALL10v1}/modlib/omega.mdt
getdata_643_> Protein accepted:  7dun_fill
getdata_289_> Proteins (all/accepted):        1        1
omgdel__425_> Unselected all O C +N +CA dihedrals:        8
              (This is to avoid clashes between STEREO
              and OMEGA_DIHEDRAL restraints)
make_re_422_> Number of previous, current restraints         :      202      210
make_re_423_> Number of previous, current selected restraints:      202      202
make_re_417_> Restraint type to be calculated:  chi1_dihedral

Dynamically allocated memory at   amaxstructure [B,KiB,MiB]:      9239347    9022.800     8.811
openf___224_> Open           ${MODINSTALL10v1}/modlib/chi1234.bin
openf___224_> Open           ${MODINSTALL10v1}/modlib/chi1.mdt
getdata_643_> Protein accepted:  7dun_fill
getdata_289_> Proteins (all/accepted):        1        1
make_re_422_> Number of previous, current restraints         :      210      216
make_re_423_> Number of previous, current selected restraints:      202      208
make_re_417_> Restraint type to be calculated:  chi2_dihedral

Dynamically allocated memory at   amaxstructure [B,KiB,MiB]:      9239347    9022.800     8.811
openf___224_> Open           ${MODINSTALL10v1}/modlib/chi1234.bin
openf___224_> Open           ${MODINSTALL10v1}/modlib/chi2.mdt
getdata_643_> Protein accepted:  7dun_fill
getdata_289_> Proteins (all/accepted):        1        1
make_re_422_> Number of previous, current restraints         :      216      217
make_re_423_> Number of previous, current selected restraints:      208      209
make_re_417_> Restraint type to be calculated:  chi3_dihedral

Dynamically allocated memory at   amaxstructure [B,KiB,MiB]:      9239347    9022.800     8.811
openf___224_> Open           ${MODINSTALL10v1}/modlib/chi1234.bin
openf___224_> Open           ${MODINSTALL10v1}/modlib/chi3.mdt
getdata_643_> Protein accepted:  7dun_fill
getdata_289_> Proteins (all/accepted):        1        1
make_re_422_> Number of previous, current restraints         :      217      218
make_re_423_> Number of previous, current selected restraints:      209      210
make_re_417_> Restraint type to be calculated:  chi4_dihedral

Dynamically allocated memory at   amaxstructure [B,KiB,MiB]:      9239347    9022.800     8.811
openf___224_> Open           ${MODINSTALL10v1}/modlib/chi1234.bin
openf___224_> Open           ${MODINSTALL10v1}/modlib/chi4.mdt
mdtrsr__446W> A potential that relies on one protein is used, yet you have at
              least one known structure available. MDT, not library, potential is used.
getdata_643_> Protein accepted:  7dun_fill
getdata_289_> Proteins (all/accepted):        1        1
make_re_422_> Number of previous, current restraints         :      218      219
make_re_423_> Number of previous, current selected restraints:      210      211
pick_re_612_> Number of MODEL atoms, selected restraints;       44      219
rmdupl__427_>       43 redundant cosine dihedral restraints were unselected.
condens_443_> Restraints marked for deletion were removed.
              Total number of restraints before, now:      219      176
openf___224_> Open           7dun_fill.lrsr
preppdf_457W> Both soft sphere and statistical potential terms selected.


>> ENERGY; Differences between the model's features and restraints:
Number of all residues in MODEL                   :      435
Number of all, selected real atoms                :     3294      44
Number of all, selected pseudo atoms              :        0       0
Number of all static, selected restraints         :      176     176
COVALENT_CYS                                      :        F
NONBONDED_SEL_ATOMS                               :        1
Number of non-bonded pairs (excluding 1-2,1-3,1-4):      799
Dynamic pairs routine                             : 5, NATM_SEL x NATM double loop
Atomic shift for contacts update (UPDATE_DYNAMIC) :    0.390
LENNARD_JONES_SWITCH                              :    6.500   7.500
COULOMB_JONES_SWITCH                              :    6.500   7.500
RESIDUE_SPAN_RANGE                                :        0   99999
NLOGN_USE                                         :       15
CONTACT_SHELL                                     :    7.000
DYNAMIC_PAIRS,_SPHERE,_COULOMB,_LENNARD,_MODELLER :        T       T       F       F       T
SPHERE_STDV                                       :    0.050
RADII_FACTOR                                      :    0.820
Current energy                                    :          52.0110





Summary of the restraint violations: 

   NUM     ... number of restraints.
   NUMVI   ... number of restraints with RVIOL > VIOL_REPORT_CUT[i].
   RVIOL   ... relative difference from the best value.
   NUMVP   ... number of restraints with -Ln(pdf) > VIOL_REPORT_CUT2[i].
   RMS_1   ... RMS(feature, minimally_violated_basis_restraint, NUMB).
   RMS_2   ... RMS(feature, best_value, NUMB).
   MOL.PDF ... scaled contribution to -Ln(Molecular pdf).

 #                     RESTRAINT_GROUP      NUM   NUMVI  NUMVP   RMS_1   RMS_2         MOL.PDF     S_i
------------------------------------------------------------------------------------------------------
 1 Bond length potential              :      45       0      0   0.003   0.003     0.11478       1.000
 2 Bond angle potential               :      61       0      0   1.715   1.715      3.5185       1.000
 3 Stereochemical cosine torsion poten:      29       0      1  47.309  47.309      10.974       1.000
 4 Stereochemical improper torsion pot:      15       0      0   0.625   0.625     0.12504       1.000
 5 Soft-sphere overlap restraints     :     799       0      0   0.000   0.000     0.18152E-01   1.000
 6 Lennard-Jones 6-12 potential       :       0       0      0   0.000   0.000      0.0000       1.000
 7 Coulomb point-point electrostatic p:       0       0      0   0.000   0.000      0.0000       1.000
 8 H-bonding potential                :       0       0      0   0.000   0.000      0.0000       1.000
 9 Distance restraints 1 (CA-CA)      :       0       0      0   0.000   0.000      0.0000       1.000
10 Distance restraints 2 (N-O)        :       0       0      0   0.000   0.000      0.0000       1.000
11 Mainchain Phi dihedral restraints  :       0       0      0   0.000   0.000      0.0000       1.000
12 Mainchain Psi dihedral restraints  :       0       0      0   0.000   0.000      0.0000       1.000
13 Mainchain Omega dihedral restraints:       8       0      0   2.966   2.966     0.83056       1.000
14 Sidechain Chi_1 dihedral restraints:       6       0      0 111.699 111.699      1.7169       1.000
15 Sidechain Chi_2 dihedral restraints:       1       0      0   2.450   2.450    -0.19297       1.000
16 Sidechain Chi_3 dihedral restraints:       1       0      0 114.177 114.177      1.5711       1.000
17 Sidechain Chi_4 dihedral restraints:       1       0      0  11.084  11.084     0.34849       1.000
18 Disulfide distance restraints      :       0       0      0   0.000   0.000      0.0000       1.000
19 Disulfide angle restraints         :       0       0      0   0.000   0.000      0.0000       1.000
20 Disulfide dihedral angle restraints:       0       0      0   0.000   0.000      0.0000       1.000
21 Lower bound distance restraints    :       0       0      0   0.000   0.000      0.0000       1.000
22 Upper bound distance restraints    :       0       0      0   0.000   0.000      0.0000       1.000
23 Distance restraints 3 (SDCH-MNCH)  :       0       0      0   0.000   0.000      0.0000       1.000
24 Sidechain Chi_5 dihedral restraints:       0       0      0   0.000   0.000      0.0000       1.000
25 Phi/Psi pair of dihedral restraints:       9       4      1  31.103 137.496      5.7281       1.000
26 Distance restraints 4 (SDCH-SDCH)  :       0       0      0   0.000   0.000      0.0000       1.000
27 Distance restraints 5 (X-Y)        :       0       0      0   0.000   0.000      0.0000       1.000
28 NMR distance restraints 6 (X-Y)    :       0       0      0   0.000   0.000      0.0000       1.000
29 NMR distance restraints 7 (X-Y)    :       0       0      0   0.000   0.000      0.0000       1.000
30 Minimal distance restraints        :       0       0      0   0.000   0.000      0.0000       1.000
31 Non-bonded restraints              :     799       0      4   1.973   1.973      27.259       1.000
32 Atomic accessibility restraints    :       0       0      0   0.000   0.000      0.0000       1.000
33 Atomic density restraints          :       0       0      0   0.000   0.000      0.0000       1.000
34 Absolute position restraints       :       0       0      0   0.000   0.000      0.0000       1.000
35 Dihedral angle difference restraint:       0       0      0   0.000   0.000      0.0000       1.000
36 GBSA implicit solvent potential    :       0       0      0   0.000   0.000      0.0000       1.000
37 EM density fitting potential       :       0       0      0   0.000   0.000      0.0000       1.000
38 SAXS restraints                    :       0       0      0   0.000   0.000      0.0000       1.000
39 Symmetry restraints                :       0       0      0   0.000   0.000      0.0000       1.000



List of the violated restraints:
   A restraint is violated when the relative difference
   from the best value (RVIOL) is larger than CUTOFF.

   ICSR   ... index of a restraint in the current set.
   RESNO  ... residue numbers of the first two atoms.
   ATM    ... IUPAC atom names of the first two atoms.
   FEAT   ... the value of the feature in the model.
   restr  ... the mean of the basis restraint with the smallest
              difference from the model (local minimum).
   viol   ... difference from the local minimum.
   rviol  ... relative difference from the local minimum.
   RESTR  ... the best value (global minimum).
   VIOL   ... difference from the best value.
   RVIOL  ... relative difference from the best value.


-------------------------------------------------------------------------------------------------

Feature 25                           : Phi/Psi pair of dihedral restraints     
List of the RVIOL violations larger than   :       6.5000

    #   ICSR  RESNO1/2 ATM1/2   INDATM1/2    FEAT   restr    viol   rviol   RESTR    VIOL   RVIOL
    1    153 136S 137S C   N    1023 1025 -147.13 -136.60   10.62    0.39  -64.10 -168.66   19.80
    1        137S 137S N   CA   1025 1026  152.61  151.20                  -35.00
    2    156 139S 140T C   N    1044 1046  -93.17  -78.10   15.07    0.92  -63.20  171.19   23.95
    2        140T 140T N   CA   1046 1047  149.35  149.80                  -42.10
    3    157 140T 141S C   N    1051 1053  165.15 -136.60   80.94    2.59  -64.10  175.85   22.04
    3        141S 141S N   CA   1053 1054 -152.60  151.20                  -35.00
    4    159 142G 143G C   N    1061 1063  -62.60  -62.40    4.12    0.61   82.20  151.80   11.48
    4        143G 143G N   CA   1063 1064  -37.08  -41.20                    8.50


report______> Distribution of short non-bonded contacts:

  serious non-bonded atom clash:   150  718   2.041
  serious non-bonded atom clash:  1099 1513   2.037
  serious non-bonded atom clash:  1824 2325   2.044
  serious non-bonded atom clash:  2676 3155   2.038

DISTANCE1:  0.00 2.10 2.20 2.30 2.40 2.50 2.60 2.70 2.80 2.90 3.00 3.10 3.20 3.30 3.40
DISTANCE2:  2.10 2.20 2.30 2.40 2.50 2.60 2.70 2.80 2.90 3.00 3.10 3.20 3.30 3.40 3.50
FREQUENCY:     4    0    0    0    0    8   33   90  173  218  229  309  360  426  527


<< end of ENERGY.
openf___224_> Open           7dun_fill.IL00000001.pdb
wrpdb___568_> Residues, atoms, selected atoms:      435     3294     3294
openf___224_> Open           7dun_fill.IL00000001.pdb

Dynamically allocated memory at       amaxmodel [B,KiB,MiB]:      9531991    9308.585     9.090
read_mo_297_> Segments, residues, atoms:        2      435     3294
read_mo_298_> Segment:        1  1:A  223:A     1662
read_mo_298_> Segment:        2  224:B  435:B     1632
randomi_498_> Atoms,selected atoms,random_seed,amplitude:     3294       44        1        5.0000
randomi_496_> Amplitude is > 0; randomization is done.
preppdf_457W> Both soft sphere and statistical potential terms selected.
preppdf_457W> Both soft sphere and statistical potential terms selected.
preppdf_457W> Both soft sphere and statistical potential terms selected.
preppdf_457W> Both soft sphere and statistical potential terms selected.
preppdf_457W> Both soft sphere and statistical potential terms selected.
preppdf_457W> Both soft sphere and statistical potential terms selected.
preppdf_457W> Both soft sphere and statistical potential terms selected.
preppdf_457W> Both soft sphere and statistical potential terms selected.
preppdf_457W> Both soft sphere and statistical potential terms selected.
preppdf_457W> Both soft sphere and statistical potential terms selected.
preppdf_457W> Both soft sphere and statistical potential terms selected.
preppdf_457W> Both soft sphere and statistical potential terms selected.
preppdf_457W> Both soft sphere and statistical potential terms selected.
preppdf_457W> Both soft sphere and statistical potential terms selected.
preppdf_457W> Both soft sphere and statistical potential terms selected.
preppdf_457W> Both soft sphere and statistical potential terms selected.
preppdf_457W> Both soft sphere and statistical potential terms selected.
preppdf_457W> Both soft sphere and statistical potential terms selected.
preppdf_457W> Both soft sphere and statistical potential terms selected.
preppdf_457W> Both soft sphere and statistical potential terms selected.
preppdf_457W> Both soft sphere and statistical potential terms selected.
preppdf_457W> Both soft sphere and statistical potential terms selected.
preppdf_457W> Both soft sphere and statistical potential terms selected.
preppdf_457W> Both soft sphere and statistical potential terms selected.
preppdf_457W> Both soft sphere and statistical potential terms selected.
preppdf_457W> Both soft sphere and statistical potential terms selected.
preppdf_457W> Both soft sphere and statistical potential terms selected.
preppdf_457W> Both soft sphere and statistical potential terms selected.
preppdf_457W> Both soft sphere and statistical potential terms selected.


>> ENERGY; Differences between the model's features and restraints:
Number of all residues in MODEL                   :      435
Number of all, selected real atoms                :     3294      44
Number of all, selected pseudo atoms              :        0       0
Number of all static, selected restraints         :      176     176
COVALENT_CYS                                      :        F
NONBONDED_SEL_ATOMS                               :        1
Number of non-bonded pairs (excluding 1-2,1-3,1-4):      619
Dynamic pairs routine                             : 5, NATM_SEL x NATM double loop
Atomic shift for contacts update (UPDATE_DYNAMIC) :    0.390
LENNARD_JONES_SWITCH                              :    6.500   7.500
COULOMB_JONES_SWITCH                              :    6.500   7.500
RESIDUE_SPAN_RANGE                                :        0   99999
NLOGN_USE                                         :       15
CONTACT_SHELL                                     :    7.000
DYNAMIC_PAIRS,_SPHERE,_COULOMB,_LENNARD,_MODELLER :        T       T       F       F       T
SPHERE_STDV                                       :    0.050
RADII_FACTOR                                      :    0.820
Current energy                                    :          29.2842





Summary of the restraint violations: 

   NUM     ... number of restraints.
   NUMVI   ... number of restraints with RVIOL > VIOL_REPORT_CUT[i].
   RVIOL   ... relative difference from the best value.
   NUMVP   ... number of restraints with -Ln(pdf) > VIOL_REPORT_CUT2[i].
   RMS_1   ... RMS(feature, minimally_violated_basis_restraint, NUMB).
   RMS_2   ... RMS(feature, best_value, NUMB).
   MOL.PDF ... scaled contribution to -Ln(Molecular pdf).

 #                     RESTRAINT_GROUP      NUM   NUMVI  NUMVP   RMS_1   RMS_2         MOL.PDF     S_i
------------------------------------------------------------------------------------------------------
 1 Bond length potential              :      45       0      0   0.005   0.005     0.31111       1.000
 2 Bond angle potential               :      61       0      0   1.891   1.891      4.0389       1.000
 3 Stereochemical cosine torsion poten:      29       0      2  55.839  55.839      15.326       1.000
 4 Stereochemical improper torsion pot:      15       0      0   1.239   1.239     0.44906       1.000
 5 Soft-sphere overlap restraints     :     619       0      0   0.001   0.001     0.25983E-01   1.000
 6 Lennard-Jones 6-12 potential       :       0       0      0   0.000   0.000      0.0000       1.000
 7 Coulomb point-point electrostatic p:       0       0      0   0.000   0.000      0.0000       1.000
 8 H-bonding potential                :       0       0      0   0.000   0.000      0.0000       1.000
 9 Distance restraints 1 (CA-CA)      :       0       0      0   0.000   0.000      0.0000       1.000
10 Distance restraints 2 (N-O)        :       0       0      0   0.000   0.000      0.0000       1.000
11 Mainchain Phi dihedral restraints  :       0       0      0   0.000   0.000      0.0000       1.000
12 Mainchain Psi dihedral restraints  :       0       0      0   0.000   0.000      0.0000       1.000
13 Mainchain Omega dihedral restraints:       8       0      0   3.539   3.539      1.1826       1.000
14 Sidechain Chi_1 dihedral restraints:       6       0      0  83.938  83.938      1.6193       1.000
15 Sidechain Chi_2 dihedral restraints:       1       0      0   6.685   6.685    -0.49693E-01   1.000
16 Sidechain Chi_3 dihedral restraints:       1       0      0   2.642   2.642     0.29517       1.000
17 Sidechain Chi_4 dihedral restraints:       1       0      0   0.665   0.665     0.22177       1.000
18 Disulfide distance restraints      :       0       0      0   0.000   0.000      0.0000       1.000
19 Disulfide angle restraints         :       0       0      0   0.000   0.000      0.0000       1.000
20 Disulfide dihedral angle restraints:       0       0      0   0.000   0.000      0.0000       1.000
21 Lower bound distance restraints    :       0       0      0   0.000   0.000      0.0000       1.000
22 Upper bound distance restraints    :       0       0      0   0.000   0.000      0.0000       1.000
23 Distance restraints 3 (SDCH-MNCH)  :       0       0      0   0.000   0.000      0.0000       1.000
24 Sidechain Chi_5 dihedral restraints:       0       0      0   0.000   0.000      0.0000       1.000
25 Phi/Psi pair of dihedral restraints:       9       8      2  37.229 161.725      11.798       1.000
26 Distance restraints 4 (SDCH-SDCH)  :       0       0      0   0.000   0.000      0.0000       1.000
27 Distance restraints 5 (X-Y)        :       0       0      0   0.000   0.000      0.0000       1.000
28 NMR distance restraints 6 (X-Y)    :       0       0      0   0.000   0.000      0.0000       1.000
29 NMR distance restraints 7 (X-Y)    :       0       0      0   0.000   0.000      0.0000       1.000
30 Minimal distance restraints        :       0       0      0   0.000   0.000      0.0000       1.000
31 Non-bonded restraints              :     619       0      2   1.990   1.990     -5.9335       1.000
32 Atomic accessibility restraints    :       0       0      0   0.000   0.000      0.0000       1.000
33 Atomic density restraints          :       0       0      0   0.000   0.000      0.0000       1.000
34 Absolute position restraints       :       0       0      0   0.000   0.000      0.0000       1.000
35 Dihedral angle difference restraint:       0       0      0   0.000   0.000      0.0000       1.000
36 GBSA implicit solvent potential    :       0       0      0   0.000   0.000      0.0000       1.000
37 EM density fitting potential       :       0       0      0   0.000   0.000      0.0000       1.000
38 SAXS restraints                    :       0       0      0   0.000   0.000      0.0000       1.000
39 Symmetry restraints                :       0       0      0   0.000   0.000      0.0000       1.000



List of the violated restraints:
   A restraint is violated when the relative difference
   from the best value (RVIOL) is larger than CUTOFF.

   ICSR   ... index of a restraint in the current set.
   RESNO  ... residue numbers of the first two atoms.
   ATM    ... IUPAC atom names of the first two atoms.
   FEAT   ... the value of the feature in the model.
   restr  ... the mean of the basis restraint with the smallest
              difference from the model (local minimum).
   viol   ... difference from the local minimum.
   rviol  ... relative difference from the local minimum.
   RESTR  ... the best value (global minimum).
   VIOL   ... difference from the best value.
   RVIOL  ... relative difference from the best value.


-------------------------------------------------------------------------------------------------

Feature 25                           : Phi/Psi pair of dihedral restraints     
List of the RVIOL violations larger than   :       6.5000

    #   ICSR  RESNO1/2 ATM1/2   INDATM1/2    FEAT   restr    viol   rviol   RESTR    VIOL   RVIOL
    1    152 135P 136S C   N    1017 1019  -81.59  -72.40    9.21    0.67  -64.10  174.11   13.73
    1        136S 136S N   CA   1019 1020  151.77  152.40                  -35.00
    2    153 136S 137S C   N    1023 1025 -104.64 -136.60   34.26    1.09  -64.10  178.52   11.19
    2        137S 137S N   CA   1025 1026  138.85  151.20                  -35.00
    3    154 137S 138K C   N    1029 1031 -166.07 -118.00   49.03    1.71  -62.90 -160.78   32.02
    3        138K 138K N   CA   1031 1032  148.77  139.10                  -40.80
    4    155 138K 139S C   N    1038 1040  -61.45  -72.40   47.13    2.42  -64.10  141.59   10.42
    4        139S 139S N   CA   1040 1041  106.56  152.40                  -35.00
    5    156 139S 140T C   N    1044 1046 -154.10 -124.80   56.24    1.75  -63.20  155.69   25.63
    5        140T 140T N   CA   1046 1047 -168.49  143.50                  -42.10
    6    157 140T 141S C   N    1051 1053 -149.43 -136.60   16.94    0.93  -64.10 -165.17   12.35
    6        141S 141S N   CA   1053 1054  140.14  151.20                  -35.00
    7    158 141S 142G C   N    1057 1059 -165.05 -167.20   53.18    2.06   82.20  159.60   12.24
    7        142G 142G N   CA   1059 1060  121.46  174.60                    8.50
    8    159 142G 143G C   N    1061 1063  -71.14  -62.40    9.66    1.51   82.20  159.97   12.04
    8        143G 143G N   CA   1063 1064  -37.08  -41.20                    8.50


report______> Distribution of short non-bonded contacts:

  serious non-bonded atom clash:   150  718   2.041
  serious non-bonded atom clash:  1099 1513   2.037
  serious non-bonded atom clash:  1824 2325   2.044
  serious non-bonded atom clash:  2676 3155   2.038

DISTANCE1:  0.00 2.10 2.20 2.30 2.40 2.50 2.60 2.70 2.80 2.90 3.00 3.10 3.20 3.30 3.40
DISTANCE2:  2.10 2.20 2.30 2.40 2.50 2.60 2.70 2.80 2.90 3.00 3.10 3.20 3.30 3.40 3.50
FREQUENCY:     4    0    0    0    0   11   31   88  173  216  230  310  359  427  525


<< end of ENERGY.
openf___224_> Open           7dun_fill.BL00010001.pdb
wrpdb___568_> Residues, atoms, selected atoms:      435     3294     3294
openf___224_> Open           7dun_fill.IL00000001.pdb

Dynamically allocated memory at       amaxmodel [B,KiB,MiB]:      9531991    9308.585     9.090
read_mo_297_> Segments, residues, atoms:        2      435     3294
read_mo_298_> Segment:        1  1:A  223:A     1662
read_mo_298_> Segment:        2  224:B  435:B     1632
randomi_498_> Atoms,selected atoms,random_seed,amplitude:     3294       44        1        5.0000
randomi_496_> Amplitude is > 0; randomization is done.
preppdf_457W> Both soft sphere and statistical potential terms selected.
preppdf_457W> Both soft sphere and statistical potential terms selected.
preppdf_457W> Both soft sphere and statistical potential terms selected.
preppdf_457W> Both soft sphere and statistical potential terms selected.
preppdf_457W> Both soft sphere and statistical potential terms selected.
preppdf_457W> Both soft sphere and statistical potential terms selected.
preppdf_457W> Both soft sphere and statistical potential terms selected.
preppdf_457W> Both soft sphere and statistical potential terms selected.
preppdf_457W> Both soft sphere and statistical potential terms selected.
preppdf_457W> Both soft sphere and statistical potential terms selected.
preppdf_457W> Both soft sphere and statistical potential terms selected.
preppdf_457W> Both soft sphere and statistical potential terms selected.
preppdf_457W> Both soft sphere and statistical potential terms selected.
preppdf_457W> Both soft sphere and statistical potential terms selected.
preppdf_457W> Both soft sphere and statistical potential terms selected.
preppdf_457W> Both soft sphere and statistical potential terms selected.
preppdf_457W> Both soft sphere and statistical potential terms selected.
preppdf_457W> Both soft sphere and statistical potential terms selected.
preppdf_457W> Both soft sphere and statistical potential terms selected.
preppdf_457W> Both soft sphere and statistical potential terms selected.
preppdf_457W> Both soft sphere and statistical potential terms selected.
preppdf_457W> Both soft sphere and statistical potential terms selected.
preppdf_457W> Both soft sphere and statistical potential terms selected.
preppdf_457W> Both soft sphere and statistical potential terms selected.
preppdf_457W> Both soft sphere and statistical potential terms selected.
preppdf_457W> Both soft sphere and statistical potential terms selected.
preppdf_457W> Both soft sphere and statistical potential terms selected.
preppdf_457W> Both soft sphere and statistical potential terms selected.
preppdf_457W> Both soft sphere and statistical potential terms selected.


>> ENERGY; Differences between the model's features and restraints:
Number of all residues in MODEL                   :      435
Number of all, selected real atoms                :     3294      44
Number of all, selected pseudo atoms              :        0       0
Number of all static, selected restraints         :      176     176
COVALENT_CYS                                      :        F
NONBONDED_SEL_ATOMS                               :        1
Number of non-bonded pairs (excluding 1-2,1-3,1-4):      650
Dynamic pairs routine                             : 5, NATM_SEL x NATM double loop
Atomic shift for contacts update (UPDATE_DYNAMIC) :    0.390
LENNARD_JONES_SWITCH                              :    6.500   7.500
COULOMB_JONES_SWITCH                              :    6.500   7.500
RESIDUE_SPAN_RANGE                                :        0   99999
NLOGN_USE                                         :       15
CONTACT_SHELL                                     :    7.000
DYNAMIC_PAIRS,_SPHERE,_COULOMB,_LENNARD,_MODELLER :        T       T       F       F       T
SPHERE_STDV                                       :    0.050
RADII_FACTOR                                      :    0.820
Current energy                                    :          27.4412





Summary of the restraint violations: 

   NUM     ... number of restraints.
   NUMVI   ... number of restraints with RVIOL > VIOL_REPORT_CUT[i].
   RVIOL   ... relative difference from the best value.
   NUMVP   ... number of restraints with -Ln(pdf) > VIOL_REPORT_CUT2[i].
   RMS_1   ... RMS(feature, minimally_violated_basis_restraint, NUMB).
   RMS_2   ... RMS(feature, best_value, NUMB).
   MOL.PDF ... scaled contribution to -Ln(Molecular pdf).

 #                     RESTRAINT_GROUP      NUM   NUMVI  NUMVP   RMS_1   RMS_2         MOL.PDF     S_i
------------------------------------------------------------------------------------------------------
 1 Bond length potential              :      45       0      0   0.006   0.006     0.44596       1.000
 2 Bond angle potential               :      61       0      0   2.350   2.350      6.7755       1.000
 3 Stereochemical cosine torsion poten:      29       0      0  38.814  38.814      7.6835       1.000
 4 Stereochemical improper torsion pot:      15       0      0   1.111   1.111     0.60380       1.000
 5 Soft-sphere overlap restraints     :     650       0      0   0.000   0.000     0.14373E-02   1.000
 6 Lennard-Jones 6-12 potential       :       0       0      0   0.000   0.000      0.0000       1.000
 7 Coulomb point-point electrostatic p:       0       0      0   0.000   0.000      0.0000       1.000
 8 H-bonding potential                :       0       0      0   0.000   0.000      0.0000       1.000
 9 Distance restraints 1 (CA-CA)      :       0       0      0   0.000   0.000      0.0000       1.000
10 Distance restraints 2 (N-O)        :       0       0      0   0.000   0.000      0.0000       1.000
11 Mainchain Phi dihedral restraints  :       0       0      0   0.000   0.000      0.0000       1.000
12 Mainchain Psi dihedral restraints  :       0       0      0   0.000   0.000      0.0000       1.000
13 Mainchain Omega dihedral restraints:       8       0      0   6.218   6.218      3.6508       1.000
14 Sidechain Chi_1 dihedral restraints:       6       0      0  93.753  93.753      2.9351       1.000
15 Sidechain Chi_2 dihedral restraints:       1       0      0   1.897   1.897    -0.21610       1.000
16 Sidechain Chi_3 dihedral restraints:       1       0      0  36.455  36.455     0.80915       1.000
17 Sidechain Chi_4 dihedral restraints:       1       0      0 116.999 116.999      1.1363       1.000
18 Disulfide distance restraints      :       0       0      0   0.000   0.000      0.0000       1.000
19 Disulfide angle restraints         :       0       0      0   0.000   0.000      0.0000       1.000
20 Disulfide dihedral angle restraints:       0       0      0   0.000   0.000      0.0000       1.000
21 Lower bound distance restraints    :       0       0      0   0.000   0.000      0.0000       1.000
22 Upper bound distance restraints    :       0       0      0   0.000   0.000      0.0000       1.000
23 Distance restraints 3 (SDCH-MNCH)  :       0       0      0   0.000   0.000      0.0000       1.000
24 Sidechain Chi_5 dihedral restraints:       0       0      0   0.000   0.000      0.0000       1.000
25 Phi/Psi pair of dihedral restraints:       9       5      3  42.910 120.076      22.773       1.000
26 Distance restraints 4 (SDCH-SDCH)  :       0       0      0   0.000   0.000      0.0000       1.000
27 Distance restraints 5 (X-Y)        :       0       0      0   0.000   0.000      0.0000       1.000
28 NMR distance restraints 6 (X-Y)    :       0       0      0   0.000   0.000      0.0000       1.000
29 NMR distance restraints 7 (X-Y)    :       0       0      0   0.000   0.000      0.0000       1.000
30 Minimal distance restraints        :       0       0      0   0.000   0.000      0.0000       1.000
31 Non-bonded restraints              :     650       0      1   2.024   2.024     -19.157       1.000
32 Atomic accessibility restraints    :       0       0      0   0.000   0.000      0.0000       1.000
33 Atomic density restraints          :       0       0      0   0.000   0.000      0.0000       1.000
34 Absolute position restraints       :       0       0      0   0.000   0.000      0.0000       1.000
35 Dihedral angle difference restraint:       0       0      0   0.000   0.000      0.0000       1.000
36 GBSA implicit solvent potential    :       0       0      0   0.000   0.000      0.0000       1.000
37 EM density fitting potential       :       0       0      0   0.000   0.000      0.0000       1.000
38 SAXS restraints                    :       0       0      0   0.000   0.000      0.0000       1.000
39 Symmetry restraints                :       0       0      0   0.000   0.000      0.0000       1.000



List of the violated restraints:
   A restraint is violated when the relative difference
   from the best value (RVIOL) is larger than CUTOFF.

   ICSR   ... index of a restraint in the current set.
   RESNO  ... residue numbers of the first two atoms.
   ATM    ... IUPAC atom names of the first two atoms.
   FEAT   ... the value of the feature in the model.
   restr  ... the mean of the basis restraint with the smallest
              difference from the model (local minimum).
   viol   ... difference from the local minimum.
   rviol  ... relative difference from the local minimum.
   RESTR  ... the best value (global minimum).
   VIOL   ... difference from the best value.
   RVIOL  ... relative difference from the best value.


-------------------------------------------------------------------------------------------------

Feature 25                           : Phi/Psi pair of dihedral restraints     
List of the RVIOL violations larger than   :       6.5000

    #   ICSR  RESNO1/2 ATM1/2   INDATM1/2    FEAT   restr    viol   rviol   RESTR    VIOL   RVIOL
    1    153 136S 137S C   N    1023 1025  -86.47  -72.40   16.64    0.88  -64.10  165.23   13.43
    1        137S 137S N   CA   1025 1026  161.29  152.40                  -35.00
    2    154 137S 138K C   N    1029 1031  -88.98  -70.20   23.39    1.42  -62.90  166.90   23.19
    2        138K 138K N   CA   1031 1032  154.35  140.40                  -40.80
    3    155 138K 139S C   N    1038 1040  -89.52  -72.40   17.47    1.14  -64.10  171.02   14.06
    3        139S 139S N   CA   1040 1041  155.88  152.40                  -35.00
    4    156 139S 140T C   N    1044 1046 -100.41  -63.20   52.41    8.90  -63.20   52.41    8.90
    4        140T 140T N   CA   1046 1047  -79.00  -42.10                  -42.10
    5    157 140T 141S C   N    1051 1053  -88.14  -72.40   22.71    1.07  -64.10  158.06   13.03
    5        141S 141S N   CA   1053 1054  168.78  152.40                  -35.00


report______> Distribution of short non-bonded contacts:

  serious non-bonded atom clash:   150  718   2.041
  serious non-bonded atom clash:  1099 1513   2.037
  serious non-bonded atom clash:  1824 2325   2.044
  serious non-bonded atom clash:  2676 3155   2.038

DISTANCE1:  0.00 2.10 2.20 2.30 2.40 2.50 2.60 2.70 2.80 2.90 3.00 3.10 3.20 3.30 3.40
DISTANCE2:  2.10 2.20 2.30 2.40 2.50 2.60 2.70 2.80 2.90 3.00 3.10 3.20 3.30 3.40 3.50
FREQUENCY:     4    0    0    0    0    9   31   89  172  215  229  312  360  424  531


<< end of ENERGY.
openf___224_> Open           7dun_fill.BL00020001.pdb
wrpdb___568_> Residues, atoms, selected atoms:      435     3294     3294

>> Summary of successfully produced models:
Filename                          molpdf
----------------------------------------
7dun_fill.B99990001.pdb       2221.51416


>> Summary of successfully produced loop models:
Filename                          molpdf
----------------------------------------
7dun_fill.BL00010001.pdb        29.28424
7dun_fill.BL00020001.pdb        27.44117


Dynamically allocated memory at          finish [B,KiB,MiB]:      9017511    8806.163     8.600
Starting time                                            : 2021/05/18 16:57:01
Closing time                                             : 2021/05/18 16:57:18
Total CPU time [seconds]                                 :      17.17
