
                         MODELLER 10.1, 2021/03/12, r12156

     PROTEIN STRUCTURE MODELLING BY SATISFACTION OF SPATIAL RESTRAINTS


                     Copyright(c) 1989-2021 Andrej Sali
                            All Rights Reserved

                             Written by A. Sali
                               with help from
              B. Webb, M.S. Madhusudhan, M-Y. Shen, G.Q. Dong,
          M.A. Marti-Renom, N. Eswar, F. Alber, M. Topf, B. Oliva,
             A. Fiser, R. Sanchez, B. Yerkovich, A. Badretdinov,
                     F. Melo, J.P. Overington, E. Feyfant
                 University of California, San Francisco, USA
                    Rockefeller University, New York, USA
                      Harvard University, Cambridge, USA
                   Imperial Cancer Research Fund, London, UK
              Birkbeck College, University of London, London, UK


Kind, OS, HostName, Kernel, Processor: 4, Darwin Emilys-MacBook-Pro-5.local 19.6.0 x86_64
Date and time of compilation         : 2021/03/11 16:15:42
MODELLER executable type             : mac10v4-intel64
Job starting time (YY/MM/DD HH:MM:SS): 2022/03/03 15:58:27

openf___224_> Open           $(LIB)/restyp.lib
openf___224_> Open           ${MODINSTALL10v1}/modlib/resgrp.lib
rdresgr_266_> Number of residue groups:        2
openf___224_> Open           ${MODINSTALL10v1}/modlib/sstruc.lib

Dynamically allocated memory at   amaxlibraries [B,KiB,MiB]:       191566     187.076     0.183

Dynamically allocated memory at   amaxlibraries [B,KiB,MiB]:       192094     187.592     0.183
openf___224_> Open           ${MODINSTALL10v1}/modlib/resdih.lib

Dynamically allocated memory at   amaxlibraries [B,KiB,MiB]:       240694     235.053     0.230
rdrdih__263_> Number of dihedral angle types         :        9
              Maximal number of dihedral angle optima:        3
              Dihedral angle names                   :  Alph Phi Psi Omeg chi1 chi2 chi3 chi4 chi5
openf___224_> Open           ${MODINSTALL10v1}/modlib/radii.lib

Dynamically allocated memory at   amaxlibraries [B,KiB,MiB]:       253994     248.041     0.242
openf___224_> Open           ${MODINSTALL10v1}/modlib/af_mnchdef.lib
rdwilmo_274_> Mainchain residue conformation classes:  APBLE
openf___224_> Open           ${MODINSTALL10v1}/modlib/mnch.lib
rdclass_257_> Number of classes:        5
openf___224_> Open           ${MODINSTALL10v1}/modlib/mnch1.lib
openf___224_> Open           ${MODINSTALL10v1}/modlib/mnch2.lib
openf___224_> Open           ${MODINSTALL10v1}/modlib/mnch3.lib
openf___224_> Open           ${MODINSTALL10v1}/modlib/xs4.mat
rdrrwgh_268_> Number of residue types:       21
openf___224_> Open           align-multiple.ali

Dynamically allocated memory at   amaxalignment [B,KiB,MiB]:       283002     276.369     0.270

Dynamically allocated memory at   amaxalignment [B,KiB,MiB]:       298535     291.538     0.285

Dynamically allocated memory at   amaxalignment [B,KiB,MiB]:       314385     307.017     0.300

Dynamically allocated memory at   amaxalignment [B,KiB,MiB]:       346085     337.974     0.330

Dynamically allocated memory at   amaxalignment [B,KiB,MiB]:       409485     399.888     0.391

Dynamically allocated memory at   amaxalignment [B,KiB,MiB]:       536285     523.716     0.511

Dynamically allocated memory at    amaxsequence [B,KiB,MiB]:       536313     523.743     0.511

Dynamically allocated memory at    amaxsequence [B,KiB,MiB]:       537197     524.606     0.512

Dynamically allocated memory at    amaxsequence [B,KiB,MiB]:       538021     525.411     0.513

Dynamically allocated memory at    amaxsequence [B,KiB,MiB]:       539773     527.122     0.515

Read the alignment from file       : align-multiple.ali

Total number of alignment positions:   439

  #  Code        #_Res #_Segm PDB_code    Name
-------------------------------------------------------------------------------
  1     1s78_D     222      1  1s78_D.pdb Pertuzumab
  2     4llw_B     207      1  4llw_B.pdb Pertuzumab
  3    4llu_AB     439      2 4llu_AB.pdb Pertuzumab
check_a_343_> >> BEGINNING OF COMMAND
openf___224_> Open           1s78_D.pdb

Dynamically allocated memory at amaxcoordinates [B,KiB,MiB]:       608098     593.846     0.580

Dynamically allocated memory at    amaxsequence [B,KiB,MiB]:       608098     593.846     0.580

Dynamically allocated memory at amaxcoordinates [B,KiB,MiB]:       608269     594.013     0.580

Dynamically allocated memory at amaxcoordinates [B,KiB,MiB]:       609119     594.843     0.581

Dynamically allocated memory at amaxcoordinates [B,KiB,MiB]:       610377     596.071     0.582

Dynamically allocated memory at amaxcoordinates [B,KiB,MiB]:       612281     597.931     0.584

Dynamically allocated memory at    amaxsequence [B,KiB,MiB]:       612281     597.931     0.584

Dynamically allocated memory at amaxcoordinates [B,KiB,MiB]:       612371     598.019     0.584

Dynamically allocated memory at amaxcoordinates [B,KiB,MiB]:       615227     600.808     0.587

Dynamically allocated memory at    amaxsequence [B,KiB,MiB]:       615227     600.808     0.587

Dynamically allocated memory at amaxcoordinates [B,KiB,MiB]:       615362     600.939     0.587

Dynamically allocated memory at amaxcoordinates [B,KiB,MiB]:       619646     605.123     0.591

Dynamically allocated memory at    amaxsequence [B,KiB,MiB]:       619646     605.123     0.591

Dynamically allocated memory at amaxcoordinates [B,KiB,MiB]:       619844     605.316     0.591

Dynamically allocated memory at amaxcoordinates [B,KiB,MiB]:       626270     611.592     0.597

Dynamically allocated memory at    amaxsequence [B,KiB,MiB]:       626270     611.592     0.597

Dynamically allocated memory at amaxcoordinates [B,KiB,MiB]:       626567     611.882     0.598

Dynamically allocated memory at amaxcoordinates [B,KiB,MiB]:       636189     621.278     0.607

Dynamically allocated memory at    amaxsequence [B,KiB,MiB]:       636189     621.278     0.607

Dynamically allocated memory at amaxcoordinates [B,KiB,MiB]:       636639     621.718     0.607

Dynamically allocated memory at amaxcoordinates [B,KiB,MiB]:       651089     635.829     0.621

Dynamically allocated memory at    amaxsequence [B,KiB,MiB]:       651089     635.829     0.621

Dynamically allocated memory at amaxcoordinates [B,KiB,MiB]:       651764     636.488     0.622

Dynamically allocated memory at amaxcoordinates [B,KiB,MiB]:       673422     657.639     0.642

Dynamically allocated memory at   amaxstructure [B,KiB,MiB]:       673395     657.612     0.642
openf___224_> Open           4llw_B.pdb

Dynamically allocated memory at amaxcoordinates [B,KiB,MiB]:       737220     719.941     0.703

Dynamically allocated memory at    amaxsequence [B,KiB,MiB]:       737220     719.941     0.703

Dynamically allocated memory at amaxcoordinates [B,KiB,MiB]:       737391     720.108     0.703

Dynamically allocated memory at amaxcoordinates [B,KiB,MiB]:       738241     720.938     0.704

Dynamically allocated memory at amaxcoordinates [B,KiB,MiB]:       739499     722.167     0.705

Dynamically allocated memory at amaxcoordinates [B,KiB,MiB]:       741403     724.026     0.707

Dynamically allocated memory at    amaxsequence [B,KiB,MiB]:       741403     724.026     0.707

Dynamically allocated memory at amaxcoordinates [B,KiB,MiB]:       741493     724.114     0.707

Dynamically allocated memory at amaxcoordinates [B,KiB,MiB]:       744349     726.903     0.710

Dynamically allocated memory at    amaxsequence [B,KiB,MiB]:       744349     726.903     0.710

Dynamically allocated memory at amaxcoordinates [B,KiB,MiB]:       744484     727.035     0.710

Dynamically allocated memory at amaxcoordinates [B,KiB,MiB]:       748768     731.219     0.714

Dynamically allocated memory at    amaxsequence [B,KiB,MiB]:       748768     731.219     0.714

Dynamically allocated memory at amaxcoordinates [B,KiB,MiB]:       748966     731.412     0.714

Dynamically allocated memory at amaxcoordinates [B,KiB,MiB]:       755392     737.688     0.720

Dynamically allocated memory at    amaxsequence [B,KiB,MiB]:       755392     737.688     0.720

Dynamically allocated memory at amaxcoordinates [B,KiB,MiB]:       755689     737.978     0.721

Dynamically allocated memory at amaxcoordinates [B,KiB,MiB]:       765311     747.374     0.730

Dynamically allocated memory at    amaxsequence [B,KiB,MiB]:       765311     747.374     0.730

Dynamically allocated memory at amaxcoordinates [B,KiB,MiB]:       765761     747.813     0.730

Dynamically allocated memory at amaxcoordinates [B,KiB,MiB]:       780211     761.925     0.744

Dynamically allocated memory at    amaxsequence [B,KiB,MiB]:       780211     761.925     0.744

Dynamically allocated memory at amaxcoordinates [B,KiB,MiB]:       780886     762.584     0.745

Dynamically allocated memory at amaxcoordinates [B,KiB,MiB]:       802544     783.734     0.765

Dynamically allocated memory at   amaxstructure [B,KiB,MiB]:       802382     783.576     0.765

check_ali___> Checking pairwise structural superpositions. 

Equivalent CA pairs with distance difference larger than  6.0 angstroms:

ALN_POS TMPL1 TMPL2  RID1  RID2  NAM1  NAM2     DIST
----------------------------------------------------
drmsq1__W> n<2
drmsq3__W> n<2
END OF TABLE

check_ali___> Checking the sequence-structure alignment. 

Implied intrachain target CA(i)-CA(i+1) distances longer than  8.0 angstroms:

ALN_POS  TMPL  RID1  RID2  NAM1  NAM2     DIST
----------------------------------------------
END OF TABLE
check_a_344_> << END OF COMMAND
openf___224_> Open           ${LIB}/top_heav.lib
read_to_681_> topology.submodel read from topology file:        3
openf___224_> Open           ${LIB}/par.lib

Dynamically allocated memory at  amaxparameters [B,KiB,MiB]:       941634     919.564     0.898

Dynamically allocated memory at  amaxparameters [B,KiB,MiB]:       943234     921.127     0.900

Dynamically allocated memory at  amaxparameters [B,KiB,MiB]:       947214     925.014     0.903

Dynamically allocated memory at  amaxparameters [B,KiB,MiB]:       949214     926.967     0.905

Dynamically allocated memory at  amaxparameters [B,KiB,MiB]:       952214     929.896     0.908

Dynamically allocated memory at  amaxparameters [B,KiB,MiB]:       956714     934.291     0.912

Dynamically allocated memory at  amaxparameters [B,KiB,MiB]:       962286     939.732     0.918

Dynamically allocated memory at  amaxparameters [B,KiB,MiB]:       965086     942.467     0.920

Dynamically allocated memory at  amaxparameters [B,KiB,MiB]:       969286     946.568     0.924

Dynamically allocated memory at  amaxparameters [B,KiB,MiB]:       975586     952.721     0.930

Dynamically allocated memory at  amaxparameters [B,KiB,MiB]:       978358     955.428     0.933

Dynamically allocated memory at  amaxparameters [B,KiB,MiB]:       979758     956.795     0.934
read_pa_232_> parameters    BONDS   ANGLS  DIHEDS IMPROPS    MODE
                              227     561     661     112       0

Dynamically allocated memory at       amaxmodel [B,KiB,MiB]:      1015240     991.445     0.968

Dynamically allocated memory at       amaxmodel [B,KiB,MiB]:      1184290    1156.533     1.129

Dynamically allocated memory at       amaxmodel [B,KiB,MiB]:      1210194    1181.830     1.154

mkilst______> segment topology constructed from sequence and RTF:
              segments residues  atoms  bonds angles dihedrals impropers:
                     1      227   1706   1748      0         0       745

Dynamically allocated memory at       amaxmodel [B,KiB,MiB]:      1284210    1254.111     1.225

patch_______> segment topology patched using RTF:  1 ;  GLU  ;  NTER
              segments residues  atoms  bonds angles dihedrals impropers:
                     1      227   1706   1748   2381      2842       745


Dynamically allocated memory at       amaxmodel [B,KiB,MiB]:      1360986    1329.088     1.298
patch_______> segment topology patched using RTF:  227 ;  THR  ;  CTER
              segments residues  atoms  bonds angles dihedrals impropers:
                     1      227   1707   1749   2383      2844       746

genseg______> segment topology constructed from sequence and RTF:
              segments residues  atoms  bonds angles dihedrals impropers:
                     1      227   1707   1749   2383      2844       746

Dynamically allocated memory at    amaxsequence [B,KiB,MiB]:      1361014    1329.115     1.298

Dynamically allocated memory at       amaxmodel [B,KiB,MiB]:      1394298    1361.619     1.330

Dynamically allocated memory at       amaxmodel [B,KiB,MiB]:      1552862    1516.467     1.481

Dynamically allocated memory at       amaxmodel [B,KiB,MiB]:      1577598    1540.623     1.505

mkilst______> segment topology constructed from sequence and RTF:
              segments residues  atoms  bonds angles dihedrals impropers:
                     2      439   3324   3408   2383      2844      1461

Dynamically allocated memory at       amaxmodel [B,KiB,MiB]:      1648370    1609.736     1.572

patch_______> segment topology patched using RTF:  228 ;  ASP  ;  NTER
              segments residues  atoms  bonds angles dihedrals impropers:
                     2      439   3324   3408   4646      5570      1461


Dynamically allocated memory at       amaxmodel [B,KiB,MiB]:      1730706    1690.143     1.651
patch_______> segment topology patched using RTF:  439 ;  CYS  ;  CTER
              segments residues  atoms  bonds angles dihedrals impropers:
                     2      439   3325   3409   4648      5572      1462

genseg______> segment topology constructed from sequence and RTF:
              segments residues  atoms  bonds angles dihedrals impropers:
                     2      439   3325   3409   4648      5572      1462

Dynamically allocated memory at       amaxmodel [B,KiB,MiB]:      1765126    1723.756     1.683
patch_______> segment topology patched using RTF:  22 96 ;  CYS  CYS  ;  DISU
              segments residues  atoms  bonds angles dihedrals impropers:
                     2      439   3325   3410   4650      5575      1462
patch_______> segment topology patched using RTF:  146 202 ;  CYS  CYS  ;  DISU
              segments residues  atoms  bonds angles dihedrals impropers:
                     2      439   3325   3411   4652      5578      1462

Dynamically allocated memory at       amaxmodel [B,KiB,MiB]:      1765374    1723.998     1.684
patch_______> segment topology patched using RTF:  250 315 ;  CYS  CYS  ;  DISU
              segments residues  atoms  bonds angles dihedrals impropers:
                     2      439   3325   3412   4654      5581      1462
patch_______> segment topology patched using RTF:  362 421 ;  CYS  CYS  ;  DISU
              segments residues  atoms  bonds angles dihedrals impropers:
                     2      439   3325   3413   4656      5584      1462
patch_s_522_> Number of disulfides patched in MODEL:        4
transfe_506_> MODEL is an average of all templates.
transfe_511_> Number of templates for coordinate transfer:        2
              After transferring coordinates of the equivalent template atoms,
              there are defined, undefined atoms in MODEL:     3220      105
openf___224_> Open           4llu_AB.ini
wrpdb___568_> Residues, atoms, selected atoms:      439     3325     3325
make_re_417_> Restraint type to be calculated:  stereo

Dynamically allocated memory at  amaxrestraints [B,KiB,MiB]:      1872823    1828.929     1.786

Dynamically allocated memory at  amaxrestraints [B,KiB,MiB]:      1881015    1836.929     1.794

Dynamically allocated memory at  amaxrestraints [B,KiB,MiB]:      1897399    1852.929     1.810

Dynamically allocated memory at  amaxrestraints [B,KiB,MiB]:      1930167    1884.929     1.841

Dynamically allocated memory at  amaxrestraints [B,KiB,MiB]:      1962935    1916.929     1.872

Dynamically allocated memory at  amaxrestraints [B,KiB,MiB]:      2028471    1980.929     1.935

Dynamically allocated memory at  amaxrestraints [B,KiB,MiB]:      2061239    2012.929     1.966

Dynamically allocated memory at  amaxrestraints [B,KiB,MiB]:      2094007    2044.929     1.997

Dynamically allocated memory at  amaxrestraints [B,KiB,MiB]:      2159543    2108.929     2.060

Dynamically allocated memory at  amaxrestraints [B,KiB,MiB]:      2290615    2236.929     2.185

Dynamically allocated memory at  amaxrestraints [B,KiB,MiB]:      2356151    2300.929     2.247

Dynamically allocated memory at  amaxrestraints [B,KiB,MiB]:      2421687    2364.929     2.310

Dynamically allocated memory at  amaxrestraints [B,KiB,MiB]:      2552759    2492.929     2.435

Dynamically allocated memory at  amaxrestraints [B,KiB,MiB]:      2814903    2748.929     2.685

Dynamically allocated memory at  amaxrestraints [B,KiB,MiB]:      2945975    2876.929     2.810
r_stere_606_> Stereochemical restraints were constructed from RTF & PRMF.
              Added bond,angle,dihedral,improper restraints  :     3413    4656    5383    1434
              Total number of restraints before, now         :        0    14886
make_re_422_> Number of previous, current restraints         :        0    14886
make_re_423_> Number of previous, current selected restraints:        0    14886
make_re_417_> Restraint type to be calculated:  phi-psi_binormal

Dynamically allocated memory at   amaxstructure [B,KiB,MiB]:      3193711    3118.858     3.046
openf___224_> Open           ${MODINSTALL10v1}/modlib/mnch1.bin
openf___224_> Open           ${MODINSTALL10v1}/modlib/mnch1.mdt
errdih__638_> Missing atoms in a dihedral, residue index, residue type:        5        1  ASP
errdih__638_> Missing atoms in a dihedral, residue index, residue type:        5      111  LYS
errdih__638_> Missing atoms in a dihedral, residue index, residue type:        5      130  LYS
errdih__638_> Missing atoms in a dihedral, residue index, residue type:        5      167  LYS
errdih__638_> Missing atoms in a dihedral, residue index, residue type:        5      184  LYS
errdih__638_> Missing atoms in a dihedral, residue index, residue type:        6        1  ASP
errdih__638_> Missing atoms in a dihedral, residue index, residue type:        6      111  LYS
errdih__638_> Missing atoms in a dihedral, residue index, residue type:        6      130  LYS
errdih__638_> Missing atoms in a dihedral, residue index, residue type:        6      167  LYS
errdih__638_> Missing atoms in a dihedral, residue index, residue type:        6      181  GLU
errdih__638_> Missing atoms in a dihedral, residue index, residue type:        6      184  LYS
errdih__638_> Missing atoms in a dihedral, residue index, residue type:        7      111  LYS
errdih__638_> Missing atoms in a dihedral, residue index, residue type:        7      130  LYS
errdih__638_> Missing atoms in a dihedral, residue index, residue type:        7      167  LYS
errdih__638_> Missing atoms in a dihedral, residue index, residue type:        7      181  GLU
errdih__638_> Missing atoms in a dihedral, residue index, residue type:        7      184  LYS
errdih__638_> Missing atoms in a dihedral, residue index, residue type:        8      111  LYS
errdih__638_> Missing atoms in a dihedral, residue index, residue type:        8      130  LYS
errdih__638_> Missing atoms in a dihedral, residue index, residue type:        8      167  LYS
errdih__638_> Missing atoms in a dihedral, residue index, residue type:        8      184  LYS
getdata_643_> Protein accepted:  1s78_D
getdata_643_> Protein accepted:  4llw_B
getdata_289_> Proteins (all/accepted):        2        2

Dynamically allocated memory at  amaxrestraints [B,KiB,MiB]:      3324819    3246.894     3.171
make_re_422_> Number of previous, current restraints         :    14886    15321
make_re_423_> Number of previous, current selected restraints:    14886    15321
make_re_417_> Restraint type to be calculated:  omega_dihedral

Dynamically allocated memory at   amaxstructure [B,KiB,MiB]:      3324819    3246.894     3.171
openf___224_> Open           ${MODINSTALL10v1}/modlib/omega.bin
openf___224_> Open           ${MODINSTALL10v1}/modlib/omega.mdt
getdata_643_> Protein accepted:  1s78_D
getdata_643_> Protein accepted:  4llw_B
getdata_289_> Proteins (all/accepted):        2        2
omgdel__425_> Unselected all O C +N +CA dihedrals:      465
              (This is to avoid clashes between STEREO
              and OMEGA_DIHEDRAL restraints)
make_re_422_> Number of previous, current restraints         :    15321    15758
make_re_423_> Number of previous, current selected restraints:    15321    15293
make_re_417_> Restraint type to be calculated:  chi1_dihedral

Dynamically allocated memory at   amaxstructure [B,KiB,MiB]:      3324819    3246.894     3.171
openf___224_> Open           ${MODINSTALL10v1}/modlib/chi1234.bin
openf___224_> Open           ${MODINSTALL10v1}/modlib/chi1.mdt
getdata_643_> Protein accepted:  1s78_D
getdata_643_> Protein accepted:  4llw_B
getdata_289_> Proteins (all/accepted):        2        2
make_re_422_> Number of previous, current restraints         :    15758    16132
make_re_423_> Number of previous, current selected restraints:    15293    15667
make_re_417_> Restraint type to be calculated:  chi2_dihedral

Dynamically allocated memory at   amaxstructure [B,KiB,MiB]:      3324819    3246.894     3.171
openf___224_> Open           ${MODINSTALL10v1}/modlib/chi1234.bin
openf___224_> Open           ${MODINSTALL10v1}/modlib/chi2.mdt
getdata_643_> Protein accepted:  1s78_D
getdata_643_> Protein accepted:  4llw_B
getdata_289_> Proteins (all/accepted):        2        2
make_re_422_> Number of previous, current restraints         :    16132    16357
make_re_423_> Number of previous, current selected restraints:    15667    15892
make_re_417_> Restraint type to be calculated:  chi3_dihedral

Dynamically allocated memory at   amaxstructure [B,KiB,MiB]:      3324819    3246.894     3.171
openf___224_> Open           ${MODINSTALL10v1}/modlib/chi1234.bin
openf___224_> Open           ${MODINSTALL10v1}/modlib/chi3.mdt
getdata_643_> Protein accepted:  1s78_D
getdata_643_> Protein accepted:  4llw_B
getdata_289_> Proteins (all/accepted):        2        2

Dynamically allocated memory at  amaxrestraints [B,KiB,MiB]:      3586963    3502.894     3.421

Dynamically allocated memory at  amaxrestraints [B,KiB,MiB]:      3849107    3758.894     3.671
make_re_422_> Number of previous, current restraints         :    16357    16462
make_re_423_> Number of previous, current selected restraints:    15892    15997
make_re_417_> Restraint type to be calculated:  chi4_dihedral

Dynamically allocated memory at   amaxstructure [B,KiB,MiB]:      3849107    3758.894     3.671
openf___224_> Open           ${MODINSTALL10v1}/modlib/chi1234.bin
openf___224_> Open           ${MODINSTALL10v1}/modlib/chi4.mdt
mdtrsr__446W> A potential that relies on one protein is used, yet you have at
              least one known structure available. MDT, not library, potential is used.
getdata_643_> Protein accepted:  1s78_D
getdata_643_> Protein accepted:  4llw_B
getdata_289_> Proteins (all/accepted):        2        2
make_re_422_> Number of previous, current restraints         :    16462    16499
make_re_423_> Number of previous, current selected restraints:    15997    16034
make_re_417_> Restraint type to be calculated:  DISTANCE

Dynamically allocated memory at amaxhash_contac [B,KiB,MiB]:      4806671    4694.015     4.584

Dynamically allocated memory at  amaxrestraints [B,KiB,MiB]:      5330959    5206.015     5.084

Dynamically allocated memory at  amaxrestraints [B,KiB,MiB]:      5593103    5462.015     5.334
make_re_422_> Number of previous, current restraints         :    16499    24305
make_re_423_> Number of previous, current selected restraints:    16034    23840
make_re_417_> Restraint type to be calculated:  DISTANCE
make_re_422_> Number of previous, current restraints         :    24305    32652
make_re_423_> Number of previous, current selected restraints:    23840    32187
make_re_417_> Restraint type to be calculated:  DISTANCE

Dynamically allocated memory at  amaxrestraints [B,KiB,MiB]:      6117391    5974.015     5.834

Dynamically allocated memory at  amaxrestraints [B,KiB,MiB]:      7165967    6998.015     6.834
make_re_422_> Number of previous, current restraints         :    32652    39762
make_re_423_> Number of previous, current selected restraints:    32187    39297
make_re_417_> Restraint type to be calculated:  DISTANCE
make_re_422_> Number of previous, current restraints         :    39762    43413
make_re_423_> Number of previous, current selected restraints:    39297    42948
0 atoms in HETATM/BLK residues constrained
to protein atoms within 2.30 angstroms
and protein CA atoms within 10.00 angstroms
make_re_417_> Restraint type to be calculated:  DISTANCE
make_re_422_> Number of previous, current restraints         :    43413    43413
make_re_423_> Number of previous, current selected restraints:    42948    42948
make_re_417_> Restraint type to be calculated:  DISTANCE
make_re_422_> Number of previous, current restraints         :    43413    43413
make_re_423_> Number of previous, current selected restraints:    42948    42948
make_re_417_> Restraint type to be calculated:  DISTANCE
make_re_422_> Number of previous, current restraints         :    43413    43413
make_re_423_> Number of previous, current selected restraints:    42948    42948
make_re_417_> Restraint type to be calculated:  DISTANCE
make_re_422_> Number of previous, current restraints         :    43413    43413
make_re_423_> Number of previous, current selected restraints:    42948    42948
0 atoms in residues without defined topology
constrained to be rigid bodies
make_re_417_> Restraint type to be calculated:  DISTANCE
make_re_422_> Number of previous, current restraints         :    43413    43413
make_re_423_> Number of previous, current selected restraints:    42948    42948
rmdupl__427_>     2630 redundant cosine dihedral restraints were unselected.
condens_443_> Restraints marked for deletion were removed.
              Total number of restraints before, now:    43413    40318
openf___224_> Open           4llu_AB.rsr
openf___224_> Open           4llu_AB.rsr

Dynamically allocated memory at  amaxrestraints [B,KiB,MiB]:      7426965    7252.896     7.083
rdcsr2__307_> Number of restraints read    :    40318
              Number of excluded pairs read:        0
              Number of pseudo atoms read  :        0
rdcsrs__304_> Restraints in memory, selected restraints:    40318    40318
              Explicitly excluded atom pairs in memory :        0
              Pseudo atoms in memory                   :        0
openf___224_> Open           4llu_AB.ini

Dynamically allocated memory at       amaxmodel [B,KiB,MiB]:      7426997    7252.927     7.083
read_mo_297_> Segments, residues, atoms:        2      439     3325
read_mo_298_> Segment:        1  1:A  227:A     1707
read_mo_298_> Segment:        2  228:B  439:B     1618
randomi_498_> Atoms,selected atoms,random_seed,amplitude:     3325     3325        1        4.0000
randomi_496_> Amplitude is > 0; randomization is done.
pick_re_612_> Number of MODEL atoms, selected restraints;     3325    22161
pick_re_612_> Number of MODEL atoms, selected restraints;     3325    24363
pick_re_612_> Number of MODEL atoms, selected restraints;     3325    25282
pick_re_612_> Number of MODEL atoms, selected restraints;     3325    26543
pick_re_612_> Number of MODEL atoms, selected restraints;     3325    29355
pick_re_612_> Number of MODEL atoms, selected restraints;     3325    31535
